[2021-03-15 17:30:47,476 INFO] Loading checkpoint from ../baseline_models/model_step_18000.pt
[2021-03-15 17:30:48,188 INFO] loading configuration file https://s3.amazonaws.com/models.huggingface.co/bert/bert-base-uncased-config.json from cache at ../temp/4dad0251492946e18ac39290fcfe91b89d370fee250efe9521476438fe8ca185.7156163d5fdc189c3016baca0775ffce230789d7fa2a42ef516483e4ca884517
[2021-03-15 17:30:48,189 INFO] Model config {
  "architectures": [
    "BertForMaskedLM"
  ],
  "attention_probs_dropout_prob": 0.1,
  "finetuning_task": null,
  "hidden_act": "gelu",
  "hidden_dropout_prob": 0.1,
  "hidden_size": 768,
  "initializer_range": 0.02,
  "intermediate_size": 3072,
  "layer_norm_eps": 1e-12,
  "max_position_embeddings": 512,
  "model_type": "bert",
  "num_attention_heads": 12,
  "num_hidden_layers": 12,
  "num_labels": 2,
  "output_attentions": false,
  "output_hidden_states": false,
  "pad_token_id": 0,
  "pruned_heads": {},
  "torchscript": false,
  "type_vocab_size": 2,
  "vocab_size": 30522
}

[2021-03-15 17:30:48,217 INFO] loading weights file https://s3.amazonaws.com/models.huggingface.co/bert/bert-base-uncased-pytorch_model.bin from cache at ../temp/aa1ef1aede4482d0dbcd4d52baad8ae300e60902e88fcb0bebdec09afd232066.36ca03ab34a1a5d5fa7bc3d03d55c4fa650fed07220e2eeebc06ce58d0e9a157
[2021-03-15 17:30:52,172 INFO] Loading valid dataset from ../trial_clean_aug4/clean_aug4_data2/valid.0.bert.pt, number of examples: 377
[2021-03-15 17:30:52,174 INFO] * number of parameters: 120512513
[2021-03-15 17:31:19,077 INFO] Validation xent: 2.54317 at step 18000
[2021-03-15 17:31:19,102 INFO] Loading checkpoint from ../baseline_models/model_step_18000.pt
[2021-03-15 17:31:19,803 INFO] loading configuration file https://s3.amazonaws.com/models.huggingface.co/bert/bert-base-uncased-config.json from cache at ../temp/4dad0251492946e18ac39290fcfe91b89d370fee250efe9521476438fe8ca185.7156163d5fdc189c3016baca0775ffce230789d7fa2a42ef516483e4ca884517
[2021-03-15 17:31:19,803 INFO] Model config {
  "architectures": [
    "BertForMaskedLM"
  ],
  "attention_probs_dropout_prob": 0.1,
  "finetuning_task": null,
  "hidden_act": "gelu",
  "hidden_dropout_prob": 0.1,
  "hidden_size": 768,
  "initializer_range": 0.02,
  "intermediate_size": 3072,
  "layer_norm_eps": 1e-12,
  "max_position_embeddings": 512,
  "model_type": "bert",
  "num_attention_heads": 12,
  "num_hidden_layers": 12,
  "num_labels": 2,
  "output_attentions": false,
  "output_hidden_states": false,
  "pad_token_id": 0,
  "pruned_heads": {},
  "torchscript": false,
  "type_vocab_size": 2,
  "vocab_size": 30522
}

[2021-03-15 17:31:19,837 INFO] loading weights file https://s3.amazonaws.com/models.huggingface.co/bert/bert-base-uncased-pytorch_model.bin from cache at ../temp/aa1ef1aede4482d0dbcd4d52baad8ae300e60902e88fcb0bebdec09afd232066.36ca03ab34a1a5d5fa7bc3d03d55c4fa650fed07220e2eeebc06ce58d0e9a157
[2021-03-15 17:31:22,410 INFO] Loading test dataset from ../trial_clean_aug4/clean_aug4_data2/test.0.bert.pt, number of examples: 412
[2021-03-15 17:31:22,413 INFO] * number of parameters: 120512513
[2021-03-15 17:31:55,504 INFO] Writing summaries.
[2021-03-15 17:31:55,504 INFO] Processing summaries. Saving system files to ../temp/tmpg922b1g7/system and model files to ../temp/tmpg922b1g7/model.
[2021-03-15 17:31:55,504 INFO] Processing files in ../temp/rouge-tmp-2021-03-15-17-31-55/candidate/.
[2021-03-15 17:31:55,511 INFO] Saved processed files to ../temp/tmpg922b1g7/system.
[2021-03-15 17:31:55,511 INFO] Processing files in ../temp/rouge-tmp-2021-03-15-17-31-55/reference/.
[2021-03-15 17:31:55,517 INFO] Saved processed files to ../temp/tmpg922b1g7/model.
[2021-03-15 17:31:55,518 INFO] Written ROUGE configuration to ../temp/tmp1aay91jb/rouge_conf.xml
[2021-03-15 17:31:55,518 INFO] Running ROUGE with command /home/legalese/pyrouge/rouge/tools/ROUGE-1.5.5/ROUGE-1.5.5.pl -e /home/legalese/pyrouge/rouge/tools/ROUGE-1.5.5/data -c 95 -m -r 1000 -n 2 -a ../temp/tmp1aay91jb/rouge_conf.xml
[2021-03-15 17:31:56,209 INFO] Rouges at step 18000 
>> ROUGE-F(1/2/3/l): 35.72/22.83/32.72
ROUGE-R(1/2/3/l): 51.18/32.60/46.27

[2021-03-15 17:31:56,209 INFO] Validation xent: 2.29915 at step 18000
