[2021-03-15 17:21:42,522 INFO] Loading checkpoint from ../trial_clean5/clean5_models/model_step_19200.pt
[2021-03-15 17:22:30,560 INFO] loading configuration file https://s3.amazonaws.com/models.huggingface.co/bert/bert-base-uncased-config.json from cache at ../temp/4dad0251492946e18ac39290fcfe91b89d370fee250efe9521476438fe8ca185.7156163d5fdc189c3016baca0775ffce230789d7fa2a42ef516483e4ca884517
[2021-03-15 17:22:30,561 INFO] Model config {
  "architectures": [
    "BertForMaskedLM"
  ],
  "attention_probs_dropout_prob": 0.1,
  "finetuning_task": null,
  "hidden_act": "gelu",
  "hidden_dropout_prob": 0.1,
  "hidden_size": 768,
  "initializer_range": 0.02,
  "intermediate_size": 3072,
  "layer_norm_eps": 1e-12,
  "max_position_embeddings": 512,
  "model_type": "bert",
  "num_attention_heads": 12,
  "num_hidden_layers": 12,
  "num_labels": 2,
  "output_attentions": false,
  "output_hidden_states": false,
  "pad_token_id": 0,
  "pruned_heads": {},
  "torchscript": false,
  "type_vocab_size": 2,
  "vocab_size": 30522
}

[2021-03-15 17:22:30,600 INFO] loading weights file https://s3.amazonaws.com/models.huggingface.co/bert/bert-base-uncased-pytorch_model.bin from cache at ../temp/aa1ef1aede4482d0dbcd4d52baad8ae300e60902e88fcb0bebdec09afd232066.36ca03ab34a1a5d5fa7bc3d03d55c4fa650fed07220e2eeebc06ce58d0e9a157
[2021-03-15 17:22:34,675 INFO] Loading valid dataset from ../trial_clean5/clean5_data2/valid.0.bert.pt, number of examples: 372
[2021-03-15 17:22:34,678 INFO] * number of parameters: 120512513
[2021-03-15 17:23:13,792 INFO] Loading checkpoint from ../baseline_models/model_step_18000.pt
[2021-03-15 17:23:59,293 INFO] loading configuration file https://s3.amazonaws.com/models.huggingface.co/bert/bert-base-uncased-config.json from cache at ../temp/4dad0251492946e18ac39290fcfe91b89d370fee250efe9521476438fe8ca185.7156163d5fdc189c3016baca0775ffce230789d7fa2a42ef516483e4ca884517
[2021-03-15 17:23:59,294 INFO] Model config {
  "architectures": [
    "BertForMaskedLM"
  ],
  "attention_probs_dropout_prob": 0.1,
  "finetuning_task": null,
  "hidden_act": "gelu",
  "hidden_dropout_prob": 0.1,
  "hidden_size": 768,
  "initializer_range": 0.02,
  "intermediate_size": 3072,
  "layer_norm_eps": 1e-12,
  "max_position_embeddings": 512,
  "model_type": "bert",
  "num_attention_heads": 12,
  "num_hidden_layers": 12,
  "num_labels": 2,
  "output_attentions": false,
  "output_hidden_states": false,
  "pad_token_id": 0,
  "pruned_heads": {},
  "torchscript": false,
  "type_vocab_size": 2,
  "vocab_size": 30522
}

[2021-03-15 17:23:59,326 INFO] loading weights file https://s3.amazonaws.com/models.huggingface.co/bert/bert-base-uncased-pytorch_model.bin from cache at ../temp/aa1ef1aede4482d0dbcd4d52baad8ae300e60902e88fcb0bebdec09afd232066.36ca03ab34a1a5d5fa7bc3d03d55c4fa650fed07220e2eeebc06ce58d0e9a157
[2021-03-15 17:24:03,238 INFO] Loading valid dataset from ../trial_clean5/clean5_data2/valid.0.bert.pt, number of examples: 372
[2021-03-15 17:24:03,240 INFO] * number of parameters: 120512513
[2021-03-15 17:24:29,686 INFO] Validation xent: 2.36754 at step 18000
[2021-03-15 17:24:29,711 INFO] Loading checkpoint from ../baseline_models/model_step_18000.pt
[2021-03-15 17:24:30,477 INFO] loading configuration file https://s3.amazonaws.com/models.huggingface.co/bert/bert-base-uncased-config.json from cache at ../temp/4dad0251492946e18ac39290fcfe91b89d370fee250efe9521476438fe8ca185.7156163d5fdc189c3016baca0775ffce230789d7fa2a42ef516483e4ca884517
[2021-03-15 17:24:30,477 INFO] Model config {
  "architectures": [
    "BertForMaskedLM"
  ],
  "attention_probs_dropout_prob": 0.1,
  "finetuning_task": null,
  "hidden_act": "gelu",
  "hidden_dropout_prob": 0.1,
  "hidden_size": 768,
  "initializer_range": 0.02,
  "intermediate_size": 3072,
  "layer_norm_eps": 1e-12,
  "max_position_embeddings": 512,
  "model_type": "bert",
  "num_attention_heads": 12,
  "num_hidden_layers": 12,
  "num_labels": 2,
  "output_attentions": false,
  "output_hidden_states": false,
  "pad_token_id": 0,
  "pruned_heads": {},
  "torchscript": false,
  "type_vocab_size": 2,
  "vocab_size": 30522
}

[2021-03-15 17:24:30,513 INFO] loading weights file https://s3.amazonaws.com/models.huggingface.co/bert/bert-base-uncased-pytorch_model.bin from cache at ../temp/aa1ef1aede4482d0dbcd4d52baad8ae300e60902e88fcb0bebdec09afd232066.36ca03ab34a1a5d5fa7bc3d03d55c4fa650fed07220e2eeebc06ce58d0e9a157
[2021-03-15 17:24:33,196 INFO] Loading test dataset from ../trial_clean5/clean5_data2/test.0.bert.pt, number of examples: 412
[2021-03-15 17:24:33,198 INFO] * number of parameters: 120512513
[2021-03-15 17:25:06,601 INFO] Writing summaries.
[2021-03-15 17:25:06,601 INFO] Processing summaries. Saving system files to ../temp/tmpbfrqtch8/system and model files to ../temp/tmpbfrqtch8/model.
[2021-03-15 17:25:06,601 INFO] Processing files in ../temp/rouge-tmp-2021-03-15-17-25-06/candidate/.
[2021-03-15 17:25:06,607 INFO] Saved processed files to ../temp/tmpbfrqtch8/system.
[2021-03-15 17:25:06,608 INFO] Processing files in ../temp/rouge-tmp-2021-03-15-17-25-06/reference/.
[2021-03-15 17:25:06,613 INFO] Saved processed files to ../temp/tmpbfrqtch8/model.
[2021-03-15 17:25:06,614 INFO] Written ROUGE configuration to ../temp/tmp2plsp4yh/rouge_conf.xml
[2021-03-15 17:25:06,614 INFO] Running ROUGE with command /home/legalese/pyrouge/rouge/tools/ROUGE-1.5.5/ROUGE-1.5.5.pl -e /home/legalese/pyrouge/rouge/tools/ROUGE-1.5.5/data -c 95 -m -r 1000 -n 2 -a ../temp/tmp2plsp4yh/rouge_conf.xml
[2021-03-15 17:25:07,283 INFO] Rouges at step 18000 
>> ROUGE-F(1/2/3/l): 32.75/17.25/29.13
ROUGE-R(1/2/3/l): 43.80/23.60/39.28

[2021-03-15 17:25:07,283 INFO] Validation xent: 2.40397 at step 18000
