[2021-03-15 07:39:59,987 INFO] Device ID 0
[2021-03-15 07:39:59,987 INFO] Device cuda
[2021-03-15 07:40:00,027 INFO] Loading checkpoint from ../baseline_models/model_step_18000.pt
[2021-03-15 07:40:00,751 INFO] loading configuration file https://s3.amazonaws.com/models.huggingface.co/bert/bert-base-uncased-config.json from cache at ../temp/4dad0251492946e18ac39290fcfe91b89d370fee250efe9521476438fe8ca185.7156163d5fdc189c3016baca0775ffce230789d7fa2a42ef516483e4ca884517
[2021-03-15 07:40:00,752 INFO] Model config {
  "architectures": [
    "BertForMaskedLM"
  ],
  "attention_probs_dropout_prob": 0.1,
  "finetuning_task": null,
  "hidden_act": "gelu",
  "hidden_dropout_prob": 0.1,
  "hidden_size": 768,
  "initializer_range": 0.02,
  "intermediate_size": 3072,
  "layer_norm_eps": 1e-12,
  "max_position_embeddings": 512,
  "model_type": "bert",
  "num_attention_heads": 12,
  "num_hidden_layers": 12,
  "num_labels": 2,
  "output_attentions": false,
  "output_hidden_states": false,
  "pad_token_id": 0,
  "pruned_heads": {},
  "torchscript": false,
  "type_vocab_size": 2,
  "vocab_size": 30522
}

[2021-03-15 07:40:00,786 INFO] loading weights file https://s3.amazonaws.com/models.huggingface.co/bert/bert-base-uncased-pytorch_model.bin from cache at ../temp/aa1ef1aede4482d0dbcd4d52baad8ae300e60902e88fcb0bebdec09afd232066.36ca03ab34a1a5d5fa7bc3d03d55c4fa650fed07220e2eeebc06ce58d0e9a157
[2021-03-15 07:40:05,334 INFO] ExtSummarizer(
  (bert): Bert(
    (model): BertModel(
      (embeddings): BertEmbeddings(
        (word_embeddings): Embedding(30522, 768, padding_idx=0)
        (position_embeddings): Embedding(512, 768)
        (token_type_embeddings): Embedding(2, 768)
        (LayerNorm): LayerNorm(torch.Size([768]), eps=1e-12, elementwise_affine=True)
        (dropout): Dropout(p=0.1)
      )
      (encoder): BertEncoder(
        (layer): ModuleList(
          (0): BertLayer(
            (attention): BertAttention(
              (self): BertSelfAttention(
                (query): Linear(in_features=768, out_features=768, bias=True)
                (key): Linear(in_features=768, out_features=768, bias=True)
                (value): Linear(in_features=768, out_features=768, bias=True)
                (dropout): Dropout(p=0.1)
              )
              (output): BertSelfOutput(
                (dense): Linear(in_features=768, out_features=768, bias=True)
                (LayerNorm): LayerNorm(torch.Size([768]), eps=1e-12, elementwise_affine=True)
                (dropout): Dropout(p=0.1)
              )
            )
            (intermediate): BertIntermediate(
              (dense): Linear(in_features=768, out_features=3072, bias=True)
            )
            (output): BertOutput(
              (dense): Linear(in_features=3072, out_features=768, bias=True)
              (LayerNorm): LayerNorm(torch.Size([768]), eps=1e-12, elementwise_affine=True)
              (dropout): Dropout(p=0.1)
            )
          )
          (1): BertLayer(
            (attention): BertAttention(
              (self): BertSelfAttention(
                (query): Linear(in_features=768, out_features=768, bias=True)
                (key): Linear(in_features=768, out_features=768, bias=True)
                (value): Linear(in_features=768, out_features=768, bias=True)
                (dropout): Dropout(p=0.1)
              )
              (output): BertSelfOutput(
                (dense): Linear(in_features=768, out_features=768, bias=True)
                (LayerNorm): LayerNorm(torch.Size([768]), eps=1e-12, elementwise_affine=True)
                (dropout): Dropout(p=0.1)
              )
            )
            (intermediate): BertIntermediate(
              (dense): Linear(in_features=768, out_features=3072, bias=True)
            )
            (output): BertOutput(
              (dense): Linear(in_features=3072, out_features=768, bias=True)
              (LayerNorm): LayerNorm(torch.Size([768]), eps=1e-12, elementwise_affine=True)
              (dropout): Dropout(p=0.1)
            )
          )
          (2): BertLayer(
            (attention): BertAttention(
              (self): BertSelfAttention(
                (query): Linear(in_features=768, out_features=768, bias=True)
                (key): Linear(in_features=768, out_features=768, bias=True)
                (value): Linear(in_features=768, out_features=768, bias=True)
                (dropout): Dropout(p=0.1)
              )
              (output): BertSelfOutput(
                (dense): Linear(in_features=768, out_features=768, bias=True)
                (LayerNorm): LayerNorm(torch.Size([768]), eps=1e-12, elementwise_affine=True)
                (dropout): Dropout(p=0.1)
              )
            )
            (intermediate): BertIntermediate(
              (dense): Linear(in_features=768, out_features=3072, bias=True)
            )
            (output): BertOutput(
              (dense): Linear(in_features=3072, out_features=768, bias=True)
              (LayerNorm): LayerNorm(torch.Size([768]), eps=1e-12, elementwise_affine=True)
              (dropout): Dropout(p=0.1)
            )
          )
          (3): BertLayer(
            (attention): BertAttention(
              (self): BertSelfAttention(
                (query): Linear(in_features=768, out_features=768, bias=True)
                (key): Linear(in_features=768, out_features=768, bias=True)
                (value): Linear(in_features=768, out_features=768, bias=True)
                (dropout): Dropout(p=0.1)
              )
              (output): BertSelfOutput(
                (dense): Linear(in_features=768, out_features=768, bias=True)
                (LayerNorm): LayerNorm(torch.Size([768]), eps=1e-12, elementwise_affine=True)
                (dropout): Dropout(p=0.1)
              )
            )
            (intermediate): BertIntermediate(
              (dense): Linear(in_features=768, out_features=3072, bias=True)
            )
            (output): BertOutput(
              (dense): Linear(in_features=3072, out_features=768, bias=True)
              (LayerNorm): LayerNorm(torch.Size([768]), eps=1e-12, elementwise_affine=True)
              (dropout): Dropout(p=0.1)
            )
          )
          (4): BertLayer(
            (attention): BertAttention(
              (self): BertSelfAttention(
                (query): Linear(in_features=768, out_features=768, bias=True)
                (key): Linear(in_features=768, out_features=768, bias=True)
                (value): Linear(in_features=768, out_features=768, bias=True)
                (dropout): Dropout(p=0.1)
              )
              (output): BertSelfOutput(
                (dense): Linear(in_features=768, out_features=768, bias=True)
                (LayerNorm): LayerNorm(torch.Size([768]), eps=1e-12, elementwise_affine=True)
                (dropout): Dropout(p=0.1)
              )
            )
            (intermediate): BertIntermediate(
              (dense): Linear(in_features=768, out_features=3072, bias=True)
            )
            (output): BertOutput(
              (dense): Linear(in_features=3072, out_features=768, bias=True)
              (LayerNorm): LayerNorm(torch.Size([768]), eps=1e-12, elementwise_affine=True)
              (dropout): Dropout(p=0.1)
            )
          )
          (5): BertLayer(
            (attention): BertAttention(
              (self): BertSelfAttention(
                (query): Linear(in_features=768, out_features=768, bias=True)
                (key): Linear(in_features=768, out_features=768, bias=True)
                (value): Linear(in_features=768, out_features=768, bias=True)
                (dropout): Dropout(p=0.1)
              )
              (output): BertSelfOutput(
                (dense): Linear(in_features=768, out_features=768, bias=True)
                (LayerNorm): LayerNorm(torch.Size([768]), eps=1e-12, elementwise_affine=True)
                (dropout): Dropout(p=0.1)
              )
            )
            (intermediate): BertIntermediate(
              (dense): Linear(in_features=768, out_features=3072, bias=True)
            )
            (output): BertOutput(
              (dense): Linear(in_features=3072, out_features=768, bias=True)
              (LayerNorm): LayerNorm(torch.Size([768]), eps=1e-12, elementwise_affine=True)
              (dropout): Dropout(p=0.1)
            )
          )
          (6): BertLayer(
            (attention): BertAttention(
              (self): BertSelfAttention(
                (query): Linear(in_features=768, out_features=768, bias=True)
                (key): Linear(in_features=768, out_features=768, bias=True)
                (value): Linear(in_features=768, out_features=768, bias=True)
                (dropout): Dropout(p=0.1)
              )
              (output): BertSelfOutput(
                (dense): Linear(in_features=768, out_features=768, bias=True)
                (LayerNorm): LayerNorm(torch.Size([768]), eps=1e-12, elementwise_affine=True)
                (dropout): Dropout(p=0.1)
              )
            )
            (intermediate): BertIntermediate(
              (dense): Linear(in_features=768, out_features=3072, bias=True)
            )
            (output): BertOutput(
              (dense): Linear(in_features=3072, out_features=768, bias=True)
              (LayerNorm): LayerNorm(torch.Size([768]), eps=1e-12, elementwise_affine=True)
              (dropout): Dropout(p=0.1)
            )
          )
          (7): BertLayer(
            (attention): BertAttention(
              (self): BertSelfAttention(
                (query): Linear(in_features=768, out_features=768, bias=True)
                (key): Linear(in_features=768, out_features=768, bias=True)
                (value): Linear(in_features=768, out_features=768, bias=True)
                (dropout): Dropout(p=0.1)
              )
              (output): BertSelfOutput(
                (dense): Linear(in_features=768, out_features=768, bias=True)
                (LayerNorm): LayerNorm(torch.Size([768]), eps=1e-12, elementwise_affine=True)
                (dropout): Dropout(p=0.1)
              )
            )
            (intermediate): BertIntermediate(
              (dense): Linear(in_features=768, out_features=3072, bias=True)
            )
            (output): BertOutput(
              (dense): Linear(in_features=3072, out_features=768, bias=True)
              (LayerNorm): LayerNorm(torch.Size([768]), eps=1e-12, elementwise_affine=True)
              (dropout): Dropout(p=0.1)
            )
          )
          (8): BertLayer(
            (attention): BertAttention(
              (self): BertSelfAttention(
                (query): Linear(in_features=768, out_features=768, bias=True)
                (key): Linear(in_features=768, out_features=768, bias=True)
                (value): Linear(in_features=768, out_features=768, bias=True)
                (dropout): Dropout(p=0.1)
              )
              (output): BertSelfOutput(
                (dense): Linear(in_features=768, out_features=768, bias=True)
                (LayerNorm): LayerNorm(torch.Size([768]), eps=1e-12, elementwise_affine=True)
                (dropout): Dropout(p=0.1)
              )
            )
            (intermediate): BertIntermediate(
              (dense): Linear(in_features=768, out_features=3072, bias=True)
            )
            (output): BertOutput(
              (dense): Linear(in_features=3072, out_features=768, bias=True)
              (LayerNorm): LayerNorm(torch.Size([768]), eps=1e-12, elementwise_affine=True)
              (dropout): Dropout(p=0.1)
            )
          )
          (9): BertLayer(
            (attention): BertAttention(
              (self): BertSelfAttention(
                (query): Linear(in_features=768, out_features=768, bias=True)
                (key): Linear(in_features=768, out_features=768, bias=True)
                (value): Linear(in_features=768, out_features=768, bias=True)
                (dropout): Dropout(p=0.1)
              )
              (output): BertSelfOutput(
                (dense): Linear(in_features=768, out_features=768, bias=True)
                (LayerNorm): LayerNorm(torch.Size([768]), eps=1e-12, elementwise_affine=True)
                (dropout): Dropout(p=0.1)
              )
            )
            (intermediate): BertIntermediate(
              (dense): Linear(in_features=768, out_features=3072, bias=True)
            )
            (output): BertOutput(
              (dense): Linear(in_features=3072, out_features=768, bias=True)
              (LayerNorm): LayerNorm(torch.Size([768]), eps=1e-12, elementwise_affine=True)
              (dropout): Dropout(p=0.1)
            )
          )
          (10): BertLayer(
            (attention): BertAttention(
              (self): BertSelfAttention(
                (query): Linear(in_features=768, out_features=768, bias=True)
                (key): Linear(in_features=768, out_features=768, bias=True)
                (value): Linear(in_features=768, out_features=768, bias=True)
                (dropout): Dropout(p=0.1)
              )
              (output): BertSelfOutput(
                (dense): Linear(in_features=768, out_features=768, bias=True)
                (LayerNorm): LayerNorm(torch.Size([768]), eps=1e-12, elementwise_affine=True)
                (dropout): Dropout(p=0.1)
              )
            )
            (intermediate): BertIntermediate(
              (dense): Linear(in_features=768, out_features=3072, bias=True)
            )
            (output): BertOutput(
              (dense): Linear(in_features=3072, out_features=768, bias=True)
              (LayerNorm): LayerNorm(torch.Size([768]), eps=1e-12, elementwise_affine=True)
              (dropout): Dropout(p=0.1)
            )
          )
          (11): BertLayer(
            (attention): BertAttention(
              (self): BertSelfAttention(
                (query): Linear(in_features=768, out_features=768, bias=True)
                (key): Linear(in_features=768, out_features=768, bias=True)
                (value): Linear(in_features=768, out_features=768, bias=True)
                (dropout): Dropout(p=0.1)
              )
              (output): BertSelfOutput(
                (dense): Linear(in_features=768, out_features=768, bias=True)
                (LayerNorm): LayerNorm(torch.Size([768]), eps=1e-12, elementwise_affine=True)
                (dropout): Dropout(p=0.1)
              )
            )
            (intermediate): BertIntermediate(
              (dense): Linear(in_features=768, out_features=3072, bias=True)
            )
            (output): BertOutput(
              (dense): Linear(in_features=3072, out_features=768, bias=True)
              (LayerNorm): LayerNorm(torch.Size([768]), eps=1e-12, elementwise_affine=True)
              (dropout): Dropout(p=0.1)
            )
          )
        )
      )
      (pooler): BertPooler(
        (dense): Linear(in_features=768, out_features=768, bias=True)
        (activation): Tanh()
      )
    )
  )
  (ext_layer): ExtTransformerEncoder(
    (pos_emb): PositionalEncoding(
      (dropout): Dropout(p=0.1)
    )
    (transformer_inter): ModuleList(
      (0): TransformerEncoderLayer(
        (self_attn): MultiHeadedAttention(
          (linear_keys): Linear(in_features=768, out_features=768, bias=True)
          (linear_values): Linear(in_features=768, out_features=768, bias=True)
          (linear_query): Linear(in_features=768, out_features=768, bias=True)
          (softmax): Softmax()
          (dropout): Dropout(p=0.1)
          (final_linear): Linear(in_features=768, out_features=768, bias=True)
        )
        (feed_forward): PositionwiseFeedForward(
          (w_1): Linear(in_features=768, out_features=2048, bias=True)
          (w_2): Linear(in_features=2048, out_features=768, bias=True)
          (layer_norm): LayerNorm(torch.Size([768]), eps=1e-06, elementwise_affine=True)
          (dropout_1): Dropout(p=0.1)
          (dropout_2): Dropout(p=0.1)
        )
        (layer_norm): LayerNorm(torch.Size([768]), eps=1e-06, elementwise_affine=True)
        (dropout): Dropout(p=0.1)
      )
      (1): TransformerEncoderLayer(
        (self_attn): MultiHeadedAttention(
          (linear_keys): Linear(in_features=768, out_features=768, bias=True)
          (linear_values): Linear(in_features=768, out_features=768, bias=True)
          (linear_query): Linear(in_features=768, out_features=768, bias=True)
          (softmax): Softmax()
          (dropout): Dropout(p=0.1)
          (final_linear): Linear(in_features=768, out_features=768, bias=True)
        )
        (feed_forward): PositionwiseFeedForward(
          (w_1): Linear(in_features=768, out_features=2048, bias=True)
          (w_2): Linear(in_features=2048, out_features=768, bias=True)
          (layer_norm): LayerNorm(torch.Size([768]), eps=1e-06, elementwise_affine=True)
          (dropout_1): Dropout(p=0.1)
          (dropout_2): Dropout(p=0.1)
        )
        (layer_norm): LayerNorm(torch.Size([768]), eps=1e-06, elementwise_affine=True)
        (dropout): Dropout(p=0.1)
      )
    )
    (dropout): Dropout(p=0.1)
    (layer_norm): LayerNorm(torch.Size([768]), eps=1e-06, elementwise_affine=True)
    (wo): Linear(in_features=768, out_features=1, bias=True)
    (sigmoid): Sigmoid()
  )
)
[2021-03-15 07:40:05,339 INFO] * number of parameters: 120512513
[2021-03-15 07:40:05,340 INFO] Start training...
[2021-03-15 07:40:05,340 INFO] Loading train dataset from ../trial_clean_aug3/clean_aug3_data2/train.2.bert.pt, number of examples: 0
[2021-03-15 07:40:05,384 INFO] Loading train dataset from ../trial_clean_aug3/clean_aug3_data2/train.0.bert.pt, number of examples: 164
[2021-03-15 07:40:40,864 INFO] Loading train dataset from ../trial_clean_aug3/clean_aug3_data2/train.1.bert.pt, number of examples: 0
[2021-03-15 07:40:40,888 INFO] Loading train dataset from ../trial_clean_aug3/clean_aug3_data2/train.4.bert.pt, number of examples: 0
[2021-03-15 07:40:40,912 INFO] Loading train dataset from ../trial_clean_aug3/clean_aug3_data2/train.5.bert.pt, number of examples: 0
[2021-03-15 07:40:40,934 INFO] Loading train dataset from ../trial_clean_aug3/clean_aug3_data2/train.3.bert.pt, number of examples: 0
[2021-03-15 07:40:40,955 INFO] Loading train dataset from ../trial_clean_aug3/clean_aug3_data2/train.2.bert.pt, number of examples: 0
[2021-03-15 07:40:40,977 INFO] Loading train dataset from ../trial_clean_aug3/clean_aug3_data2/train.4.bert.pt, number of examples: 0
[2021-03-15 07:40:41,000 INFO] Loading train dataset from ../trial_clean_aug3/clean_aug3_data2/train.3.bert.pt, number of examples: 0
[2021-03-15 07:40:41,029 INFO] Loading train dataset from ../trial_clean_aug3/clean_aug3_data2/train.0.bert.pt, number of examples: 164
[2021-03-15 07:41:15,731 INFO] Loading train dataset from ../trial_clean_aug3/clean_aug3_data2/train.5.bert.pt, number of examples: 0
[2021-03-15 07:41:15,755 INFO] Loading train dataset from ../trial_clean_aug3/clean_aug3_data2/train.1.bert.pt, number of examples: 0
[2021-03-15 07:41:15,780 INFO] Loading train dataset from ../trial_clean_aug3/clean_aug3_data2/train.1.bert.pt, number of examples: 0
[2021-03-15 07:41:15,803 INFO] Loading train dataset from ../trial_clean_aug3/clean_aug3_data2/train.5.bert.pt, number of examples: 0
[2021-03-15 07:41:15,824 INFO] Loading train dataset from ../trial_clean_aug3/clean_aug3_data2/train.4.bert.pt, number of examples: 0
[2021-03-15 07:41:15,846 INFO] Loading train dataset from ../trial_clean_aug3/clean_aug3_data2/train.3.bert.pt, number of examples: 0
[2021-03-15 07:41:15,874 INFO] Loading train dataset from ../trial_clean_aug3/clean_aug3_data2/train.2.bert.pt, number of examples: 0
[2021-03-15 07:41:15,903 INFO] Loading train dataset from ../trial_clean_aug3/clean_aug3_data2/train.0.bert.pt, number of examples: 164
[2021-03-15 07:41:50,740 INFO] Loading train dataset from ../trial_clean_aug3/clean_aug3_data2/train.2.bert.pt, number of examples: 0
[2021-03-15 07:41:50,769 INFO] Loading train dataset from ../trial_clean_aug3/clean_aug3_data2/train.0.bert.pt, number of examples: 164
[2021-03-15 07:42:02,256 INFO] Step 18050/50000; xent: 2.30; lr: 0.0000149;   9 docs/s;    117 sec
[2021-03-15 07:42:25,656 INFO] Loading train dataset from ../trial_clean_aug3/clean_aug3_data2/train.5.bert.pt, number of examples: 0
[2021-03-15 07:42:25,682 INFO] Loading train dataset from ../trial_clean_aug3/clean_aug3_data2/train.1.bert.pt, number of examples: 0
[2021-03-15 07:42:25,704 INFO] Loading train dataset from ../trial_clean_aug3/clean_aug3_data2/train.4.bert.pt, number of examples: 0
[2021-03-15 07:42:25,728 INFO] Loading train dataset from ../trial_clean_aug3/clean_aug3_data2/train.3.bert.pt, number of examples: 0
[2021-03-15 07:42:25,750 INFO] Loading train dataset from ../trial_clean_aug3/clean_aug3_data2/train.3.bert.pt, number of examples: 0
[2021-03-15 07:42:25,771 INFO] Loading train dataset from ../trial_clean_aug3/clean_aug3_data2/train.5.bert.pt, number of examples: 0
[2021-03-15 07:42:25,798 INFO] Loading train dataset from ../trial_clean_aug3/clean_aug3_data2/train.1.bert.pt, number of examples: 0
[2021-03-15 07:42:25,825 INFO] Loading train dataset from ../trial_clean_aug3/clean_aug3_data2/train.0.bert.pt, number of examples: 164
[2021-03-15 07:43:00,838 INFO] Loading train dataset from ../trial_clean_aug3/clean_aug3_data2/train.2.bert.pt, number of examples: 0
[2021-03-15 07:43:00,862 INFO] Loading train dataset from ../trial_clean_aug3/clean_aug3_data2/train.4.bert.pt, number of examples: 0
[2021-03-15 07:43:00,883 INFO] Loading train dataset from ../trial_clean_aug3/clean_aug3_data2/train.1.bert.pt, number of examples: 0
[2021-03-15 07:43:00,916 INFO] Loading train dataset from ../trial_clean_aug3/clean_aug3_data2/train.5.bert.pt, number of examples: 0
[2021-03-15 07:43:00,945 INFO] Loading train dataset from ../trial_clean_aug3/clean_aug3_data2/train.0.bert.pt, number of examples: 164
[2021-03-15 07:43:36,048 INFO] Loading train dataset from ../trial_clean_aug3/clean_aug3_data2/train.2.bert.pt, number of examples: 0
[2021-03-15 07:43:36,072 INFO] Loading train dataset from ../trial_clean_aug3/clean_aug3_data2/train.3.bert.pt, number of examples: 0
[2021-03-15 07:43:36,094 INFO] Loading train dataset from ../trial_clean_aug3/clean_aug3_data2/train.4.bert.pt, number of examples: 0
[2021-03-15 07:43:36,114 INFO] Loading train dataset from ../trial_clean_aug3/clean_aug3_data2/train.1.bert.pt, number of examples: 0
[2021-03-15 07:43:36,137 INFO] Loading train dataset from ../trial_clean_aug3/clean_aug3_data2/train.5.bert.pt, number of examples: 0
[2021-03-15 07:43:36,158 INFO] Loading train dataset from ../trial_clean_aug3/clean_aug3_data2/train.4.bert.pt, number of examples: 0
[2021-03-15 07:43:36,179 INFO] Loading train dataset from ../trial_clean_aug3/clean_aug3_data2/train.3.bert.pt, number of examples: 0
[2021-03-15 07:43:36,199 INFO] Loading train dataset from ../trial_clean_aug3/clean_aug3_data2/train.2.bert.pt, number of examples: 0
[2021-03-15 07:43:36,225 INFO] Loading train dataset from ../trial_clean_aug3/clean_aug3_data2/train.0.bert.pt, number of examples: 164
[2021-03-15 07:43:59,448 INFO] Step 18100/50000; xent: 0.94; lr: 0.0000149;   9 docs/s;    234 sec
[2021-03-15 07:44:11,355 INFO] Loading train dataset from ../trial_clean_aug3/clean_aug3_data2/train.4.bert.pt, number of examples: 0
[2021-03-15 07:44:11,385 INFO] Loading train dataset from ../trial_clean_aug3/clean_aug3_data2/train.0.bert.pt, number of examples: 164
[2021-03-15 07:44:46,601 INFO] Loading train dataset from ../trial_clean_aug3/clean_aug3_data2/train.1.bert.pt, number of examples: 0
[2021-03-15 07:44:46,626 INFO] Loading train dataset from ../trial_clean_aug3/clean_aug3_data2/train.2.bert.pt, number of examples: 0
[2021-03-15 07:44:46,648 INFO] Loading train dataset from ../trial_clean_aug3/clean_aug3_data2/train.5.bert.pt, number of examples: 0
[2021-03-15 07:44:46,669 INFO] Loading train dataset from ../trial_clean_aug3/clean_aug3_data2/train.3.bert.pt, number of examples: 0
[2021-03-15 07:44:46,698 INFO] Loading train dataset from ../trial_clean_aug3/clean_aug3_data2/train.0.bert.pt, number of examples: 164
[2021-03-15 07:45:22,032 INFO] Loading train dataset from ../trial_clean_aug3/clean_aug3_data2/train.4.bert.pt, number of examples: 0
[2021-03-15 07:45:22,058 INFO] Loading train dataset from ../trial_clean_aug3/clean_aug3_data2/train.1.bert.pt, number of examples: 0
[2021-03-15 07:45:22,081 INFO] Loading train dataset from ../trial_clean_aug3/clean_aug3_data2/train.3.bert.pt, number of examples: 0
[2021-03-15 07:45:22,103 INFO] Loading train dataset from ../trial_clean_aug3/clean_aug3_data2/train.5.bert.pt, number of examples: 0
[2021-03-15 07:45:22,125 INFO] Loading train dataset from ../trial_clean_aug3/clean_aug3_data2/train.2.bert.pt, number of examples: 0
[2021-03-15 07:45:22,150 INFO] Loading train dataset from ../trial_clean_aug3/clean_aug3_data2/train.5.bert.pt, number of examples: 0
[2021-03-15 07:45:22,172 INFO] Loading train dataset from ../trial_clean_aug3/clean_aug3_data2/train.4.bert.pt, number of examples: 0
[2021-03-15 07:45:22,198 INFO] Loading train dataset from ../trial_clean_aug3/clean_aug3_data2/train.2.bert.pt, number of examples: 0
[2021-03-15 07:45:22,219 INFO] Loading train dataset from ../trial_clean_aug3/clean_aug3_data2/train.3.bert.pt, number of examples: 0
[2021-03-15 07:45:22,240 INFO] Loading train dataset from ../trial_clean_aug3/clean_aug3_data2/train.1.bert.pt, number of examples: 0
[2021-03-15 07:45:22,268 INFO] Loading train dataset from ../trial_clean_aug3/clean_aug3_data2/train.0.bert.pt, number of examples: 164
[2021-03-15 07:45:57,549 INFO] Step 18150/50000; xent: 0.28; lr: 0.0000148;   9 docs/s;    352 sec
[2021-03-15 07:45:57,586 INFO] Loading train dataset from ../trial_clean_aug3/clean_aug3_data2/train.1.bert.pt, number of examples: 0
[2021-03-15 07:45:57,609 INFO] Loading train dataset from ../trial_clean_aug3/clean_aug3_data2/train.2.bert.pt, number of examples: 0
[2021-03-15 07:45:57,637 INFO] Loading train dataset from ../trial_clean_aug3/clean_aug3_data2/train.0.bert.pt, number of examples: 164
[2021-03-15 07:46:33,041 INFO] Loading train dataset from ../trial_clean_aug3/clean_aug3_data2/train.3.bert.pt, number of examples: 0
[2021-03-15 07:46:33,066 INFO] Loading train dataset from ../trial_clean_aug3/clean_aug3_data2/train.5.bert.pt, number of examples: 0
[2021-03-15 07:46:33,095 INFO] Loading train dataset from ../trial_clean_aug3/clean_aug3_data2/train.4.bert.pt, number of examples: 0
[2021-03-15 07:46:33,123 INFO] Loading train dataset from ../trial_clean_aug3/clean_aug3_data2/train.0.bert.pt, number of examples: 164
[2021-03-15 07:47:08,566 INFO] Loading train dataset from ../trial_clean_aug3/clean_aug3_data2/train.1.bert.pt, number of examples: 0
[2021-03-15 07:47:08,591 INFO] Loading train dataset from ../trial_clean_aug3/clean_aug3_data2/train.2.bert.pt, number of examples: 0
[2021-03-15 07:47:08,612 INFO] Loading train dataset from ../trial_clean_aug3/clean_aug3_data2/train.5.bert.pt, number of examples: 0
[2021-03-15 07:47:08,633 INFO] Loading train dataset from ../trial_clean_aug3/clean_aug3_data2/train.3.bert.pt, number of examples: 0
[2021-03-15 07:47:08,655 INFO] Loading train dataset from ../trial_clean_aug3/clean_aug3_data2/train.4.bert.pt, number of examples: 0
[2021-03-15 07:47:08,679 INFO] Loading train dataset from ../trial_clean_aug3/clean_aug3_data2/train.3.bert.pt, number of examples: 0
[2021-03-15 07:47:08,700 INFO] Loading train dataset from ../trial_clean_aug3/clean_aug3_data2/train.2.bert.pt, number of examples: 0
[2021-03-15 07:47:08,722 INFO] Loading train dataset from ../trial_clean_aug3/clean_aug3_data2/train.5.bert.pt, number of examples: 0
[2021-03-15 07:47:08,743 INFO] Loading train dataset from ../trial_clean_aug3/clean_aug3_data2/train.1.bert.pt, number of examples: 0
[2021-03-15 07:47:08,770 INFO] Loading train dataset from ../trial_clean_aug3/clean_aug3_data2/train.0.bert.pt, number of examples: 164
[2021-03-15 07:47:44,325 INFO] Loading train dataset from ../trial_clean_aug3/clean_aug3_data2/train.4.bert.pt, number of examples: 0
[2021-03-15 07:47:44,355 INFO] Loading train dataset from ../trial_clean_aug3/clean_aug3_data2/train.0.bert.pt, number of examples: 164
[2021-03-15 07:47:56,576 INFO] Step 18200/50000; xent: 0.14; lr: 0.0000148;   9 docs/s;    471 sec
[2021-03-15 07:48:19,855 INFO] Loading train dataset from ../trial_clean_aug3/clean_aug3_data2/train.4.bert.pt, number of examples: 0
[2021-03-15 07:48:19,880 INFO] Loading train dataset from ../trial_clean_aug3/clean_aug3_data2/train.1.bert.pt, number of examples: 0
[2021-03-15 07:48:19,903 INFO] Loading train dataset from ../trial_clean_aug3/clean_aug3_data2/train.5.bert.pt, number of examples: 0
[2021-03-15 07:48:19,924 INFO] Loading train dataset from ../trial_clean_aug3/clean_aug3_data2/train.3.bert.pt, number of examples: 0
[2021-03-15 07:48:19,945 INFO] Loading train dataset from ../trial_clean_aug3/clean_aug3_data2/train.2.bert.pt, number of examples: 0
[2021-03-15 07:48:19,967 INFO] Loading train dataset from ../trial_clean_aug3/clean_aug3_data2/train.1.bert.pt, number of examples: 0
[2021-03-15 07:48:19,989 INFO] Loading train dataset from ../trial_clean_aug3/clean_aug3_data2/train.3.bert.pt, number of examples: 0
[2021-03-15 07:48:20,010 INFO] Loading train dataset from ../trial_clean_aug3/clean_aug3_data2/train.2.bert.pt, number of examples: 0
[2021-03-15 07:48:20,032 INFO] Loading train dataset from ../trial_clean_aug3/clean_aug3_data2/train.4.bert.pt, number of examples: 0
[2021-03-15 07:48:20,055 INFO] Loading train dataset from ../trial_clean_aug3/clean_aug3_data2/train.5.bert.pt, number of examples: 0
[2021-03-15 07:48:20,083 INFO] Loading train dataset from ../trial_clean_aug3/clean_aug3_data2/train.0.bert.pt, number of examples: 164
[2021-03-15 07:48:55,558 INFO] Loading train dataset from ../trial_clean_aug3/clean_aug3_data2/train.1.bert.pt, number of examples: 0
[2021-03-15 07:48:55,582 INFO] Loading train dataset from ../trial_clean_aug3/clean_aug3_data2/train.2.bert.pt, number of examples: 0
[2021-03-15 07:48:55,604 INFO] Loading train dataset from ../trial_clean_aug3/clean_aug3_data2/train.5.bert.pt, number of examples: 0
[2021-03-15 07:48:55,626 INFO] Loading train dataset from ../trial_clean_aug3/clean_aug3_data2/train.3.bert.pt, number of examples: 0
[2021-03-15 07:48:55,650 INFO] Loading train dataset from ../trial_clean_aug3/clean_aug3_data2/train.4.bert.pt, number of examples: 0
[2021-03-15 07:48:55,677 INFO] Loading train dataset from ../trial_clean_aug3/clean_aug3_data2/train.0.bert.pt, number of examples: 164
[2021-03-15 07:49:31,124 INFO] Loading train dataset from ../trial_clean_aug3/clean_aug3_data2/train.5.bert.pt, number of examples: 0
[2021-03-15 07:49:31,147 INFO] Loading train dataset from ../trial_clean_aug3/clean_aug3_data2/train.4.bert.pt, number of examples: 0
[2021-03-15 07:49:31,170 INFO] Loading train dataset from ../trial_clean_aug3/clean_aug3_data2/train.1.bert.pt, number of examples: 0
[2021-03-15 07:49:31,192 INFO] Loading train dataset from ../trial_clean_aug3/clean_aug3_data2/train.3.bert.pt, number of examples: 0
[2021-03-15 07:49:31,218 INFO] Loading train dataset from ../trial_clean_aug3/clean_aug3_data2/train.2.bert.pt, number of examples: 0
[2021-03-15 07:49:31,245 INFO] Loading train dataset from ../trial_clean_aug3/clean_aug3_data2/train.0.bert.pt, number of examples: 164
[2021-03-15 07:49:55,056 INFO] Step 18250/50000; xent: 0.07; lr: 0.0000148;   9 docs/s;    590 sec
[2021-03-15 07:50:06,737 INFO] Loading train dataset from ../trial_clean_aug3/clean_aug3_data2/train.0.bert.pt, number of examples: 164
[2021-03-15 07:50:42,291 INFO] Loading train dataset from ../trial_clean_aug3/clean_aug3_data2/train.2.bert.pt, number of examples: 0
[2021-03-15 07:50:42,315 INFO] Loading train dataset from ../trial_clean_aug3/clean_aug3_data2/train.3.bert.pt, number of examples: 0
[2021-03-15 07:50:42,337 INFO] Loading train dataset from ../trial_clean_aug3/clean_aug3_data2/train.4.bert.pt, number of examples: 0
[2021-03-15 07:50:42,359 INFO] Loading train dataset from ../trial_clean_aug3/clean_aug3_data2/train.5.bert.pt, number of examples: 0
[2021-03-15 07:50:42,380 INFO] Loading train dataset from ../trial_clean_aug3/clean_aug3_data2/train.1.bert.pt, number of examples: 0
[2021-03-15 07:50:42,409 INFO] Loading train dataset from ../trial_clean_aug3/clean_aug3_data2/train.0.bert.pt, number of examples: 164
[2021-03-15 07:51:17,914 INFO] Loading train dataset from ../trial_clean_aug3/clean_aug3_data2/train.1.bert.pt, number of examples: 0
[2021-03-15 07:51:17,943 INFO] Loading train dataset from ../trial_clean_aug3/clean_aug3_data2/train.2.bert.pt, number of examples: 0
[2021-03-15 07:51:17,965 INFO] Loading train dataset from ../trial_clean_aug3/clean_aug3_data2/train.3.bert.pt, number of examples: 0
[2021-03-15 07:51:17,985 INFO] Loading train dataset from ../trial_clean_aug3/clean_aug3_data2/train.4.bert.pt, number of examples: 0
[2021-03-15 07:51:18,006 INFO] Loading train dataset from ../trial_clean_aug3/clean_aug3_data2/train.5.bert.pt, number of examples: 0
[2021-03-15 07:51:18,026 INFO] Loading train dataset from ../trial_clean_aug3/clean_aug3_data2/train.3.bert.pt, number of examples: 0
[2021-03-15 07:51:18,049 INFO] Loading train dataset from ../trial_clean_aug3/clean_aug3_data2/train.2.bert.pt, number of examples: 0
[2021-03-15 07:51:18,071 INFO] Loading train dataset from ../trial_clean_aug3/clean_aug3_data2/train.5.bert.pt, number of examples: 0
[2021-03-15 07:51:18,093 INFO] Loading train dataset from ../trial_clean_aug3/clean_aug3_data2/train.1.bert.pt, number of examples: 0
[2021-03-15 07:51:18,114 INFO] Loading train dataset from ../trial_clean_aug3/clean_aug3_data2/train.4.bert.pt, number of examples: 0
[2021-03-15 07:51:18,140 INFO] Loading train dataset from ../trial_clean_aug3/clean_aug3_data2/train.0.bert.pt, number of examples: 164
[2021-03-15 07:51:53,658 INFO] Step 18300/50000; xent: 0.08; lr: 0.0000148;   9 docs/s;    708 sec
[2021-03-15 07:51:53,660 INFO] Saving checkpoint ../trial_clean_aug3/clean_aug3_models/model_step_18300.pt
[2021-03-15 07:51:55,010 INFO] Loading train dataset from ../trial_clean_aug3/clean_aug3_data2/train.1.bert.pt, number of examples: 0
[2021-03-15 07:51:55,035 INFO] Loading train dataset from ../trial_clean_aug3/clean_aug3_data2/train.3.bert.pt, number of examples: 0
[2021-03-15 07:51:55,056 INFO] Loading train dataset from ../trial_clean_aug3/clean_aug3_data2/train.2.bert.pt, number of examples: 0
[2021-03-15 07:51:55,079 INFO] Loading train dataset from ../trial_clean_aug3/clean_aug3_data2/train.5.bert.pt, number of examples: 0
[2021-03-15 07:51:55,106 INFO] Loading train dataset from ../trial_clean_aug3/clean_aug3_data2/train.0.bert.pt, number of examples: 164
[2021-03-15 07:52:30,591 INFO] Loading train dataset from ../trial_clean_aug3/clean_aug3_data2/train.4.bert.pt, number of examples: 0
[2021-03-15 07:52:30,617 INFO] Loading train dataset from ../trial_clean_aug3/clean_aug3_data2/train.4.bert.pt, number of examples: 0
[2021-03-15 07:52:30,638 INFO] Loading train dataset from ../trial_clean_aug3/clean_aug3_data2/train.1.bert.pt, number of examples: 0
[2021-03-15 07:52:30,659 INFO] Loading train dataset from ../trial_clean_aug3/clean_aug3_data2/train.3.bert.pt, number of examples: 0
[2021-03-15 07:52:30,682 INFO] Loading train dataset from ../trial_clean_aug3/clean_aug3_data2/train.2.bert.pt, number of examples: 0
[2021-03-15 07:52:30,709 INFO] Loading train dataset from ../trial_clean_aug3/clean_aug3_data2/train.0.bert.pt, number of examples: 164
[2021-03-15 07:53:06,216 INFO] Loading train dataset from ../trial_clean_aug3/clean_aug3_data2/train.5.bert.pt, number of examples: 0
[2021-03-15 07:53:06,243 INFO] Loading train dataset from ../trial_clean_aug3/clean_aug3_data2/train.1.bert.pt, number of examples: 0
[2021-03-15 07:53:06,265 INFO] Loading train dataset from ../trial_clean_aug3/clean_aug3_data2/train.3.bert.pt, number of examples: 0
[2021-03-15 07:53:06,293 INFO] Loading train dataset from ../trial_clean_aug3/clean_aug3_data2/train.0.bert.pt, number of examples: 164
[2021-03-15 07:53:41,813 INFO] Loading train dataset from ../trial_clean_aug3/clean_aug3_data2/train.2.bert.pt, number of examples: 0
[2021-03-15 07:53:41,836 INFO] Loading train dataset from ../trial_clean_aug3/clean_aug3_data2/train.5.bert.pt, number of examples: 0
[2021-03-15 07:53:41,858 INFO] Loading train dataset from ../trial_clean_aug3/clean_aug3_data2/train.4.bert.pt, number of examples: 0
[2021-03-15 07:53:41,885 INFO] Loading train dataset from ../trial_clean_aug3/clean_aug3_data2/train.0.bert.pt, number of examples: 164
[2021-03-15 07:53:53,871 INFO] Step 18350/50000; xent: 0.02; lr: 0.0000148;   9 docs/s;    829 sec
[2021-03-15 07:54:17,444 INFO] Loading train dataset from ../trial_clean_aug3/clean_aug3_data2/train.1.bert.pt, number of examples: 0
[2021-03-15 07:54:17,471 INFO] Loading train dataset from ../trial_clean_aug3/clean_aug3_data2/train.4.bert.pt, number of examples: 0
[2021-03-15 07:54:17,493 INFO] Loading train dataset from ../trial_clean_aug3/clean_aug3_data2/train.2.bert.pt, number of examples: 0
[2021-03-15 07:54:17,516 INFO] Loading train dataset from ../trial_clean_aug3/clean_aug3_data2/train.3.bert.pt, number of examples: 0
[2021-03-15 07:54:17,538 INFO] Loading train dataset from ../trial_clean_aug3/clean_aug3_data2/train.5.bert.pt, number of examples: 0
[2021-03-15 07:54:17,563 INFO] Loading train dataset from ../trial_clean_aug3/clean_aug3_data2/train.4.bert.pt, number of examples: 0
[2021-03-15 07:54:17,585 INFO] Loading train dataset from ../trial_clean_aug3/clean_aug3_data2/train.3.bert.pt, number of examples: 0
[2021-03-15 07:54:17,613 INFO] Loading train dataset from ../trial_clean_aug3/clean_aug3_data2/train.0.bert.pt, number of examples: 164
[2021-03-15 07:54:53,091 INFO] Loading train dataset from ../trial_clean_aug3/clean_aug3_data2/train.1.bert.pt, number of examples: 0
[2021-03-15 07:54:53,116 INFO] Loading train dataset from ../trial_clean_aug3/clean_aug3_data2/train.2.bert.pt, number of examples: 0
[2021-03-15 07:54:53,140 INFO] Loading train dataset from ../trial_clean_aug3/clean_aug3_data2/train.5.bert.pt, number of examples: 0
[2021-03-15 07:54:53,168 INFO] Loading train dataset from ../trial_clean_aug3/clean_aug3_data2/train.0.bert.pt, number of examples: 164
[2021-03-15 07:55:28,645 INFO] Loading train dataset from ../trial_clean_aug3/clean_aug3_data2/train.4.bert.pt, number of examples: 0
[2021-03-15 07:55:28,670 INFO] Loading train dataset from ../trial_clean_aug3/clean_aug3_data2/train.3.bert.pt, number of examples: 0
[2021-03-15 07:55:28,691 INFO] Loading train dataset from ../trial_clean_aug3/clean_aug3_data2/train.2.bert.pt, number of examples: 0
[2021-03-15 07:55:28,713 INFO] Loading train dataset from ../trial_clean_aug3/clean_aug3_data2/train.1.bert.pt, number of examples: 0
[2021-03-15 07:55:28,746 INFO] Loading train dataset from ../trial_clean_aug3/clean_aug3_data2/train.5.bert.pt, number of examples: 0
[2021-03-15 07:55:28,771 INFO] Loading train dataset from ../trial_clean_aug3/clean_aug3_data2/train.5.bert.pt, number of examples: 0
[2021-03-15 07:55:28,792 INFO] Loading train dataset from ../trial_clean_aug3/clean_aug3_data2/train.3.bert.pt, number of examples: 0
[2021-03-15 07:55:28,819 INFO] Loading train dataset from ../trial_clean_aug3/clean_aug3_data2/train.0.bert.pt, number of examples: 164
[2021-03-15 07:55:52,579 INFO] Step 18400/50000; xent: 0.06; lr: 0.0000147;   9 docs/s;    947 sec
[2021-03-15 07:56:04,340 INFO] Loading train dataset from ../trial_clean_aug3/clean_aug3_data2/train.2.bert.pt, number of examples: 0
[2021-03-15 07:56:04,363 INFO] Loading train dataset from ../trial_clean_aug3/clean_aug3_data2/train.4.bert.pt, number of examples: 0
[2021-03-15 07:56:04,386 INFO] Loading train dataset from ../trial_clean_aug3/clean_aug3_data2/train.1.bert.pt, number of examples: 0
[2021-03-15 07:56:04,417 INFO] Loading train dataset from ../trial_clean_aug3/clean_aug3_data2/train.0.bert.pt, number of examples: 164
[2021-03-15 07:56:39,946 INFO] Loading train dataset from ../trial_clean_aug3/clean_aug3_data2/train.1.bert.pt, number of examples: 0
[2021-03-15 07:56:39,971 INFO] Loading train dataset from ../trial_clean_aug3/clean_aug3_data2/train.5.bert.pt, number of examples: 0
[2021-03-15 07:56:39,991 INFO] Loading train dataset from ../trial_clean_aug3/clean_aug3_data2/train.3.bert.pt, number of examples: 0
[2021-03-15 07:56:40,014 INFO] Loading train dataset from ../trial_clean_aug3/clean_aug3_data2/train.2.bert.pt, number of examples: 0
[2021-03-15 07:56:40,034 INFO] Loading train dataset from ../trial_clean_aug3/clean_aug3_data2/train.4.bert.pt, number of examples: 0
[2021-03-15 07:56:40,060 INFO] Loading train dataset from ../trial_clean_aug3/clean_aug3_data2/train.0.bert.pt, number of examples: 164
[2021-03-15 07:57:15,553 INFO] Loading train dataset from ../trial_clean_aug3/clean_aug3_data2/train.5.bert.pt, number of examples: 0
[2021-03-15 07:57:15,581 INFO] Loading train dataset from ../trial_clean_aug3/clean_aug3_data2/train.4.bert.pt, number of examples: 0
[2021-03-15 07:57:15,604 INFO] Loading train dataset from ../trial_clean_aug3/clean_aug3_data2/train.1.bert.pt, number of examples: 0
[2021-03-15 07:57:15,629 INFO] Loading train dataset from ../trial_clean_aug3/clean_aug3_data2/train.3.bert.pt, number of examples: 0
[2021-03-15 07:57:15,653 INFO] Loading train dataset from ../trial_clean_aug3/clean_aug3_data2/train.2.bert.pt, number of examples: 0
[2021-03-15 07:57:15,685 INFO] Loading train dataset from ../trial_clean_aug3/clean_aug3_data2/train.1.bert.pt, number of examples: 0
[2021-03-15 07:57:15,713 INFO] Loading train dataset from ../trial_clean_aug3/clean_aug3_data2/train.2.bert.pt, number of examples: 0
[2021-03-15 07:57:15,744 INFO] Loading train dataset from ../trial_clean_aug3/clean_aug3_data2/train.4.bert.pt, number of examples: 0
[2021-03-15 07:57:15,775 INFO] Loading train dataset from ../trial_clean_aug3/clean_aug3_data2/train.5.bert.pt, number of examples: 0
[2021-03-15 07:57:15,814 INFO] Loading train dataset from ../trial_clean_aug3/clean_aug3_data2/train.0.bert.pt, number of examples: 164
[2021-03-15 07:57:51,297 INFO] Step 18450/50000; xent: 0.03; lr: 0.0000147;   9 docs/s;   1066 sec
[2021-03-15 07:57:51,335 INFO] Loading train dataset from ../trial_clean_aug3/clean_aug3_data2/train.3.bert.pt, number of examples: 0
[2021-03-15 07:57:51,366 INFO] Loading train dataset from ../trial_clean_aug3/clean_aug3_data2/train.0.bert.pt, number of examples: 164
[2021-03-15 07:58:26,887 INFO] Loading train dataset from ../trial_clean_aug3/clean_aug3_data2/train.3.bert.pt, number of examples: 0
[2021-03-15 07:58:26,913 INFO] Loading train dataset from ../trial_clean_aug3/clean_aug3_data2/train.5.bert.pt, number of examples: 0
[2021-03-15 07:58:26,935 INFO] Loading train dataset from ../trial_clean_aug3/clean_aug3_data2/train.2.bert.pt, number of examples: 0
[2021-03-15 07:58:26,957 INFO] Loading train dataset from ../trial_clean_aug3/clean_aug3_data2/train.4.bert.pt, number of examples: 0
[2021-03-15 07:58:26,981 INFO] Loading train dataset from ../trial_clean_aug3/clean_aug3_data2/train.1.bert.pt, number of examples: 0
[2021-03-15 07:58:27,004 INFO] Loading train dataset from ../trial_clean_aug3/clean_aug3_data2/train.1.bert.pt, number of examples: 0
[2021-03-15 07:58:27,025 INFO] Loading train dataset from ../trial_clean_aug3/clean_aug3_data2/train.2.bert.pt, number of examples: 0
[2021-03-15 07:58:27,053 INFO] Loading train dataset from ../trial_clean_aug3/clean_aug3_data2/train.0.bert.pt, number of examples: 164
[2021-03-15 07:59:02,635 INFO] Loading train dataset from ../trial_clean_aug3/clean_aug3_data2/train.4.bert.pt, number of examples: 0
[2021-03-15 07:59:02,661 INFO] Loading train dataset from ../trial_clean_aug3/clean_aug3_data2/train.5.bert.pt, number of examples: 0
[2021-03-15 07:59:02,683 INFO] Loading train dataset from ../trial_clean_aug3/clean_aug3_data2/train.3.bert.pt, number of examples: 0
[2021-03-15 07:59:02,710 INFO] Loading train dataset from ../trial_clean_aug3/clean_aug3_data2/train.0.bert.pt, number of examples: 164
[2021-03-15 07:59:38,165 INFO] Loading train dataset from ../trial_clean_aug3/clean_aug3_data2/train.3.bert.pt, number of examples: 0
[2021-03-15 07:59:38,189 INFO] Loading train dataset from ../trial_clean_aug3/clean_aug3_data2/train.1.bert.pt, number of examples: 0
[2021-03-15 07:59:38,210 INFO] Loading train dataset from ../trial_clean_aug3/clean_aug3_data2/train.5.bert.pt, number of examples: 0
[2021-03-15 07:59:38,234 INFO] Loading train dataset from ../trial_clean_aug3/clean_aug3_data2/train.4.bert.pt, number of examples: 0
[2021-03-15 07:59:38,255 INFO] Loading train dataset from ../trial_clean_aug3/clean_aug3_data2/train.2.bert.pt, number of examples: 0
[2021-03-15 07:59:38,282 INFO] Loading train dataset from ../trial_clean_aug3/clean_aug3_data2/train.0.bert.pt, number of examples: 164
[2021-03-15 07:59:50,333 INFO] Step 18500/50000; xent: 0.02; lr: 0.0000147;   9 docs/s;   1185 sec
[2021-03-15 08:00:13,827 INFO] Loading train dataset from ../trial_clean_aug3/clean_aug3_data2/train.1.bert.pt, number of examples: 0
[2021-03-15 08:00:13,864 INFO] Loading train dataset from ../trial_clean_aug3/clean_aug3_data2/train.4.bert.pt, number of examples: 0
[2021-03-15 08:00:13,908 INFO] Loading train dataset from ../trial_clean_aug3/clean_aug3_data2/train.5.bert.pt, number of examples: 0
[2021-03-15 08:00:13,945 INFO] Loading train dataset from ../trial_clean_aug3/clean_aug3_data2/train.2.bert.pt, number of examples: 0
[2021-03-15 08:00:13,975 INFO] Loading train dataset from ../trial_clean_aug3/clean_aug3_data2/train.3.bert.pt, number of examples: 0
[2021-03-15 08:00:14,004 INFO] Loading train dataset from ../trial_clean_aug3/clean_aug3_data2/train.5.bert.pt, number of examples: 0
[2021-03-15 08:00:14,030 INFO] Loading train dataset from ../trial_clean_aug3/clean_aug3_data2/train.4.bert.pt, number of examples: 0
[2021-03-15 08:00:14,058 INFO] Loading train dataset from ../trial_clean_aug3/clean_aug3_data2/train.2.bert.pt, number of examples: 0
[2021-03-15 08:00:14,094 INFO] Loading train dataset from ../trial_clean_aug3/clean_aug3_data2/train.0.bert.pt, number of examples: 164
[2021-03-15 08:00:49,624 INFO] Loading train dataset from ../trial_clean_aug3/clean_aug3_data2/train.3.bert.pt, number of examples: 0
[2021-03-15 08:00:49,659 INFO] Loading train dataset from ../trial_clean_aug3/clean_aug3_data2/train.1.bert.pt, number of examples: 0
[2021-03-15 08:00:49,689 INFO] Loading train dataset from ../trial_clean_aug3/clean_aug3_data2/train.2.bert.pt, number of examples: 0
[2021-03-15 08:00:49,730 INFO] Loading train dataset from ../trial_clean_aug3/clean_aug3_data2/train.0.bert.pt, number of examples: 164
[2021-03-15 08:01:25,153 INFO] Loading train dataset from ../trial_clean_aug3/clean_aug3_data2/train.3.bert.pt, number of examples: 0
[2021-03-15 08:01:25,194 INFO] Loading train dataset from ../trial_clean_aug3/clean_aug3_data2/train.4.bert.pt, number of examples: 0
[2021-03-15 08:01:25,237 INFO] Loading train dataset from ../trial_clean_aug3/clean_aug3_data2/train.1.bert.pt, number of examples: 0
[2021-03-15 08:01:25,282 INFO] Loading train dataset from ../trial_clean_aug3/clean_aug3_data2/train.5.bert.pt, number of examples: 0
[2021-03-15 08:01:25,332 INFO] Loading train dataset from ../trial_clean_aug3/clean_aug3_data2/train.1.bert.pt, number of examples: 0
[2021-03-15 08:01:25,372 INFO] Loading train dataset from ../trial_clean_aug3/clean_aug3_data2/train.5.bert.pt, number of examples: 0
[2021-03-15 08:01:25,404 INFO] Loading train dataset from ../trial_clean_aug3/clean_aug3_data2/train.4.bert.pt, number of examples: 0
[2021-03-15 08:01:25,437 INFO] Loading train dataset from ../trial_clean_aug3/clean_aug3_data2/train.2.bert.pt, number of examples: 0
[2021-03-15 08:01:25,481 INFO] Loading train dataset from ../trial_clean_aug3/clean_aug3_data2/train.3.bert.pt, number of examples: 0
[2021-03-15 08:01:25,532 INFO] Loading train dataset from ../trial_clean_aug3/clean_aug3_data2/train.0.bert.pt, number of examples: 164
[2021-03-15 08:01:48,870 INFO] Step 18550/50000; xent: 0.07; lr: 0.0000147;   9 docs/s;   1304 sec
[2021-03-15 08:02:01,068 INFO] Loading train dataset from ../trial_clean_aug3/clean_aug3_data2/train.0.bert.pt, number of examples: 164
[2021-03-15 08:02:36,560 INFO] Loading train dataset from ../trial_clean_aug3/clean_aug3_data2/train.4.bert.pt, number of examples: 0
[2021-03-15 08:02:36,608 INFO] Loading train dataset from ../trial_clean_aug3/clean_aug3_data2/train.5.bert.pt, number of examples: 0
[2021-03-15 08:02:36,645 INFO] Loading train dataset from ../trial_clean_aug3/clean_aug3_data2/train.2.bert.pt, number of examples: 0
[2021-03-15 08:02:36,679 INFO] Loading train dataset from ../trial_clean_aug3/clean_aug3_data2/train.1.bert.pt, number of examples: 0
[2021-03-15 08:02:36,711 INFO] Loading train dataset from ../trial_clean_aug3/clean_aug3_data2/train.3.bert.pt, number of examples: 0
[2021-03-15 08:02:36,758 INFO] Loading train dataset from ../trial_clean_aug3/clean_aug3_data2/train.0.bert.pt, number of examples: 164
[2021-03-15 08:03:12,259 INFO] Loading train dataset from ../trial_clean_aug3/clean_aug3_data2/train.5.bert.pt, number of examples: 0
[2021-03-15 08:03:12,295 INFO] Loading train dataset from ../trial_clean_aug3/clean_aug3_data2/train.2.bert.pt, number of examples: 0
[2021-03-15 08:03:12,327 INFO] Loading train dataset from ../trial_clean_aug3/clean_aug3_data2/train.4.bert.pt, number of examples: 0
[2021-03-15 08:03:12,359 INFO] Loading train dataset from ../trial_clean_aug3/clean_aug3_data2/train.1.bert.pt, number of examples: 0
[2021-03-15 08:03:12,396 INFO] Loading train dataset from ../trial_clean_aug3/clean_aug3_data2/train.3.bert.pt, number of examples: 0
[2021-03-15 08:03:12,438 INFO] Loading train dataset from ../trial_clean_aug3/clean_aug3_data2/train.3.bert.pt, number of examples: 0
[2021-03-15 08:03:12,481 INFO] Loading train dataset from ../trial_clean_aug3/clean_aug3_data2/train.2.bert.pt, number of examples: 0
[2021-03-15 08:03:12,527 INFO] Loading train dataset from ../trial_clean_aug3/clean_aug3_data2/train.0.bert.pt, number of examples: 164
[2021-03-15 08:03:47,989 INFO] Step 18600/50000; xent: 0.05; lr: 0.0000147;   9 docs/s;   1423 sec
[2021-03-15 08:03:47,991 INFO] Saving checkpoint ../trial_clean_aug3/clean_aug3_models/model_step_18600.pt
[2021-03-15 08:03:49,357 INFO] Loading train dataset from ../trial_clean_aug3/clean_aug3_data2/train.1.bert.pt, number of examples: 0
[2021-03-15 08:03:49,402 INFO] Loading train dataset from ../trial_clean_aug3/clean_aug3_data2/train.5.bert.pt, number of examples: 0
[2021-03-15 08:03:49,430 INFO] Loading train dataset from ../trial_clean_aug3/clean_aug3_data2/train.4.bert.pt, number of examples: 0
[2021-03-15 08:03:49,455 INFO] Loading train dataset from ../trial_clean_aug3/clean_aug3_data2/train.3.bert.pt, number of examples: 0
[2021-03-15 08:03:49,479 INFO] Loading train dataset from ../trial_clean_aug3/clean_aug3_data2/train.1.bert.pt, number of examples: 0
[2021-03-15 08:03:49,514 INFO] Loading train dataset from ../trial_clean_aug3/clean_aug3_data2/train.0.bert.pt, number of examples: 164
[2021-03-15 08:04:24,997 INFO] Loading train dataset from ../trial_clean_aug3/clean_aug3_data2/train.5.bert.pt, number of examples: 0
[2021-03-15 08:04:25,040 INFO] Loading train dataset from ../trial_clean_aug3/clean_aug3_data2/train.4.bert.pt, number of examples: 0
[2021-03-15 08:04:25,072 INFO] Loading train dataset from ../trial_clean_aug3/clean_aug3_data2/train.2.bert.pt, number of examples: 0
[2021-03-15 08:04:25,107 INFO] Loading train dataset from ../trial_clean_aug3/clean_aug3_data2/train.5.bert.pt, number of examples: 0
[2021-03-15 08:04:25,133 INFO] Loading train dataset from ../trial_clean_aug3/clean_aug3_data2/train.2.bert.pt, number of examples: 0
[2021-03-15 08:04:25,181 INFO] Loading train dataset from ../trial_clean_aug3/clean_aug3_data2/train.0.bert.pt, number of examples: 164
[2021-03-15 08:05:00,707 INFO] Loading train dataset from ../trial_clean_aug3/clean_aug3_data2/train.4.bert.pt, number of examples: 0
[2021-03-15 08:05:00,736 INFO] Loading train dataset from ../trial_clean_aug3/clean_aug3_data2/train.3.bert.pt, number of examples: 0
[2021-03-15 08:05:00,762 INFO] Loading train dataset from ../trial_clean_aug3/clean_aug3_data2/train.1.bert.pt, number of examples: 0
[2021-03-15 08:05:00,784 INFO] Loading train dataset from ../trial_clean_aug3/clean_aug3_data2/train.1.bert.pt, number of examples: 0
[2021-03-15 08:05:00,805 INFO] Loading train dataset from ../trial_clean_aug3/clean_aug3_data2/train.4.bert.pt, number of examples: 0
[2021-03-15 08:05:00,839 INFO] Loading train dataset from ../trial_clean_aug3/clean_aug3_data2/train.0.bert.pt, number of examples: 164
[2021-03-15 08:05:36,299 INFO] Loading train dataset from ../trial_clean_aug3/clean_aug3_data2/train.3.bert.pt, number of examples: 0
[2021-03-15 08:05:36,325 INFO] Loading train dataset from ../trial_clean_aug3/clean_aug3_data2/train.2.bert.pt, number of examples: 0
[2021-03-15 08:05:36,353 INFO] Loading train dataset from ../trial_clean_aug3/clean_aug3_data2/train.5.bert.pt, number of examples: 0
[2021-03-15 08:05:36,409 INFO] Loading train dataset from ../trial_clean_aug3/clean_aug3_data2/train.5.bert.pt, number of examples: 0
[2021-03-15 08:05:36,436 INFO] Loading train dataset from ../trial_clean_aug3/clean_aug3_data2/train.1.bert.pt, number of examples: 0
[2021-03-15 08:05:36,460 INFO] Loading train dataset from ../trial_clean_aug3/clean_aug3_data2/train.4.bert.pt, number of examples: 0
[2021-03-15 08:05:36,487 INFO] Loading train dataset from ../trial_clean_aug3/clean_aug3_data2/train.3.bert.pt, number of examples: 0
[2021-03-15 08:05:36,516 INFO] Loading train dataset from ../trial_clean_aug3/clean_aug3_data2/train.2.bert.pt, number of examples: 0
[2021-03-15 08:05:36,544 INFO] Loading train dataset from ../trial_clean_aug3/clean_aug3_data2/train.0.bert.pt, number of examples: 164
[2021-03-15 08:05:48,146 INFO] Step 18650/50000; xent: 0.04; lr: 0.0000146;   9 docs/s;   1543 sec
[2021-03-15 08:06:11,987 INFO] Loading train dataset from ../trial_clean_aug3/clean_aug3_data2/train.4.bert.pt, number of examples: 0
[2021-03-15 08:06:12,012 INFO] Loading train dataset from ../trial_clean_aug3/clean_aug3_data2/train.3.bert.pt, number of examples: 0
[2021-03-15 08:06:12,041 INFO] Loading train dataset from ../trial_clean_aug3/clean_aug3_data2/train.0.bert.pt, number of examples: 164
[2021-03-15 08:06:47,548 INFO] Loading train dataset from ../trial_clean_aug3/clean_aug3_data2/train.2.bert.pt, number of examples: 0
[2021-03-15 08:06:47,577 INFO] Loading train dataset from ../trial_clean_aug3/clean_aug3_data2/train.5.bert.pt, number of examples: 0
[2021-03-15 08:06:47,598 INFO] Loading train dataset from ../trial_clean_aug3/clean_aug3_data2/train.1.bert.pt, number of examples: 0
[2021-03-15 08:06:47,620 INFO] Loading train dataset from ../trial_clean_aug3/clean_aug3_data2/train.5.bert.pt, number of examples: 0
[2021-03-15 08:06:47,644 INFO] Loading train dataset from ../trial_clean_aug3/clean_aug3_data2/train.4.bert.pt, number of examples: 0
[2021-03-15 08:06:47,668 INFO] Loading train dataset from ../trial_clean_aug3/clean_aug3_data2/train.2.bert.pt, number of examples: 0
[2021-03-15 08:06:47,691 INFO] Loading train dataset from ../trial_clean_aug3/clean_aug3_data2/train.1.bert.pt, number of examples: 0
[2021-03-15 08:06:47,716 INFO] Loading train dataset from ../trial_clean_aug3/clean_aug3_data2/train.3.bert.pt, number of examples: 0
[2021-03-15 08:06:47,744 INFO] Loading train dataset from ../trial_clean_aug3/clean_aug3_data2/train.0.bert.pt, number of examples: 164
[2021-03-15 08:07:23,233 INFO] Loading train dataset from ../trial_clean_aug3/clean_aug3_data2/train.3.bert.pt, number of examples: 0
[2021-03-15 08:07:23,266 INFO] Loading train dataset from ../trial_clean_aug3/clean_aug3_data2/train.0.bert.pt, number of examples: 164
[2021-03-15 08:07:46,856 INFO] Step 18700/50000; xent: 0.02; lr: 0.0000146;   9 docs/s;   1662 sec
[2021-03-15 08:07:58,800 INFO] Loading train dataset from ../trial_clean_aug3/clean_aug3_data2/train.1.bert.pt, number of examples: 0
[2021-03-15 08:07:58,828 INFO] Loading train dataset from ../trial_clean_aug3/clean_aug3_data2/train.5.bert.pt, number of examples: 0
[2021-03-15 08:07:58,859 INFO] Loading train dataset from ../trial_clean_aug3/clean_aug3_data2/train.2.bert.pt, number of examples: 0
[2021-03-15 08:07:58,890 INFO] Loading train dataset from ../trial_clean_aug3/clean_aug3_data2/train.4.bert.pt, number of examples: 0
[2021-03-15 08:07:58,915 INFO] Loading train dataset from ../trial_clean_aug3/clean_aug3_data2/train.1.bert.pt, number of examples: 0
[2021-03-15 08:07:58,957 INFO] Loading train dataset from ../trial_clean_aug3/clean_aug3_data2/train.3.bert.pt, number of examples: 0
[2021-03-15 08:07:58,987 INFO] Loading train dataset from ../trial_clean_aug3/clean_aug3_data2/train.5.bert.pt, number of examples: 0
[2021-03-15 08:07:59,013 INFO] Loading train dataset from ../trial_clean_aug3/clean_aug3_data2/train.4.bert.pt, number of examples: 0
[2021-03-15 08:07:59,039 INFO] Loading train dataset from ../trial_clean_aug3/clean_aug3_data2/train.2.bert.pt, number of examples: 0
[2021-03-15 08:07:59,070 INFO] Loading train dataset from ../trial_clean_aug3/clean_aug3_data2/train.0.bert.pt, number of examples: 164
[2021-03-15 08:08:34,570 INFO] Loading train dataset from ../trial_clean_aug3/clean_aug3_data2/train.0.bert.pt, number of examples: 164
[2021-03-15 08:09:10,075 INFO] Loading train dataset from ../trial_clean_aug3/clean_aug3_data2/train.5.bert.pt, number of examples: 0
[2021-03-15 08:09:10,116 INFO] Loading train dataset from ../trial_clean_aug3/clean_aug3_data2/train.1.bert.pt, number of examples: 0
[2021-03-15 08:09:10,150 INFO] Loading train dataset from ../trial_clean_aug3/clean_aug3_data2/train.4.bert.pt, number of examples: 0
[2021-03-15 08:09:10,182 INFO] Loading train dataset from ../trial_clean_aug3/clean_aug3_data2/train.2.bert.pt, number of examples: 0
[2021-03-15 08:09:10,212 INFO] Loading train dataset from ../trial_clean_aug3/clean_aug3_data2/train.3.bert.pt, number of examples: 0
[2021-03-15 08:09:10,251 INFO] Loading train dataset from ../trial_clean_aug3/clean_aug3_data2/train.4.bert.pt, number of examples: 0
[2021-03-15 08:09:10,283 INFO] Loading train dataset from ../trial_clean_aug3/clean_aug3_data2/train.2.bert.pt, number of examples: 0
[2021-03-15 08:09:10,312 INFO] Loading train dataset from ../trial_clean_aug3/clean_aug3_data2/train.3.bert.pt, number of examples: 0
[2021-03-15 08:09:10,356 INFO] Loading train dataset from ../trial_clean_aug3/clean_aug3_data2/train.0.bert.pt, number of examples: 164
[2021-03-15 08:09:45,823 INFO] Step 18750/50000; xent: 0.01; lr: 0.0000146;   9 docs/s;   1780 sec
[2021-03-15 08:09:45,866 INFO] Loading train dataset from ../trial_clean_aug3/clean_aug3_data2/train.1.bert.pt, number of examples: 0
[2021-03-15 08:09:45,896 INFO] Loading train dataset from ../trial_clean_aug3/clean_aug3_data2/train.5.bert.pt, number of examples: 0
[2021-03-15 08:09:45,930 INFO] Loading train dataset from ../trial_clean_aug3/clean_aug3_data2/train.2.bert.pt, number of examples: 0
[2021-03-15 08:09:45,952 INFO] Loading train dataset from ../trial_clean_aug3/clean_aug3_data2/train.3.bert.pt, number of examples: 0
[2021-03-15 08:09:45,982 INFO] Loading train dataset from ../trial_clean_aug3/clean_aug3_data2/train.1.bert.pt, number of examples: 0
[2021-03-15 08:09:46,016 INFO] Loading train dataset from ../trial_clean_aug3/clean_aug3_data2/train.5.bert.pt, number of examples: 0
[2021-03-15 08:09:46,042 INFO] Loading train dataset from ../trial_clean_aug3/clean_aug3_data2/train.4.bert.pt, number of examples: 0
[2021-03-15 08:09:46,076 INFO] Loading train dataset from ../trial_clean_aug3/clean_aug3_data2/train.0.bert.pt, number of examples: 164
[2021-03-15 08:10:21,301 INFO] Loading train dataset from ../trial_clean_aug3/clean_aug3_data2/train.4.bert.pt, number of examples: 0
[2021-03-15 08:10:21,341 INFO] Loading train dataset from ../trial_clean_aug3/clean_aug3_data2/train.5.bert.pt, number of examples: 0
[2021-03-15 08:10:21,377 INFO] Loading train dataset from ../trial_clean_aug3/clean_aug3_data2/train.1.bert.pt, number of examples: 0
[2021-03-15 08:10:21,413 INFO] Loading train dataset from ../trial_clean_aug3/clean_aug3_data2/train.2.bert.pt, number of examples: 0
[2021-03-15 08:10:21,449 INFO] Loading train dataset from ../trial_clean_aug3/clean_aug3_data2/train.3.bert.pt, number of examples: 0
[2021-03-15 08:10:21,488 INFO] Loading train dataset from ../trial_clean_aug3/clean_aug3_data2/train.0.bert.pt, number of examples: 164
[2021-03-15 08:10:56,784 INFO] Loading train dataset from ../trial_clean_aug3/clean_aug3_data2/train.2.bert.pt, number of examples: 0
[2021-03-15 08:10:56,810 INFO] Loading train dataset from ../trial_clean_aug3/clean_aug3_data2/train.3.bert.pt, number of examples: 0
[2021-03-15 08:10:56,833 INFO] Loading train dataset from ../trial_clean_aug3/clean_aug3_data2/train.4.bert.pt, number of examples: 0
[2021-03-15 08:10:56,856 INFO] Loading train dataset from ../trial_clean_aug3/clean_aug3_data2/train.5.bert.pt, number of examples: 0
[2021-03-15 08:10:56,885 INFO] Loading train dataset from ../trial_clean_aug3/clean_aug3_data2/train.1.bert.pt, number of examples: 0
[2021-03-15 08:10:56,917 INFO] Loading train dataset from ../trial_clean_aug3/clean_aug3_data2/train.0.bert.pt, number of examples: 164
[2021-03-15 08:11:32,236 INFO] Loading train dataset from ../trial_clean_aug3/clean_aug3_data2/train.5.bert.pt, number of examples: 0
[2021-03-15 08:11:32,268 INFO] Loading train dataset from ../trial_clean_aug3/clean_aug3_data2/train.1.bert.pt, number of examples: 0
[2021-03-15 08:11:32,300 INFO] Loading train dataset from ../trial_clean_aug3/clean_aug3_data2/train.0.bert.pt, number of examples: 164
[2021-03-15 08:11:44,330 INFO] Step 18800/50000; xent: 0.01; lr: 0.0000146;   9 docs/s;   1899 sec
[2021-03-15 08:12:07,686 INFO] Loading train dataset from ../trial_clean_aug3/clean_aug3_data2/train.3.bert.pt, number of examples: 0
[2021-03-15 08:12:07,719 INFO] Loading train dataset from ../trial_clean_aug3/clean_aug3_data2/train.4.bert.pt, number of examples: 0
[2021-03-15 08:12:07,751 INFO] Loading train dataset from ../trial_clean_aug3/clean_aug3_data2/train.2.bert.pt, number of examples: 0
[2021-03-15 08:12:07,777 INFO] Loading train dataset from ../trial_clean_aug3/clean_aug3_data2/train.3.bert.pt, number of examples: 0
[2021-03-15 08:12:07,807 INFO] Loading train dataset from ../trial_clean_aug3/clean_aug3_data2/train.1.bert.pt, number of examples: 0
[2021-03-15 08:12:07,844 INFO] Loading train dataset from ../trial_clean_aug3/clean_aug3_data2/train.0.bert.pt, number of examples: 164
[2021-03-15 08:12:43,277 INFO] Loading train dataset from ../trial_clean_aug3/clean_aug3_data2/train.2.bert.pt, number of examples: 0
[2021-03-15 08:12:43,308 INFO] Loading train dataset from ../trial_clean_aug3/clean_aug3_data2/train.5.bert.pt, number of examples: 0
[2021-03-15 08:12:43,337 INFO] Loading train dataset from ../trial_clean_aug3/clean_aug3_data2/train.4.bert.pt, number of examples: 0
[2021-03-15 08:12:43,366 INFO] Loading train dataset from ../trial_clean_aug3/clean_aug3_data2/train.1.bert.pt, number of examples: 0
[2021-03-15 08:12:43,394 INFO] Loading train dataset from ../trial_clean_aug3/clean_aug3_data2/train.3.bert.pt, number of examples: 0
[2021-03-15 08:12:43,429 INFO] Loading train dataset from ../trial_clean_aug3/clean_aug3_data2/train.0.bert.pt, number of examples: 164
[2021-03-15 08:13:18,820 INFO] Loading train dataset from ../trial_clean_aug3/clean_aug3_data2/train.5.bert.pt, number of examples: 0
[2021-03-15 08:13:18,851 INFO] Loading train dataset from ../trial_clean_aug3/clean_aug3_data2/train.4.bert.pt, number of examples: 0
[2021-03-15 08:13:18,882 INFO] Loading train dataset from ../trial_clean_aug3/clean_aug3_data2/train.2.bert.pt, number of examples: 0
[2021-03-15 08:13:18,920 INFO] Loading train dataset from ../trial_clean_aug3/clean_aug3_data2/train.0.bert.pt, number of examples: 164
[2021-03-15 08:13:42,711 INFO] Step 18850/50000; xent: 0.03; lr: 0.0000146;   9 docs/s;   2017 sec
[2021-03-15 08:13:54,391 INFO] Loading train dataset from ../trial_clean_aug3/clean_aug3_data2/train.1.bert.pt, number of examples: 0
[2021-03-15 08:13:54,420 INFO] Loading train dataset from ../trial_clean_aug3/clean_aug3_data2/train.2.bert.pt, number of examples: 0
[2021-03-15 08:13:54,450 INFO] Loading train dataset from ../trial_clean_aug3/clean_aug3_data2/train.5.bert.pt, number of examples: 0
[2021-03-15 08:13:54,482 INFO] Loading train dataset from ../trial_clean_aug3/clean_aug3_data2/train.3.bert.pt, number of examples: 0
[2021-03-15 08:13:54,528 INFO] Loading train dataset from ../trial_clean_aug3/clean_aug3_data2/train.4.bert.pt, number of examples: 0
[2021-03-15 08:13:54,568 INFO] Loading train dataset from ../trial_clean_aug3/clean_aug3_data2/train.2.bert.pt, number of examples: 0
[2021-03-15 08:13:54,602 INFO] Loading train dataset from ../trial_clean_aug3/clean_aug3_data2/train.3.bert.pt, number of examples: 0
[2021-03-15 08:13:54,631 INFO] Loading train dataset from ../trial_clean_aug3/clean_aug3_data2/train.5.bert.pt, number of examples: 0
[2021-03-15 08:13:54,660 INFO] Loading train dataset from ../trial_clean_aug3/clean_aug3_data2/train.1.bert.pt, number of examples: 0
[2021-03-15 08:13:54,701 INFO] Loading train dataset from ../trial_clean_aug3/clean_aug3_data2/train.0.bert.pt, number of examples: 164
[2021-03-15 08:14:30,225 INFO] Loading train dataset from ../trial_clean_aug3/clean_aug3_data2/train.4.bert.pt, number of examples: 0
[2021-03-15 08:14:30,274 INFO] Loading train dataset from ../trial_clean_aug3/clean_aug3_data2/train.3.bert.pt, number of examples: 0
[2021-03-15 08:14:30,314 INFO] Loading train dataset from ../trial_clean_aug3/clean_aug3_data2/train.1.bert.pt, number of examples: 0
[2021-03-15 08:14:30,362 INFO] Loading train dataset from ../trial_clean_aug3/clean_aug3_data2/train.2.bert.pt, number of examples: 0
[2021-03-15 08:14:30,411 INFO] Loading train dataset from ../trial_clean_aug3/clean_aug3_data2/train.0.bert.pt, number of examples: 164
[2021-03-15 08:15:05,874 INFO] Loading train dataset from ../trial_clean_aug3/clean_aug3_data2/train.4.bert.pt, number of examples: 0
[2021-03-15 08:15:05,901 INFO] Loading train dataset from ../trial_clean_aug3/clean_aug3_data2/train.5.bert.pt, number of examples: 0
[2021-03-15 08:15:05,923 INFO] Loading train dataset from ../trial_clean_aug3/clean_aug3_data2/train.2.bert.pt, number of examples: 0
[2021-03-15 08:15:05,943 INFO] Loading train dataset from ../trial_clean_aug3/clean_aug3_data2/train.5.bert.pt, number of examples: 0
[2021-03-15 08:15:05,964 INFO] Loading train dataset from ../trial_clean_aug3/clean_aug3_data2/train.1.bert.pt, number of examples: 0
[2021-03-15 08:15:05,983 INFO] Loading train dataset from ../trial_clean_aug3/clean_aug3_data2/train.4.bert.pt, number of examples: 0
[2021-03-15 08:15:06,006 INFO] Loading train dataset from ../trial_clean_aug3/clean_aug3_data2/train.3.bert.pt, number of examples: 0
[2021-03-15 08:15:06,035 INFO] Loading train dataset from ../trial_clean_aug3/clean_aug3_data2/train.0.bert.pt, number of examples: 164
[2021-03-15 08:15:41,448 INFO] Step 18900/50000; xent: 0.01; lr: 0.0000145;   9 docs/s;   2136 sec
[2021-03-15 08:15:41,451 INFO] Saving checkpoint ../trial_clean_aug3/clean_aug3_models/model_step_18900.pt
[2021-03-15 08:15:42,809 INFO] Loading train dataset from ../trial_clean_aug3/clean_aug3_data2/train.1.bert.pt, number of examples: 0
[2021-03-15 08:15:42,836 INFO] Loading train dataset from ../trial_clean_aug3/clean_aug3_data2/train.4.bert.pt, number of examples: 0
[2021-03-15 08:15:42,867 INFO] Loading train dataset from ../trial_clean_aug3/clean_aug3_data2/train.0.bert.pt, number of examples: 164
