[2021-03-15 07:18:58,223 INFO] Device ID 0
[2021-03-15 07:18:58,223 INFO] Device cuda
[2021-03-15 07:18:58,286 INFO] Loading checkpoint from ../baseline_models/model_step_18000.pt
[2021-03-15 07:19:45,198 INFO] loading configuration file https://s3.amazonaws.com/models.huggingface.co/bert/bert-base-uncased-config.json from cache at ../temp/4dad0251492946e18ac39290fcfe91b89d370fee250efe9521476438fe8ca185.7156163d5fdc189c3016baca0775ffce230789d7fa2a42ef516483e4ca884517
[2021-03-15 07:19:45,198 INFO] Model config {
  "architectures": [
    "BertForMaskedLM"
  ],
  "attention_probs_dropout_prob": 0.1,
  "finetuning_task": null,
  "hidden_act": "gelu",
  "hidden_dropout_prob": 0.1,
  "hidden_size": 768,
  "initializer_range": 0.02,
  "intermediate_size": 3072,
  "layer_norm_eps": 1e-12,
  "max_position_embeddings": 512,
  "model_type": "bert",
  "num_attention_heads": 12,
  "num_hidden_layers": 12,
  "num_labels": 2,
  "output_attentions": false,
  "output_hidden_states": false,
  "pad_token_id": 0,
  "pruned_heads": {},
  "torchscript": false,
  "type_vocab_size": 2,
  "vocab_size": 30522
}

[2021-03-15 07:19:45,222 INFO] loading weights file https://s3.amazonaws.com/models.huggingface.co/bert/bert-base-uncased-pytorch_model.bin from cache at ../temp/aa1ef1aede4482d0dbcd4d52baad8ae300e60902e88fcb0bebdec09afd232066.36ca03ab34a1a5d5fa7bc3d03d55c4fa650fed07220e2eeebc06ce58d0e9a157
[2021-03-15 07:19:49,770 INFO] ExtSummarizer(
  (bert): Bert(
    (model): BertModel(
      (embeddings): BertEmbeddings(
        (word_embeddings): Embedding(30522, 768, padding_idx=0)
        (position_embeddings): Embedding(512, 768)
        (token_type_embeddings): Embedding(2, 768)
        (LayerNorm): LayerNorm(torch.Size([768]), eps=1e-12, elementwise_affine=True)
        (dropout): Dropout(p=0.1)
      )
      (encoder): BertEncoder(
        (layer): ModuleList(
          (0): BertLayer(
            (attention): BertAttention(
              (self): BertSelfAttention(
                (query): Linear(in_features=768, out_features=768, bias=True)
                (key): Linear(in_features=768, out_features=768, bias=True)
                (value): Linear(in_features=768, out_features=768, bias=True)
                (dropout): Dropout(p=0.1)
              )
              (output): BertSelfOutput(
                (dense): Linear(in_features=768, out_features=768, bias=True)
                (LayerNorm): LayerNorm(torch.Size([768]), eps=1e-12, elementwise_affine=True)
                (dropout): Dropout(p=0.1)
              )
            )
            (intermediate): BertIntermediate(
              (dense): Linear(in_features=768, out_features=3072, bias=True)
            )
            (output): BertOutput(
              (dense): Linear(in_features=3072, out_features=768, bias=True)
              (LayerNorm): LayerNorm(torch.Size([768]), eps=1e-12, elementwise_affine=True)
              (dropout): Dropout(p=0.1)
            )
          )
          (1): BertLayer(
            (attention): BertAttention(
              (self): BertSelfAttention(
                (query): Linear(in_features=768, out_features=768, bias=True)
                (key): Linear(in_features=768, out_features=768, bias=True)
                (value): Linear(in_features=768, out_features=768, bias=True)
                (dropout): Dropout(p=0.1)
              )
              (output): BertSelfOutput(
                (dense): Linear(in_features=768, out_features=768, bias=True)
                (LayerNorm): LayerNorm(torch.Size([768]), eps=1e-12, elementwise_affine=True)
                (dropout): Dropout(p=0.1)
              )
            )
            (intermediate): BertIntermediate(
              (dense): Linear(in_features=768, out_features=3072, bias=True)
            )
            (output): BertOutput(
              (dense): Linear(in_features=3072, out_features=768, bias=True)
              (LayerNorm): LayerNorm(torch.Size([768]), eps=1e-12, elementwise_affine=True)
              (dropout): Dropout(p=0.1)
            )
          )
          (2): BertLayer(
            (attention): BertAttention(
              (self): BertSelfAttention(
                (query): Linear(in_features=768, out_features=768, bias=True)
                (key): Linear(in_features=768, out_features=768, bias=True)
                (value): Linear(in_features=768, out_features=768, bias=True)
                (dropout): Dropout(p=0.1)
              )
              (output): BertSelfOutput(
                (dense): Linear(in_features=768, out_features=768, bias=True)
                (LayerNorm): LayerNorm(torch.Size([768]), eps=1e-12, elementwise_affine=True)
                (dropout): Dropout(p=0.1)
              )
            )
            (intermediate): BertIntermediate(
              (dense): Linear(in_features=768, out_features=3072, bias=True)
            )
            (output): BertOutput(
              (dense): Linear(in_features=3072, out_features=768, bias=True)
              (LayerNorm): LayerNorm(torch.Size([768]), eps=1e-12, elementwise_affine=True)
              (dropout): Dropout(p=0.1)
            )
          )
          (3): BertLayer(
            (attention): BertAttention(
              (self): BertSelfAttention(
                (query): Linear(in_features=768, out_features=768, bias=True)
                (key): Linear(in_features=768, out_features=768, bias=True)
                (value): Linear(in_features=768, out_features=768, bias=True)
                (dropout): Dropout(p=0.1)
              )
              (output): BertSelfOutput(
                (dense): Linear(in_features=768, out_features=768, bias=True)
                (LayerNorm): LayerNorm(torch.Size([768]), eps=1e-12, elementwise_affine=True)
                (dropout): Dropout(p=0.1)
              )
            )
            (intermediate): BertIntermediate(
              (dense): Linear(in_features=768, out_features=3072, bias=True)
            )
            (output): BertOutput(
              (dense): Linear(in_features=3072, out_features=768, bias=True)
              (LayerNorm): LayerNorm(torch.Size([768]), eps=1e-12, elementwise_affine=True)
              (dropout): Dropout(p=0.1)
            )
          )
          (4): BertLayer(
            (attention): BertAttention(
              (self): BertSelfAttention(
                (query): Linear(in_features=768, out_features=768, bias=True)
                (key): Linear(in_features=768, out_features=768, bias=True)
                (value): Linear(in_features=768, out_features=768, bias=True)
                (dropout): Dropout(p=0.1)
              )
              (output): BertSelfOutput(
                (dense): Linear(in_features=768, out_features=768, bias=True)
                (LayerNorm): LayerNorm(torch.Size([768]), eps=1e-12, elementwise_affine=True)
                (dropout): Dropout(p=0.1)
              )
            )
            (intermediate): BertIntermediate(
              (dense): Linear(in_features=768, out_features=3072, bias=True)
            )
            (output): BertOutput(
              (dense): Linear(in_features=3072, out_features=768, bias=True)
              (LayerNorm): LayerNorm(torch.Size([768]), eps=1e-12, elementwise_affine=True)
              (dropout): Dropout(p=0.1)
            )
          )
          (5): BertLayer(
            (attention): BertAttention(
              (self): BertSelfAttention(
                (query): Linear(in_features=768, out_features=768, bias=True)
                (key): Linear(in_features=768, out_features=768, bias=True)
                (value): Linear(in_features=768, out_features=768, bias=True)
                (dropout): Dropout(p=0.1)
              )
              (output): BertSelfOutput(
                (dense): Linear(in_features=768, out_features=768, bias=True)
                (LayerNorm): LayerNorm(torch.Size([768]), eps=1e-12, elementwise_affine=True)
                (dropout): Dropout(p=0.1)
              )
            )
            (intermediate): BertIntermediate(
              (dense): Linear(in_features=768, out_features=3072, bias=True)
            )
            (output): BertOutput(
              (dense): Linear(in_features=3072, out_features=768, bias=True)
              (LayerNorm): LayerNorm(torch.Size([768]), eps=1e-12, elementwise_affine=True)
              (dropout): Dropout(p=0.1)
            )
          )
          (6): BertLayer(
            (attention): BertAttention(
              (self): BertSelfAttention(
                (query): Linear(in_features=768, out_features=768, bias=True)
                (key): Linear(in_features=768, out_features=768, bias=True)
                (value): Linear(in_features=768, out_features=768, bias=True)
                (dropout): Dropout(p=0.1)
              )
              (output): BertSelfOutput(
                (dense): Linear(in_features=768, out_features=768, bias=True)
                (LayerNorm): LayerNorm(torch.Size([768]), eps=1e-12, elementwise_affine=True)
                (dropout): Dropout(p=0.1)
              )
            )
            (intermediate): BertIntermediate(
              (dense): Linear(in_features=768, out_features=3072, bias=True)
            )
            (output): BertOutput(
              (dense): Linear(in_features=3072, out_features=768, bias=True)
              (LayerNorm): LayerNorm(torch.Size([768]), eps=1e-12, elementwise_affine=True)
              (dropout): Dropout(p=0.1)
            )
          )
          (7): BertLayer(
            (attention): BertAttention(
              (self): BertSelfAttention(
                (query): Linear(in_features=768, out_features=768, bias=True)
                (key): Linear(in_features=768, out_features=768, bias=True)
                (value): Linear(in_features=768, out_features=768, bias=True)
                (dropout): Dropout(p=0.1)
              )
              (output): BertSelfOutput(
                (dense): Linear(in_features=768, out_features=768, bias=True)
                (LayerNorm): LayerNorm(torch.Size([768]), eps=1e-12, elementwise_affine=True)
                (dropout): Dropout(p=0.1)
              )
            )
            (intermediate): BertIntermediate(
              (dense): Linear(in_features=768, out_features=3072, bias=True)
            )
            (output): BertOutput(
              (dense): Linear(in_features=3072, out_features=768, bias=True)
              (LayerNorm): LayerNorm(torch.Size([768]), eps=1e-12, elementwise_affine=True)
              (dropout): Dropout(p=0.1)
            )
          )
          (8): BertLayer(
            (attention): BertAttention(
              (self): BertSelfAttention(
                (query): Linear(in_features=768, out_features=768, bias=True)
                (key): Linear(in_features=768, out_features=768, bias=True)
                (value): Linear(in_features=768, out_features=768, bias=True)
                (dropout): Dropout(p=0.1)
              )
              (output): BertSelfOutput(
                (dense): Linear(in_features=768, out_features=768, bias=True)
                (LayerNorm): LayerNorm(torch.Size([768]), eps=1e-12, elementwise_affine=True)
                (dropout): Dropout(p=0.1)
              )
            )
            (intermediate): BertIntermediate(
              (dense): Linear(in_features=768, out_features=3072, bias=True)
            )
            (output): BertOutput(
              (dense): Linear(in_features=3072, out_features=768, bias=True)
              (LayerNorm): LayerNorm(torch.Size([768]), eps=1e-12, elementwise_affine=True)
              (dropout): Dropout(p=0.1)
            )
          )
          (9): BertLayer(
            (attention): BertAttention(
              (self): BertSelfAttention(
                (query): Linear(in_features=768, out_features=768, bias=True)
                (key): Linear(in_features=768, out_features=768, bias=True)
                (value): Linear(in_features=768, out_features=768, bias=True)
                (dropout): Dropout(p=0.1)
              )
              (output): BertSelfOutput(
                (dense): Linear(in_features=768, out_features=768, bias=True)
                (LayerNorm): LayerNorm(torch.Size([768]), eps=1e-12, elementwise_affine=True)
                (dropout): Dropout(p=0.1)
              )
            )
            (intermediate): BertIntermediate(
              (dense): Linear(in_features=768, out_features=3072, bias=True)
            )
            (output): BertOutput(
              (dense): Linear(in_features=3072, out_features=768, bias=True)
              (LayerNorm): LayerNorm(torch.Size([768]), eps=1e-12, elementwise_affine=True)
              (dropout): Dropout(p=0.1)
            )
          )
          (10): BertLayer(
            (attention): BertAttention(
              (self): BertSelfAttention(
                (query): Linear(in_features=768, out_features=768, bias=True)
                (key): Linear(in_features=768, out_features=768, bias=True)
                (value): Linear(in_features=768, out_features=768, bias=True)
                (dropout): Dropout(p=0.1)
              )
              (output): BertSelfOutput(
                (dense): Linear(in_features=768, out_features=768, bias=True)
                (LayerNorm): LayerNorm(torch.Size([768]), eps=1e-12, elementwise_affine=True)
                (dropout): Dropout(p=0.1)
              )
            )
            (intermediate): BertIntermediate(
              (dense): Linear(in_features=768, out_features=3072, bias=True)
            )
            (output): BertOutput(
              (dense): Linear(in_features=3072, out_features=768, bias=True)
              (LayerNorm): LayerNorm(torch.Size([768]), eps=1e-12, elementwise_affine=True)
              (dropout): Dropout(p=0.1)
            )
          )
          (11): BertLayer(
            (attention): BertAttention(
              (self): BertSelfAttention(
                (query): Linear(in_features=768, out_features=768, bias=True)
                (key): Linear(in_features=768, out_features=768, bias=True)
                (value): Linear(in_features=768, out_features=768, bias=True)
                (dropout): Dropout(p=0.1)
              )
              (output): BertSelfOutput(
                (dense): Linear(in_features=768, out_features=768, bias=True)
                (LayerNorm): LayerNorm(torch.Size([768]), eps=1e-12, elementwise_affine=True)
                (dropout): Dropout(p=0.1)
              )
            )
            (intermediate): BertIntermediate(
              (dense): Linear(in_features=768, out_features=3072, bias=True)
            )
            (output): BertOutput(
              (dense): Linear(in_features=3072, out_features=768, bias=True)
              (LayerNorm): LayerNorm(torch.Size([768]), eps=1e-12, elementwise_affine=True)
              (dropout): Dropout(p=0.1)
            )
          )
        )
      )
      (pooler): BertPooler(
        (dense): Linear(in_features=768, out_features=768, bias=True)
        (activation): Tanh()
      )
    )
  )
  (ext_layer): ExtTransformerEncoder(
    (pos_emb): PositionalEncoding(
      (dropout): Dropout(p=0.1)
    )
    (transformer_inter): ModuleList(
      (0): TransformerEncoderLayer(
        (self_attn): MultiHeadedAttention(
          (linear_keys): Linear(in_features=768, out_features=768, bias=True)
          (linear_values): Linear(in_features=768, out_features=768, bias=True)
          (linear_query): Linear(in_features=768, out_features=768, bias=True)
          (softmax): Softmax()
          (dropout): Dropout(p=0.1)
          (final_linear): Linear(in_features=768, out_features=768, bias=True)
        )
        (feed_forward): PositionwiseFeedForward(
          (w_1): Linear(in_features=768, out_features=2048, bias=True)
          (w_2): Linear(in_features=2048, out_features=768, bias=True)
          (layer_norm): LayerNorm(torch.Size([768]), eps=1e-06, elementwise_affine=True)
          (dropout_1): Dropout(p=0.1)
          (dropout_2): Dropout(p=0.1)
        )
        (layer_norm): LayerNorm(torch.Size([768]), eps=1e-06, elementwise_affine=True)
        (dropout): Dropout(p=0.1)
      )
      (1): TransformerEncoderLayer(
        (self_attn): MultiHeadedAttention(
          (linear_keys): Linear(in_features=768, out_features=768, bias=True)
          (linear_values): Linear(in_features=768, out_features=768, bias=True)
          (linear_query): Linear(in_features=768, out_features=768, bias=True)
          (softmax): Softmax()
          (dropout): Dropout(p=0.1)
          (final_linear): Linear(in_features=768, out_features=768, bias=True)
        )
        (feed_forward): PositionwiseFeedForward(
          (w_1): Linear(in_features=768, out_features=2048, bias=True)
          (w_2): Linear(in_features=2048, out_features=768, bias=True)
          (layer_norm): LayerNorm(torch.Size([768]), eps=1e-06, elementwise_affine=True)
          (dropout_1): Dropout(p=0.1)
          (dropout_2): Dropout(p=0.1)
        )
        (layer_norm): LayerNorm(torch.Size([768]), eps=1e-06, elementwise_affine=True)
        (dropout): Dropout(p=0.1)
      )
    )
    (dropout): Dropout(p=0.1)
    (layer_norm): LayerNorm(torch.Size([768]), eps=1e-06, elementwise_affine=True)
    (wo): Linear(in_features=768, out_features=1, bias=True)
    (sigmoid): Sigmoid()
  )
)
[2021-03-15 07:19:49,775 INFO] * number of parameters: 120512513
[2021-03-15 07:19:49,775 INFO] Start training...
[2021-03-15 07:19:49,776 INFO] Loading train dataset from ../trial_clean_aug2/clean_aug2_data2/train.2.bert.pt, number of examples: 0
[2021-03-15 07:19:49,818 INFO] Loading train dataset from ../trial_clean_aug2/clean_aug2_data2/train.0.bert.pt, number of examples: 178
[2021-03-15 07:20:26,688 INFO] Loading train dataset from ../trial_clean_aug2/clean_aug2_data2/train.1.bert.pt, number of examples: 0
[2021-03-15 07:20:26,714 INFO] Loading train dataset from ../trial_clean_aug2/clean_aug2_data2/train.4.bert.pt, number of examples: 0
[2021-03-15 07:20:26,735 INFO] Loading train dataset from ../trial_clean_aug2/clean_aug2_data2/train.5.bert.pt, number of examples: 0
[2021-03-15 07:20:26,757 INFO] Loading train dataset from ../trial_clean_aug2/clean_aug2_data2/train.3.bert.pt, number of examples: 0
[2021-03-15 07:20:26,779 INFO] Loading train dataset from ../trial_clean_aug2/clean_aug2_data2/train.2.bert.pt, number of examples: 0
[2021-03-15 07:20:26,805 INFO] Loading train dataset from ../trial_clean_aug2/clean_aug2_data2/train.4.bert.pt, number of examples: 0
[2021-03-15 07:20:26,826 INFO] Loading train dataset from ../trial_clean_aug2/clean_aug2_data2/train.1.bert.pt, number of examples: 0
[2021-03-15 07:20:26,850 INFO] Loading train dataset from ../trial_clean_aug2/clean_aug2_data2/train.3.bert.pt, number of examples: 0
[2021-03-15 07:20:26,881 INFO] Loading train dataset from ../trial_clean_aug2/clean_aug2_data2/train.0.bert.pt, number of examples: 178
[2021-03-15 07:21:05,551 INFO] Loading train dataset from ../trial_clean_aug2/clean_aug2_data2/train.5.bert.pt, number of examples: 0
[2021-03-15 07:21:05,582 INFO] Loading train dataset from ../trial_clean_aug2/clean_aug2_data2/train.0.bert.pt, number of examples: 178
[2021-03-15 07:21:42,140 INFO] Loading train dataset from ../trial_clean_aug2/clean_aug2_data2/train.4.bert.pt, number of examples: 0
[2021-03-15 07:21:42,168 INFO] Loading train dataset from ../trial_clean_aug2/clean_aug2_data2/train.2.bert.pt, number of examples: 0
[2021-03-15 07:21:42,190 INFO] Loading train dataset from ../trial_clean_aug2/clean_aug2_data2/train.3.bert.pt, number of examples: 0
[2021-03-15 07:21:42,212 INFO] Loading train dataset from ../trial_clean_aug2/clean_aug2_data2/train.5.bert.pt, number of examples: 0
[2021-03-15 07:21:42,233 INFO] Loading train dataset from ../trial_clean_aug2/clean_aug2_data2/train.1.bert.pt, number of examples: 0
[2021-03-15 07:21:42,258 INFO] Loading train dataset from ../trial_clean_aug2/clean_aug2_data2/train.2.bert.pt, number of examples: 0
[2021-03-15 07:21:42,279 INFO] Loading train dataset from ../trial_clean_aug2/clean_aug2_data2/train.1.bert.pt, number of examples: 0
[2021-03-15 07:21:42,308 INFO] Loading train dataset from ../trial_clean_aug2/clean_aug2_data2/train.0.bert.pt, number of examples: 178
[2021-03-15 07:21:44,573 INFO] Step 18050/50000; xent: 2.28; lr: 0.0000149;   9 docs/s;    115 sec
[2021-03-15 07:22:21,256 INFO] Loading train dataset from ../trial_clean_aug2/clean_aug2_data2/train.3.bert.pt, number of examples: 0
[2021-03-15 07:22:21,280 INFO] Loading train dataset from ../trial_clean_aug2/clean_aug2_data2/train.5.bert.pt, number of examples: 0
[2021-03-15 07:22:21,305 INFO] Loading train dataset from ../trial_clean_aug2/clean_aug2_data2/train.4.bert.pt, number of examples: 0
[2021-03-15 07:22:21,330 INFO] Loading train dataset from ../trial_clean_aug2/clean_aug2_data2/train.4.bert.pt, number of examples: 0
[2021-03-15 07:22:21,353 INFO] Loading train dataset from ../trial_clean_aug2/clean_aug2_data2/train.3.bert.pt, number of examples: 0
[2021-03-15 07:22:21,375 INFO] Loading train dataset from ../trial_clean_aug2/clean_aug2_data2/train.5.bert.pt, number of examples: 0
[2021-03-15 07:22:21,396 INFO] Loading train dataset from ../trial_clean_aug2/clean_aug2_data2/train.2.bert.pt, number of examples: 0
[2021-03-15 07:22:21,431 INFO] Loading train dataset from ../trial_clean_aug2/clean_aug2_data2/train.0.bert.pt, number of examples: 178
[2021-03-15 07:22:58,181 INFO] Loading train dataset from ../trial_clean_aug2/clean_aug2_data2/train.1.bert.pt, number of examples: 0
[2021-03-15 07:22:58,212 INFO] Loading train dataset from ../trial_clean_aug2/clean_aug2_data2/train.0.bert.pt, number of examples: 178
[2021-03-15 07:23:37,348 INFO] Loading train dataset from ../trial_clean_aug2/clean_aug2_data2/train.1.bert.pt, number of examples: 0
[2021-03-15 07:23:37,373 INFO] Loading train dataset from ../trial_clean_aug2/clean_aug2_data2/train.2.bert.pt, number of examples: 0
[2021-03-15 07:23:37,396 INFO] Loading train dataset from ../trial_clean_aug2/clean_aug2_data2/train.3.bert.pt, number of examples: 0
[2021-03-15 07:23:37,419 INFO] Loading train dataset from ../trial_clean_aug2/clean_aug2_data2/train.4.bert.pt, number of examples: 0
[2021-03-15 07:23:37,445 INFO] Loading train dataset from ../trial_clean_aug2/clean_aug2_data2/train.5.bert.pt, number of examples: 0
[2021-03-15 07:23:37,466 INFO] Loading train dataset from ../trial_clean_aug2/clean_aug2_data2/train.3.bert.pt, number of examples: 0
[2021-03-15 07:23:37,489 INFO] Loading train dataset from ../trial_clean_aug2/clean_aug2_data2/train.2.bert.pt, number of examples: 0
[2021-03-15 07:23:37,512 INFO] Loading train dataset from ../trial_clean_aug2/clean_aug2_data2/train.5.bert.pt, number of examples: 0
[2021-03-15 07:23:37,534 INFO] Loading train dataset from ../trial_clean_aug2/clean_aug2_data2/train.4.bert.pt, number of examples: 0
[2021-03-15 07:23:37,559 INFO] Loading train dataset from ../trial_clean_aug2/clean_aug2_data2/train.1.bert.pt, number of examples: 0
[2021-03-15 07:23:37,588 INFO] Loading train dataset from ../trial_clean_aug2/clean_aug2_data2/train.0.bert.pt, number of examples: 178
[2021-03-15 07:23:39,822 INFO] Step 18100/50000; xent: 1.07; lr: 0.0000149;   9 docs/s;    230 sec
[2021-03-15 07:24:14,536 INFO] Loading train dataset from ../trial_clean_aug2/clean_aug2_data2/train.0.bert.pt, number of examples: 178
[2021-03-15 07:24:53,794 INFO] Loading train dataset from ../trial_clean_aug2/clean_aug2_data2/train.4.bert.pt, number of examples: 0
[2021-03-15 07:24:53,819 INFO] Loading train dataset from ../trial_clean_aug2/clean_aug2_data2/train.5.bert.pt, number of examples: 0
[2021-03-15 07:24:53,843 INFO] Loading train dataset from ../trial_clean_aug2/clean_aug2_data2/train.3.bert.pt, number of examples: 0
[2021-03-15 07:24:53,865 INFO] Loading train dataset from ../trial_clean_aug2/clean_aug2_data2/train.2.bert.pt, number of examples: 0
[2021-03-15 07:24:53,886 INFO] Loading train dataset from ../trial_clean_aug2/clean_aug2_data2/train.1.bert.pt, number of examples: 0
[2021-03-15 07:24:53,909 INFO] Loading train dataset from ../trial_clean_aug2/clean_aug2_data2/train.2.bert.pt, number of examples: 0
[2021-03-15 07:24:53,932 INFO] Loading train dataset from ../trial_clean_aug2/clean_aug2_data2/train.4.bert.pt, number of examples: 0
[2021-03-15 07:24:53,962 INFO] Loading train dataset from ../trial_clean_aug2/clean_aug2_data2/train.0.bert.pt, number of examples: 178
[2021-03-15 07:25:30,849 INFO] Loading train dataset from ../trial_clean_aug2/clean_aug2_data2/train.1.bert.pt, number of examples: 0
[2021-03-15 07:25:30,874 INFO] Loading train dataset from ../trial_clean_aug2/clean_aug2_data2/train.5.bert.pt, number of examples: 0
[2021-03-15 07:25:30,896 INFO] Loading train dataset from ../trial_clean_aug2/clean_aug2_data2/train.3.bert.pt, number of examples: 0
[2021-03-15 07:25:30,918 INFO] Loading train dataset from ../trial_clean_aug2/clean_aug2_data2/train.4.bert.pt, number of examples: 0
[2021-03-15 07:25:30,945 INFO] Loading train dataset from ../trial_clean_aug2/clean_aug2_data2/train.0.bert.pt, number of examples: 178
[2021-03-15 07:25:35,301 INFO] Step 18150/50000; xent: 0.29; lr: 0.0000148;   9 docs/s;    346 sec
[2021-03-15 07:26:10,576 INFO] Loading train dataset from ../trial_clean_aug2/clean_aug2_data2/train.2.bert.pt, number of examples: 0
[2021-03-15 07:26:10,604 INFO] Loading train dataset from ../trial_clean_aug2/clean_aug2_data2/train.5.bert.pt, number of examples: 0
[2021-03-15 07:26:10,628 INFO] Loading train dataset from ../trial_clean_aug2/clean_aug2_data2/train.3.bert.pt, number of examples: 0
[2021-03-15 07:26:10,651 INFO] Loading train dataset from ../trial_clean_aug2/clean_aug2_data2/train.1.bert.pt, number of examples: 0
[2021-03-15 07:26:10,671 INFO] Loading train dataset from ../trial_clean_aug2/clean_aug2_data2/train.1.bert.pt, number of examples: 0
[2021-03-15 07:26:10,699 INFO] Loading train dataset from ../trial_clean_aug2/clean_aug2_data2/train.0.bert.pt, number of examples: 178
[2021-03-15 07:26:47,791 INFO] Loading train dataset from ../trial_clean_aug2/clean_aug2_data2/train.2.bert.pt, number of examples: 0
[2021-03-15 07:26:47,817 INFO] Loading train dataset from ../trial_clean_aug2/clean_aug2_data2/train.3.bert.pt, number of examples: 0
[2021-03-15 07:26:47,839 INFO] Loading train dataset from ../trial_clean_aug2/clean_aug2_data2/train.4.bert.pt, number of examples: 0
[2021-03-15 07:26:47,861 INFO] Loading train dataset from ../trial_clean_aug2/clean_aug2_data2/train.5.bert.pt, number of examples: 0
[2021-03-15 07:26:47,888 INFO] Loading train dataset from ../trial_clean_aug2/clean_aug2_data2/train.0.bert.pt, number of examples: 178
[2021-03-15 07:27:27,779 INFO] Loading train dataset from ../trial_clean_aug2/clean_aug2_data2/train.2.bert.pt, number of examples: 0
[2021-03-15 07:27:27,804 INFO] Loading train dataset from ../trial_clean_aug2/clean_aug2_data2/train.4.bert.pt, number of examples: 0
[2021-03-15 07:27:27,828 INFO] Loading train dataset from ../trial_clean_aug2/clean_aug2_data2/train.1.bert.pt, number of examples: 0
[2021-03-15 07:27:27,854 INFO] Loading train dataset from ../trial_clean_aug2/clean_aug2_data2/train.5.bert.pt, number of examples: 0
[2021-03-15 07:27:27,880 INFO] Loading train dataset from ../trial_clean_aug2/clean_aug2_data2/train.3.bert.pt, number of examples: 0
[2021-03-15 07:27:27,905 INFO] Loading train dataset from ../trial_clean_aug2/clean_aug2_data2/train.4.bert.pt, number of examples: 0
[2021-03-15 07:27:27,926 INFO] Loading train dataset from ../trial_clean_aug2/clean_aug2_data2/train.5.bert.pt, number of examples: 0
[2021-03-15 07:27:27,947 INFO] Loading train dataset from ../trial_clean_aug2/clean_aug2_data2/train.3.bert.pt, number of examples: 0
[2021-03-15 07:27:27,976 INFO] Loading train dataset from ../trial_clean_aug2/clean_aug2_data2/train.0.bert.pt, number of examples: 178
[2021-03-15 07:27:32,542 INFO] Step 18200/50000; xent: 0.09; lr: 0.0000148;   9 docs/s;    463 sec
[2021-03-15 07:28:05,268 INFO] Loading train dataset from ../trial_clean_aug2/clean_aug2_data2/train.1.bert.pt, number of examples: 0
[2021-03-15 07:28:05,292 INFO] Loading train dataset from ../trial_clean_aug2/clean_aug2_data2/train.2.bert.pt, number of examples: 0
[2021-03-15 07:28:05,315 INFO] Loading train dataset from ../trial_clean_aug2/clean_aug2_data2/train.2.bert.pt, number of examples: 0
[2021-03-15 07:28:05,337 INFO] Loading train dataset from ../trial_clean_aug2/clean_aug2_data2/train.4.bert.pt, number of examples: 0
[2021-03-15 07:28:05,367 INFO] Loading train dataset from ../trial_clean_aug2/clean_aug2_data2/train.0.bert.pt, number of examples: 178
[2021-03-15 07:28:45,119 INFO] Loading train dataset from ../trial_clean_aug2/clean_aug2_data2/train.5.bert.pt, number of examples: 0
[2021-03-15 07:28:45,146 INFO] Loading train dataset from ../trial_clean_aug2/clean_aug2_data2/train.1.bert.pt, number of examples: 0
[2021-03-15 07:28:45,168 INFO] Loading train dataset from ../trial_clean_aug2/clean_aug2_data2/train.3.bert.pt, number of examples: 0
[2021-03-15 07:28:45,194 INFO] Loading train dataset from ../trial_clean_aug2/clean_aug2_data2/train.3.bert.pt, number of examples: 0
[2021-03-15 07:28:45,216 INFO] Loading train dataset from ../trial_clean_aug2/clean_aug2_data2/train.4.bert.pt, number of examples: 0
[2021-03-15 07:28:45,237 INFO] Loading train dataset from ../trial_clean_aug2/clean_aug2_data2/train.2.bert.pt, number of examples: 0
[2021-03-15 07:28:45,260 INFO] Loading train dataset from ../trial_clean_aug2/clean_aug2_data2/train.1.bert.pt, number of examples: 0
[2021-03-15 07:28:45,288 INFO] Loading train dataset from ../trial_clean_aug2/clean_aug2_data2/train.0.bert.pt, number of examples: 178
[2021-03-15 07:29:22,582 INFO] Loading train dataset from ../trial_clean_aug2/clean_aug2_data2/train.5.bert.pt, number of examples: 0
[2021-03-15 07:29:22,610 INFO] Loading train dataset from ../trial_clean_aug2/clean_aug2_data2/train.3.bert.pt, number of examples: 0
[2021-03-15 07:29:22,637 INFO] Loading train dataset from ../trial_clean_aug2/clean_aug2_data2/train.5.bert.pt, number of examples: 0
[2021-03-15 07:29:22,663 INFO] Loading train dataset from ../trial_clean_aug2/clean_aug2_data2/train.1.bert.pt, number of examples: 0
[2021-03-15 07:29:22,686 INFO] Loading train dataset from ../trial_clean_aug2/clean_aug2_data2/train.4.bert.pt, number of examples: 0
[2021-03-15 07:29:22,710 INFO] Loading train dataset from ../trial_clean_aug2/clean_aug2_data2/train.2.bert.pt, number of examples: 0
[2021-03-15 07:29:22,741 INFO] Loading train dataset from ../trial_clean_aug2/clean_aug2_data2/train.0.bert.pt, number of examples: 178
[2021-03-15 07:29:29,032 INFO] Step 18250/50000; xent: 0.11; lr: 0.0000148;   9 docs/s;    579 sec
[2021-03-15 07:30:02,321 INFO] Loading train dataset from ../trial_clean_aug2/clean_aug2_data2/train.5.bert.pt, number of examples: 0
[2021-03-15 07:30:02,348 INFO] Loading train dataset from ../trial_clean_aug2/clean_aug2_data2/train.1.bert.pt, number of examples: 0
[2021-03-15 07:30:02,369 INFO] Loading train dataset from ../trial_clean_aug2/clean_aug2_data2/train.4.bert.pt, number of examples: 0
[2021-03-15 07:30:02,391 INFO] Loading train dataset from ../trial_clean_aug2/clean_aug2_data2/train.3.bert.pt, number of examples: 0
[2021-03-15 07:30:02,421 INFO] Loading train dataset from ../trial_clean_aug2/clean_aug2_data2/train.0.bert.pt, number of examples: 178
[2021-03-15 07:30:39,755 INFO] Loading train dataset from ../trial_clean_aug2/clean_aug2_data2/train.2.bert.pt, number of examples: 0
[2021-03-15 07:30:39,779 INFO] Loading train dataset from ../trial_clean_aug2/clean_aug2_data2/train.2.bert.pt, number of examples: 0
[2021-03-15 07:30:39,800 INFO] Loading train dataset from ../trial_clean_aug2/clean_aug2_data2/train.1.bert.pt, number of examples: 0
[2021-03-15 07:30:39,821 INFO] Loading train dataset from ../trial_clean_aug2/clean_aug2_data2/train.5.bert.pt, number of examples: 0
[2021-03-15 07:30:39,849 INFO] Loading train dataset from ../trial_clean_aug2/clean_aug2_data2/train.0.bert.pt, number of examples: 178
[2021-03-15 07:31:19,410 INFO] Loading train dataset from ../trial_clean_aug2/clean_aug2_data2/train.4.bert.pt, number of examples: 0
[2021-03-15 07:31:19,438 INFO] Loading train dataset from ../trial_clean_aug2/clean_aug2_data2/train.3.bert.pt, number of examples: 0
[2021-03-15 07:31:19,468 INFO] Loading train dataset from ../trial_clean_aug2/clean_aug2_data2/train.5.bert.pt, number of examples: 0
[2021-03-15 07:31:19,492 INFO] Loading train dataset from ../trial_clean_aug2/clean_aug2_data2/train.2.bert.pt, number of examples: 0
[2021-03-15 07:31:19,514 INFO] Loading train dataset from ../trial_clean_aug2/clean_aug2_data2/train.1.bert.pt, number of examples: 0
[2021-03-15 07:31:19,534 INFO] Loading train dataset from ../trial_clean_aug2/clean_aug2_data2/train.3.bert.pt, number of examples: 0
[2021-03-15 07:31:19,554 INFO] Loading train dataset from ../trial_clean_aug2/clean_aug2_data2/train.4.bert.pt, number of examples: 0
[2021-03-15 07:31:19,582 INFO] Loading train dataset from ../trial_clean_aug2/clean_aug2_data2/train.0.bert.pt, number of examples: 178
[2021-03-15 07:31:25,895 INFO] Step 18300/50000; xent: 0.06; lr: 0.0000148;   9 docs/s;    696 sec
[2021-03-15 07:31:25,897 INFO] Saving checkpoint ../trial_clean_aug2/clean_aug2_models/model_step_18300.pt
[2021-03-15 07:31:58,150 INFO] Loading train dataset from ../trial_clean_aug2/clean_aug2_data2/train.3.bert.pt, number of examples: 0
[2021-03-15 07:31:58,173 INFO] Loading train dataset from ../trial_clean_aug2/clean_aug2_data2/train.5.bert.pt, number of examples: 0
[2021-03-15 07:31:58,197 INFO] Loading train dataset from ../trial_clean_aug2/clean_aug2_data2/train.2.bert.pt, number of examples: 0
[2021-03-15 07:31:58,225 INFO] Loading train dataset from ../trial_clean_aug2/clean_aug2_data2/train.1.bert.pt, number of examples: 0
[2021-03-15 07:31:58,257 INFO] Loading train dataset from ../trial_clean_aug2/clean_aug2_data2/train.0.bert.pt, number of examples: 178
[2021-03-15 07:32:37,834 INFO] Loading train dataset from ../trial_clean_aug2/clean_aug2_data2/train.4.bert.pt, number of examples: 0
[2021-03-15 07:32:37,857 INFO] Loading train dataset from ../trial_clean_aug2/clean_aug2_data2/train.5.bert.pt, number of examples: 0
[2021-03-15 07:32:37,886 INFO] Loading train dataset from ../trial_clean_aug2/clean_aug2_data2/train.0.bert.pt, number of examples: 178
[2021-03-15 07:33:15,153 INFO] Loading train dataset from ../trial_clean_aug2/clean_aug2_data2/train.2.bert.pt, number of examples: 0
[2021-03-15 07:33:15,179 INFO] Loading train dataset from ../trial_clean_aug2/clean_aug2_data2/train.3.bert.pt, number of examples: 0
[2021-03-15 07:33:15,201 INFO] Loading train dataset from ../trial_clean_aug2/clean_aug2_data2/train.1.bert.pt, number of examples: 0
[2021-03-15 07:33:15,225 INFO] Loading train dataset from ../trial_clean_aug2/clean_aug2_data2/train.4.bert.pt, number of examples: 0
[2021-03-15 07:33:15,246 INFO] Loading train dataset from ../trial_clean_aug2/clean_aug2_data2/train.1.bert.pt, number of examples: 0
[2021-03-15 07:33:15,266 INFO] Loading train dataset from ../trial_clean_aug2/clean_aug2_data2/train.3.bert.pt, number of examples: 0
[2021-03-15 07:33:15,289 INFO] Loading train dataset from ../trial_clean_aug2/clean_aug2_data2/train.4.bert.pt, number of examples: 0
[2021-03-15 07:33:15,311 INFO] Loading train dataset from ../trial_clean_aug2/clean_aug2_data2/train.5.bert.pt, number of examples: 0
[2021-03-15 07:33:15,338 INFO] Loading train dataset from ../trial_clean_aug2/clean_aug2_data2/train.0.bert.pt, number of examples: 178
