[2021-03-17 06:05:58,104 INFO] Device ID 0
[2021-03-17 06:05:58,104 INFO] Device cuda
[2021-03-17 06:05:58,428 INFO] Loading checkpoint from ../baseline_models/model_step_18000.pt
[2021-03-17 06:06:53,911 INFO] loading configuration file https://s3.amazonaws.com/models.huggingface.co/bert/bert-base-uncased-config.json from cache at ../temp/4dad0251492946e18ac39290fcfe91b89d370fee250efe9521476438fe8ca185.7156163d5fdc189c3016baca0775ffce230789d7fa2a42ef516483e4ca884517
[2021-03-17 06:06:53,924 INFO] Model config {
  "architectures": [
    "BertForMaskedLM"
  ],
  "attention_probs_dropout_prob": 0.1,
  "finetuning_task": null,
  "hidden_act": "gelu",
  "hidden_dropout_prob": 0.1,
  "hidden_size": 768,
  "initializer_range": 0.02,
  "intermediate_size": 3072,
  "layer_norm_eps": 1e-12,
  "max_position_embeddings": 512,
  "model_type": "bert",
  "num_attention_heads": 12,
  "num_hidden_layers": 12,
  "num_labels": 2,
  "output_attentions": false,
  "output_hidden_states": false,
  "pad_token_id": 0,
  "pruned_heads": {},
  "torchscript": false,
  "type_vocab_size": 2,
  "vocab_size": 30522
}

[2021-03-17 06:06:53,960 INFO] loading weights file https://s3.amazonaws.com/models.huggingface.co/bert/bert-base-uncased-pytorch_model.bin from cache at ../temp/aa1ef1aede4482d0dbcd4d52baad8ae300e60902e88fcb0bebdec09afd232066.36ca03ab34a1a5d5fa7bc3d03d55c4fa650fed07220e2eeebc06ce58d0e9a157
[2021-03-17 06:07:22,863 INFO] ExtSummarizer(
  (bert): Bert(
    (model): BertModel(
      (embeddings): BertEmbeddings(
        (word_embeddings): Embedding(30522, 768, padding_idx=0)
        (position_embeddings): Embedding(512, 768)
        (token_type_embeddings): Embedding(2, 768)
        (LayerNorm): LayerNorm(torch.Size([768]), eps=1e-12, elementwise_affine=True)
        (dropout): Dropout(p=0.1)
      )
      (encoder): BertEncoder(
        (layer): ModuleList(
          (0): BertLayer(
            (attention): BertAttention(
              (self): BertSelfAttention(
                (query): Linear(in_features=768, out_features=768, bias=True)
                (key): Linear(in_features=768, out_features=768, bias=True)
                (value): Linear(in_features=768, out_features=768, bias=True)
                (dropout): Dropout(p=0.1)
              )
              (output): BertSelfOutput(
                (dense): Linear(in_features=768, out_features=768, bias=True)
                (LayerNorm): LayerNorm(torch.Size([768]), eps=1e-12, elementwise_affine=True)
                (dropout): Dropout(p=0.1)
              )
            )
            (intermediate): BertIntermediate(
              (dense): Linear(in_features=768, out_features=3072, bias=True)
            )
            (output): BertOutput(
              (dense): Linear(in_features=3072, out_features=768, bias=True)
              (LayerNorm): LayerNorm(torch.Size([768]), eps=1e-12, elementwise_affine=True)
              (dropout): Dropout(p=0.1)
            )
          )
          (1): BertLayer(
            (attention): BertAttention(
              (self): BertSelfAttention(
                (query): Linear(in_features=768, out_features=768, bias=True)
                (key): Linear(in_features=768, out_features=768, bias=True)
                (value): Linear(in_features=768, out_features=768, bias=True)
                (dropout): Dropout(p=0.1)
              )
              (output): BertSelfOutput(
                (dense): Linear(in_features=768, out_features=768, bias=True)
                (LayerNorm): LayerNorm(torch.Size([768]), eps=1e-12, elementwise_affine=True)
                (dropout): Dropout(p=0.1)
              )
            )
            (intermediate): BertIntermediate(
              (dense): Linear(in_features=768, out_features=3072, bias=True)
            )
            (output): BertOutput(
              (dense): Linear(in_features=3072, out_features=768, bias=True)
              (LayerNorm): LayerNorm(torch.Size([768]), eps=1e-12, elementwise_affine=True)
              (dropout): Dropout(p=0.1)
            )
          )
          (2): BertLayer(
            (attention): BertAttention(
              (self): BertSelfAttention(
                (query): Linear(in_features=768, out_features=768, bias=True)
                (key): Linear(in_features=768, out_features=768, bias=True)
                (value): Linear(in_features=768, out_features=768, bias=True)
                (dropout): Dropout(p=0.1)
              )
              (output): BertSelfOutput(
                (dense): Linear(in_features=768, out_features=768, bias=True)
                (LayerNorm): LayerNorm(torch.Size([768]), eps=1e-12, elementwise_affine=True)
                (dropout): Dropout(p=0.1)
              )
            )
            (intermediate): BertIntermediate(
              (dense): Linear(in_features=768, out_features=3072, bias=True)
            )
            (output): BertOutput(
              (dense): Linear(in_features=3072, out_features=768, bias=True)
              (LayerNorm): LayerNorm(torch.Size([768]), eps=1e-12, elementwise_affine=True)
              (dropout): Dropout(p=0.1)
            )
          )
          (3): BertLayer(
            (attention): BertAttention(
              (self): BertSelfAttention(
                (query): Linear(in_features=768, out_features=768, bias=True)
                (key): Linear(in_features=768, out_features=768, bias=True)
                (value): Linear(in_features=768, out_features=768, bias=True)
                (dropout): Dropout(p=0.1)
              )
              (output): BertSelfOutput(
                (dense): Linear(in_features=768, out_features=768, bias=True)
                (LayerNorm): LayerNorm(torch.Size([768]), eps=1e-12, elementwise_affine=True)
                (dropout): Dropout(p=0.1)
              )
            )
            (intermediate): BertIntermediate(
              (dense): Linear(in_features=768, out_features=3072, bias=True)
            )
            (output): BertOutput(
              (dense): Linear(in_features=3072, out_features=768, bias=True)
              (LayerNorm): LayerNorm(torch.Size([768]), eps=1e-12, elementwise_affine=True)
              (dropout): Dropout(p=0.1)
            )
          )
          (4): BertLayer(
            (attention): BertAttention(
              (self): BertSelfAttention(
                (query): Linear(in_features=768, out_features=768, bias=True)
                (key): Linear(in_features=768, out_features=768, bias=True)
                (value): Linear(in_features=768, out_features=768, bias=True)
                (dropout): Dropout(p=0.1)
              )
              (output): BertSelfOutput(
                (dense): Linear(in_features=768, out_features=768, bias=True)
                (LayerNorm): LayerNorm(torch.Size([768]), eps=1e-12, elementwise_affine=True)
                (dropout): Dropout(p=0.1)
              )
            )
            (intermediate): BertIntermediate(
              (dense): Linear(in_features=768, out_features=3072, bias=True)
            )
            (output): BertOutput(
              (dense): Linear(in_features=3072, out_features=768, bias=True)
              (LayerNorm): LayerNorm(torch.Size([768]), eps=1e-12, elementwise_affine=True)
              (dropout): Dropout(p=0.1)
            )
          )
          (5): BertLayer(
            (attention): BertAttention(
              (self): BertSelfAttention(
                (query): Linear(in_features=768, out_features=768, bias=True)
                (key): Linear(in_features=768, out_features=768, bias=True)
                (value): Linear(in_features=768, out_features=768, bias=True)
                (dropout): Dropout(p=0.1)
              )
              (output): BertSelfOutput(
                (dense): Linear(in_features=768, out_features=768, bias=True)
                (LayerNorm): LayerNorm(torch.Size([768]), eps=1e-12, elementwise_affine=True)
                (dropout): Dropout(p=0.1)
              )
            )
            (intermediate): BertIntermediate(
              (dense): Linear(in_features=768, out_features=3072, bias=True)
            )
            (output): BertOutput(
              (dense): Linear(in_features=3072, out_features=768, bias=True)
              (LayerNorm): LayerNorm(torch.Size([768]), eps=1e-12, elementwise_affine=True)
              (dropout): Dropout(p=0.1)
            )
          )
          (6): BertLayer(
            (attention): BertAttention(
              (self): BertSelfAttention(
                (query): Linear(in_features=768, out_features=768, bias=True)
                (key): Linear(in_features=768, out_features=768, bias=True)
                (value): Linear(in_features=768, out_features=768, bias=True)
                (dropout): Dropout(p=0.1)
              )
              (output): BertSelfOutput(
                (dense): Linear(in_features=768, out_features=768, bias=True)
                (LayerNorm): LayerNorm(torch.Size([768]), eps=1e-12, elementwise_affine=True)
                (dropout): Dropout(p=0.1)
              )
            )
            (intermediate): BertIntermediate(
              (dense): Linear(in_features=768, out_features=3072, bias=True)
            )
            (output): BertOutput(
              (dense): Linear(in_features=3072, out_features=768, bias=True)
              (LayerNorm): LayerNorm(torch.Size([768]), eps=1e-12, elementwise_affine=True)
              (dropout): Dropout(p=0.1)
            )
          )
          (7): BertLayer(
            (attention): BertAttention(
              (self): BertSelfAttention(
                (query): Linear(in_features=768, out_features=768, bias=True)
                (key): Linear(in_features=768, out_features=768, bias=True)
                (value): Linear(in_features=768, out_features=768, bias=True)
                (dropout): Dropout(p=0.1)
              )
              (output): BertSelfOutput(
                (dense): Linear(in_features=768, out_features=768, bias=True)
                (LayerNorm): LayerNorm(torch.Size([768]), eps=1e-12, elementwise_affine=True)
                (dropout): Dropout(p=0.1)
              )
            )
            (intermediate): BertIntermediate(
              (dense): Linear(in_features=768, out_features=3072, bias=True)
            )
            (output): BertOutput(
              (dense): Linear(in_features=3072, out_features=768, bias=True)
              (LayerNorm): LayerNorm(torch.Size([768]), eps=1e-12, elementwise_affine=True)
              (dropout): Dropout(p=0.1)
            )
          )
          (8): BertLayer(
            (attention): BertAttention(
              (self): BertSelfAttention(
                (query): Linear(in_features=768, out_features=768, bias=True)
                (key): Linear(in_features=768, out_features=768, bias=True)
                (value): Linear(in_features=768, out_features=768, bias=True)
                (dropout): Dropout(p=0.1)
              )
              (output): BertSelfOutput(
                (dense): Linear(in_features=768, out_features=768, bias=True)
                (LayerNorm): LayerNorm(torch.Size([768]), eps=1e-12, elementwise_affine=True)
                (dropout): Dropout(p=0.1)
              )
            )
            (intermediate): BertIntermediate(
              (dense): Linear(in_features=768, out_features=3072, bias=True)
            )
            (output): BertOutput(
              (dense): Linear(in_features=3072, out_features=768, bias=True)
              (LayerNorm): LayerNorm(torch.Size([768]), eps=1e-12, elementwise_affine=True)
              (dropout): Dropout(p=0.1)
            )
          )
          (9): BertLayer(
            (attention): BertAttention(
              (self): BertSelfAttention(
                (query): Linear(in_features=768, out_features=768, bias=True)
                (key): Linear(in_features=768, out_features=768, bias=True)
                (value): Linear(in_features=768, out_features=768, bias=True)
                (dropout): Dropout(p=0.1)
              )
              (output): BertSelfOutput(
                (dense): Linear(in_features=768, out_features=768, bias=True)
                (LayerNorm): LayerNorm(torch.Size([768]), eps=1e-12, elementwise_affine=True)
                (dropout): Dropout(p=0.1)
              )
            )
            (intermediate): BertIntermediate(
              (dense): Linear(in_features=768, out_features=3072, bias=True)
            )
            (output): BertOutput(
              (dense): Linear(in_features=3072, out_features=768, bias=True)
              (LayerNorm): LayerNorm(torch.Size([768]), eps=1e-12, elementwise_affine=True)
              (dropout): Dropout(p=0.1)
            )
          )
          (10): BertLayer(
            (attention): BertAttention(
              (self): BertSelfAttention(
                (query): Linear(in_features=768, out_features=768, bias=True)
                (key): Linear(in_features=768, out_features=768, bias=True)
                (value): Linear(in_features=768, out_features=768, bias=True)
                (dropout): Dropout(p=0.1)
              )
              (output): BertSelfOutput(
                (dense): Linear(in_features=768, out_features=768, bias=True)
                (LayerNorm): LayerNorm(torch.Size([768]), eps=1e-12, elementwise_affine=True)
                (dropout): Dropout(p=0.1)
              )
            )
            (intermediate): BertIntermediate(
              (dense): Linear(in_features=768, out_features=3072, bias=True)
            )
            (output): BertOutput(
              (dense): Linear(in_features=3072, out_features=768, bias=True)
              (LayerNorm): LayerNorm(torch.Size([768]), eps=1e-12, elementwise_affine=True)
              (dropout): Dropout(p=0.1)
            )
          )
          (11): BertLayer(
            (attention): BertAttention(
              (self): BertSelfAttention(
                (query): Linear(in_features=768, out_features=768, bias=True)
                (key): Linear(in_features=768, out_features=768, bias=True)
                (value): Linear(in_features=768, out_features=768, bias=True)
                (dropout): Dropout(p=0.1)
              )
              (output): BertSelfOutput(
                (dense): Linear(in_features=768, out_features=768, bias=True)
                (LayerNorm): LayerNorm(torch.Size([768]), eps=1e-12, elementwise_affine=True)
                (dropout): Dropout(p=0.1)
              )
            )
            (intermediate): BertIntermediate(
              (dense): Linear(in_features=768, out_features=3072, bias=True)
            )
            (output): BertOutput(
              (dense): Linear(in_features=3072, out_features=768, bias=True)
              (LayerNorm): LayerNorm(torch.Size([768]), eps=1e-12, elementwise_affine=True)
              (dropout): Dropout(p=0.1)
            )
          )
        )
      )
      (pooler): BertPooler(
        (dense): Linear(in_features=768, out_features=768, bias=True)
        (activation): Tanh()
      )
    )
  )
  (ext_layer): ExtTransformerEncoder(
    (pos_emb): PositionalEncoding(
      (dropout): Dropout(p=0.1)
    )
    (transformer_inter): ModuleList(
      (0): TransformerEncoderLayer(
        (self_attn): MultiHeadedAttention(
          (linear_keys): Linear(in_features=768, out_features=768, bias=True)
          (linear_values): Linear(in_features=768, out_features=768, bias=True)
          (linear_query): Linear(in_features=768, out_features=768, bias=True)
          (softmax): Softmax()
          (dropout): Dropout(p=0.1)
          (final_linear): Linear(in_features=768, out_features=768, bias=True)
        )
        (feed_forward): PositionwiseFeedForward(
          (w_1): Linear(in_features=768, out_features=2048, bias=True)
          (w_2): Linear(in_features=2048, out_features=768, bias=True)
          (layer_norm): LayerNorm(torch.Size([768]), eps=1e-06, elementwise_affine=True)
          (dropout_1): Dropout(p=0.1)
          (dropout_2): Dropout(p=0.1)
        )
        (layer_norm): LayerNorm(torch.Size([768]), eps=1e-06, elementwise_affine=True)
        (dropout): Dropout(p=0.1)
      )
      (1): TransformerEncoderLayer(
        (self_attn): MultiHeadedAttention(
          (linear_keys): Linear(in_features=768, out_features=768, bias=True)
          (linear_values): Linear(in_features=768, out_features=768, bias=True)
          (linear_query): Linear(in_features=768, out_features=768, bias=True)
          (softmax): Softmax()
          (dropout): Dropout(p=0.1)
          (final_linear): Linear(in_features=768, out_features=768, bias=True)
        )
        (feed_forward): PositionwiseFeedForward(
          (w_1): Linear(in_features=768, out_features=2048, bias=True)
          (w_2): Linear(in_features=2048, out_features=768, bias=True)
          (layer_norm): LayerNorm(torch.Size([768]), eps=1e-06, elementwise_affine=True)
          (dropout_1): Dropout(p=0.1)
          (dropout_2): Dropout(p=0.1)
        )
        (layer_norm): LayerNorm(torch.Size([768]), eps=1e-06, elementwise_affine=True)
        (dropout): Dropout(p=0.1)
      )
    )
    (dropout): Dropout(p=0.1)
    (layer_norm): LayerNorm(torch.Size([768]), eps=1e-06, elementwise_affine=True)
    (wo): Linear(in_features=768, out_features=1, bias=True)
    (sigmoid): Sigmoid()
  )
)
[2021-03-17 06:07:22,869 INFO] * number of parameters: 120512513
[2021-03-17 06:07:22,869 INFO] Start training...
[2021-03-17 06:07:22,903 INFO] Loading train dataset from ../trial_clean8/clean8_data2/train.0.bert.pt, number of examples: 767
[2021-03-17 06:09:10,898 INFO] Step 18050/50000; xent: 0.61; lr: 0.0000149;  10 docs/s;    108 sec
[2021-03-17 06:10:00,583 INFO] Loading train dataset from ../trial_clean8/clean8_data2/train.0.bert.pt, number of examples: 767
[2021-03-17 06:10:59,590 INFO] Step 18100/50000; xent: 0.54; lr: 0.0000149;  10 docs/s;    217 sec
[2021-03-17 06:12:41,592 INFO] Loading train dataset from ../trial_clean8/clean8_data2/train.0.bert.pt, number of examples: 767
[2021-03-17 06:12:48,182 INFO] Step 18150/50000; xent: 0.50; lr: 0.0000148;   9 docs/s;    325 sec
[2021-03-17 06:14:37,352 INFO] Step 18200/50000; xent: 0.42; lr: 0.0000148;  10 docs/s;    434 sec
[2021-03-17 06:15:21,260 INFO] Loading train dataset from ../trial_clean8/clean8_data2/train.0.bert.pt, number of examples: 767
[2021-03-17 06:16:26,376 INFO] Step 18250/50000; xent: 0.29; lr: 0.0000148;   9 docs/s;    543 sec
[2021-03-17 06:18:03,196 INFO] Loading train dataset from ../trial_clean8/clean8_data2/train.0.bert.pt, number of examples: 767
[2021-03-17 06:18:16,396 INFO] Step 18300/50000; xent: 0.26; lr: 0.0000148;  10 docs/s;    653 sec
[2021-03-17 06:18:16,398 INFO] Saving checkpoint ../trial_clean8/clean8_models/model_step_18300.pt
[2021-03-17 06:20:07,527 INFO] Step 18350/50000; xent: 0.08; lr: 0.0000148;   9 docs/s;    765 sec
[2021-03-17 06:20:44,261 INFO] Loading train dataset from ../trial_clean8/clean8_data2/train.0.bert.pt, number of examples: 767
[2021-03-17 06:21:56,715 INFO] Step 18400/50000; xent: 0.07; lr: 0.0000147;  10 docs/s;    874 sec
[2021-03-17 06:23:26,050 INFO] Loading train dataset from ../trial_clean8/clean8_data2/train.0.bert.pt, number of examples: 767
[2021-03-17 06:23:45,699 INFO] Step 18450/50000; xent: 0.04; lr: 0.0000147;  10 docs/s;    983 sec
[2021-03-17 06:25:35,705 INFO] Step 18500/50000; xent: 0.07; lr: 0.0000147;  10 docs/s;   1093 sec
[2021-03-17 06:26:05,890 INFO] Loading train dataset from ../trial_clean8/clean8_data2/train.0.bert.pt, number of examples: 767
[2021-03-17 06:27:24,466 INFO] Step 18550/50000; xent: 0.05; lr: 0.0000147;   9 docs/s;   1202 sec
[2021-03-17 06:28:47,852 INFO] Loading train dataset from ../trial_clean8/clean8_data2/train.0.bert.pt, number of examples: 767
[2021-03-17 06:29:13,285 INFO] Step 18600/50000; xent: 0.04; lr: 0.0000147;  10 docs/s;   1310 sec
[2021-03-17 06:29:13,287 INFO] Saving checkpoint ../trial_clean8/clean8_models/model_step_18600.pt
[2021-03-17 06:31:04,696 INFO] Step 18650/50000; xent: 0.03; lr: 0.0000146;   9 docs/s;   1422 sec
[2021-03-17 06:31:28,956 INFO] Loading train dataset from ../trial_clean8/clean8_data2/train.0.bert.pt, number of examples: 767
[2021-03-17 06:32:54,703 INFO] Step 18700/50000; xent: 0.03; lr: 0.0000146;  10 docs/s;   1532 sec
[2021-03-17 06:34:10,848 INFO] Loading train dataset from ../trial_clean8/clean8_data2/train.0.bert.pt, number of examples: 767
[2021-03-17 06:34:43,724 INFO] Step 18750/50000; xent: 0.02; lr: 0.0000146;   9 docs/s;   1641 sec
[2021-03-17 06:36:32,688 INFO] Step 18800/50000; xent: 0.00; lr: 0.0000146;  10 docs/s;   1750 sec
[2021-03-17 06:36:50,489 INFO] Loading train dataset from ../trial_clean8/clean8_data2/train.0.bert.pt, number of examples: 767
[2021-03-17 06:38:21,851 INFO] Step 18850/50000; xent: 0.03; lr: 0.0000146;   9 docs/s;   1859 sec
[2021-03-17 06:39:32,347 INFO] Loading train dataset from ../trial_clean8/clean8_data2/train.0.bert.pt, number of examples: 767
[2021-03-17 06:40:11,715 INFO] Step 18900/50000; xent: 0.01; lr: 0.0000145;  10 docs/s;   1969 sec
[2021-03-17 06:40:11,717 INFO] Saving checkpoint ../trial_clean8/clean8_models/model_step_18900.pt
[2021-03-17 06:42:02,198 INFO] Step 18950/50000; xent: 0.00; lr: 0.0000145;   9 docs/s;   2079 sec
[2021-03-17 06:42:13,414 INFO] Loading train dataset from ../trial_clean8/clean8_data2/train.0.bert.pt, number of examples: 767
