[2021-03-14 21:02:31,939 INFO] Device ID 0
[2021-03-14 21:02:31,939 INFO] Device cuda
[2021-03-14 21:02:32,347 INFO] Loading checkpoint from ../baseline_models/model_step_18000.pt
[2021-03-14 21:03:23,570 INFO] loading configuration file https://s3.amazonaws.com/models.huggingface.co/bert/bert-base-uncased-config.json from cache at ../temp/4dad0251492946e18ac39290fcfe91b89d370fee250efe9521476438fe8ca185.7156163d5fdc189c3016baca0775ffce230789d7fa2a42ef516483e4ca884517
[2021-03-14 21:03:23,585 INFO] Model config {
  "architectures": [
    "BertForMaskedLM"
  ],
  "attention_probs_dropout_prob": 0.1,
  "finetuning_task": null,
  "hidden_act": "gelu",
  "hidden_dropout_prob": 0.1,
  "hidden_size": 768,
  "initializer_range": 0.02,
  "intermediate_size": 3072,
  "layer_norm_eps": 1e-12,
  "max_position_embeddings": 512,
  "model_type": "bert",
  "num_attention_heads": 12,
  "num_hidden_layers": 12,
  "num_labels": 2,
  "output_attentions": false,
  "output_hidden_states": false,
  "pad_token_id": 0,
  "pruned_heads": {},
  "torchscript": false,
  "type_vocab_size": 2,
  "vocab_size": 30522
}

[2021-03-14 21:03:23,619 INFO] loading weights file https://s3.amazonaws.com/models.huggingface.co/bert/bert-base-uncased-pytorch_model.bin from cache at ../temp/aa1ef1aede4482d0dbcd4d52baad8ae300e60902e88fcb0bebdec09afd232066.36ca03ab34a1a5d5fa7bc3d03d55c4fa650fed07220e2eeebc06ce58d0e9a157
[2021-03-14 21:03:51,040 INFO] ExtSummarizer(
  (bert): Bert(
    (model): BertModel(
      (embeddings): BertEmbeddings(
        (word_embeddings): Embedding(30522, 768, padding_idx=0)
        (position_embeddings): Embedding(512, 768)
        (token_type_embeddings): Embedding(2, 768)
        (LayerNorm): LayerNorm(torch.Size([768]), eps=1e-12, elementwise_affine=True)
        (dropout): Dropout(p=0.1)
      )
      (encoder): BertEncoder(
        (layer): ModuleList(
          (0): BertLayer(
            (attention): BertAttention(
              (self): BertSelfAttention(
                (query): Linear(in_features=768, out_features=768, bias=True)
                (key): Linear(in_features=768, out_features=768, bias=True)
                (value): Linear(in_features=768, out_features=768, bias=True)
                (dropout): Dropout(p=0.1)
              )
              (output): BertSelfOutput(
                (dense): Linear(in_features=768, out_features=768, bias=True)
                (LayerNorm): LayerNorm(torch.Size([768]), eps=1e-12, elementwise_affine=True)
                (dropout): Dropout(p=0.1)
              )
            )
            (intermediate): BertIntermediate(
              (dense): Linear(in_features=768, out_features=3072, bias=True)
            )
            (output): BertOutput(
              (dense): Linear(in_features=3072, out_features=768, bias=True)
              (LayerNorm): LayerNorm(torch.Size([768]), eps=1e-12, elementwise_affine=True)
              (dropout): Dropout(p=0.1)
            )
          )
          (1): BertLayer(
            (attention): BertAttention(
              (self): BertSelfAttention(
                (query): Linear(in_features=768, out_features=768, bias=True)
                (key): Linear(in_features=768, out_features=768, bias=True)
                (value): Linear(in_features=768, out_features=768, bias=True)
                (dropout): Dropout(p=0.1)
              )
              (output): BertSelfOutput(
                (dense): Linear(in_features=768, out_features=768, bias=True)
                (LayerNorm): LayerNorm(torch.Size([768]), eps=1e-12, elementwise_affine=True)
                (dropout): Dropout(p=0.1)
              )
            )
            (intermediate): BertIntermediate(
              (dense): Linear(in_features=768, out_features=3072, bias=True)
            )
            (output): BertOutput(
              (dense): Linear(in_features=3072, out_features=768, bias=True)
              (LayerNorm): LayerNorm(torch.Size([768]), eps=1e-12, elementwise_affine=True)
              (dropout): Dropout(p=0.1)
            )
          )
          (2): BertLayer(
            (attention): BertAttention(
              (self): BertSelfAttention(
                (query): Linear(in_features=768, out_features=768, bias=True)
                (key): Linear(in_features=768, out_features=768, bias=True)
                (value): Linear(in_features=768, out_features=768, bias=True)
                (dropout): Dropout(p=0.1)
              )
              (output): BertSelfOutput(
                (dense): Linear(in_features=768, out_features=768, bias=True)
                (LayerNorm): LayerNorm(torch.Size([768]), eps=1e-12, elementwise_affine=True)
                (dropout): Dropout(p=0.1)
              )
            )
            (intermediate): BertIntermediate(
              (dense): Linear(in_features=768, out_features=3072, bias=True)
            )
            (output): BertOutput(
              (dense): Linear(in_features=3072, out_features=768, bias=True)
              (LayerNorm): LayerNorm(torch.Size([768]), eps=1e-12, elementwise_affine=True)
              (dropout): Dropout(p=0.1)
            )
          )
          (3): BertLayer(
            (attention): BertAttention(
              (self): BertSelfAttention(
                (query): Linear(in_features=768, out_features=768, bias=True)
                (key): Linear(in_features=768, out_features=768, bias=True)
                (value): Linear(in_features=768, out_features=768, bias=True)
                (dropout): Dropout(p=0.1)
              )
              (output): BertSelfOutput(
                (dense): Linear(in_features=768, out_features=768, bias=True)
                (LayerNorm): LayerNorm(torch.Size([768]), eps=1e-12, elementwise_affine=True)
                (dropout): Dropout(p=0.1)
              )
            )
            (intermediate): BertIntermediate(
              (dense): Linear(in_features=768, out_features=3072, bias=True)
            )
            (output): BertOutput(
              (dense): Linear(in_features=3072, out_features=768, bias=True)
              (LayerNorm): LayerNorm(torch.Size([768]), eps=1e-12, elementwise_affine=True)
              (dropout): Dropout(p=0.1)
            )
          )
          (4): BertLayer(
            (attention): BertAttention(
              (self): BertSelfAttention(
                (query): Linear(in_features=768, out_features=768, bias=True)
                (key): Linear(in_features=768, out_features=768, bias=True)
                (value): Linear(in_features=768, out_features=768, bias=True)
                (dropout): Dropout(p=0.1)
              )
              (output): BertSelfOutput(
                (dense): Linear(in_features=768, out_features=768, bias=True)
                (LayerNorm): LayerNorm(torch.Size([768]), eps=1e-12, elementwise_affine=True)
                (dropout): Dropout(p=0.1)
              )
            )
            (intermediate): BertIntermediate(
              (dense): Linear(in_features=768, out_features=3072, bias=True)
            )
            (output): BertOutput(
              (dense): Linear(in_features=3072, out_features=768, bias=True)
              (LayerNorm): LayerNorm(torch.Size([768]), eps=1e-12, elementwise_affine=True)
              (dropout): Dropout(p=0.1)
            )
          )
          (5): BertLayer(
            (attention): BertAttention(
              (self): BertSelfAttention(
                (query): Linear(in_features=768, out_features=768, bias=True)
                (key): Linear(in_features=768, out_features=768, bias=True)
                (value): Linear(in_features=768, out_features=768, bias=True)
                (dropout): Dropout(p=0.1)
              )
              (output): BertSelfOutput(
                (dense): Linear(in_features=768, out_features=768, bias=True)
                (LayerNorm): LayerNorm(torch.Size([768]), eps=1e-12, elementwise_affine=True)
                (dropout): Dropout(p=0.1)
              )
            )
            (intermediate): BertIntermediate(
              (dense): Linear(in_features=768, out_features=3072, bias=True)
            )
            (output): BertOutput(
              (dense): Linear(in_features=3072, out_features=768, bias=True)
              (LayerNorm): LayerNorm(torch.Size([768]), eps=1e-12, elementwise_affine=True)
              (dropout): Dropout(p=0.1)
            )
          )
          (6): BertLayer(
            (attention): BertAttention(
              (self): BertSelfAttention(
                (query): Linear(in_features=768, out_features=768, bias=True)
                (key): Linear(in_features=768, out_features=768, bias=True)
                (value): Linear(in_features=768, out_features=768, bias=True)
                (dropout): Dropout(p=0.1)
              )
              (output): BertSelfOutput(
                (dense): Linear(in_features=768, out_features=768, bias=True)
                (LayerNorm): LayerNorm(torch.Size([768]), eps=1e-12, elementwise_affine=True)
                (dropout): Dropout(p=0.1)
              )
            )
            (intermediate): BertIntermediate(
              (dense): Linear(in_features=768, out_features=3072, bias=True)
            )
            (output): BertOutput(
              (dense): Linear(in_features=3072, out_features=768, bias=True)
              (LayerNorm): LayerNorm(torch.Size([768]), eps=1e-12, elementwise_affine=True)
              (dropout): Dropout(p=0.1)
            )
          )
          (7): BertLayer(
            (attention): BertAttention(
              (self): BertSelfAttention(
                (query): Linear(in_features=768, out_features=768, bias=True)
                (key): Linear(in_features=768, out_features=768, bias=True)
                (value): Linear(in_features=768, out_features=768, bias=True)
                (dropout): Dropout(p=0.1)
              )
              (output): BertSelfOutput(
                (dense): Linear(in_features=768, out_features=768, bias=True)
                (LayerNorm): LayerNorm(torch.Size([768]), eps=1e-12, elementwise_affine=True)
                (dropout): Dropout(p=0.1)
              )
            )
            (intermediate): BertIntermediate(
              (dense): Linear(in_features=768, out_features=3072, bias=True)
            )
            (output): BertOutput(
              (dense): Linear(in_features=3072, out_features=768, bias=True)
              (LayerNorm): LayerNorm(torch.Size([768]), eps=1e-12, elementwise_affine=True)
              (dropout): Dropout(p=0.1)
            )
          )
          (8): BertLayer(
            (attention): BertAttention(
              (self): BertSelfAttention(
                (query): Linear(in_features=768, out_features=768, bias=True)
                (key): Linear(in_features=768, out_features=768, bias=True)
                (value): Linear(in_features=768, out_features=768, bias=True)
                (dropout): Dropout(p=0.1)
              )
              (output): BertSelfOutput(
                (dense): Linear(in_features=768, out_features=768, bias=True)
                (LayerNorm): LayerNorm(torch.Size([768]), eps=1e-12, elementwise_affine=True)
                (dropout): Dropout(p=0.1)
              )
            )
            (intermediate): BertIntermediate(
              (dense): Linear(in_features=768, out_features=3072, bias=True)
            )
            (output): BertOutput(
              (dense): Linear(in_features=3072, out_features=768, bias=True)
              (LayerNorm): LayerNorm(torch.Size([768]), eps=1e-12, elementwise_affine=True)
              (dropout): Dropout(p=0.1)
            )
          )
          (9): BertLayer(
            (attention): BertAttention(
              (self): BertSelfAttention(
                (query): Linear(in_features=768, out_features=768, bias=True)
                (key): Linear(in_features=768, out_features=768, bias=True)
                (value): Linear(in_features=768, out_features=768, bias=True)
                (dropout): Dropout(p=0.1)
              )
              (output): BertSelfOutput(
                (dense): Linear(in_features=768, out_features=768, bias=True)
                (LayerNorm): LayerNorm(torch.Size([768]), eps=1e-12, elementwise_affine=True)
                (dropout): Dropout(p=0.1)
              )
            )
            (intermediate): BertIntermediate(
              (dense): Linear(in_features=768, out_features=3072, bias=True)
            )
            (output): BertOutput(
              (dense): Linear(in_features=3072, out_features=768, bias=True)
              (LayerNorm): LayerNorm(torch.Size([768]), eps=1e-12, elementwise_affine=True)
              (dropout): Dropout(p=0.1)
            )
          )
          (10): BertLayer(
            (attention): BertAttention(
              (self): BertSelfAttention(
                (query): Linear(in_features=768, out_features=768, bias=True)
                (key): Linear(in_features=768, out_features=768, bias=True)
                (value): Linear(in_features=768, out_features=768, bias=True)
                (dropout): Dropout(p=0.1)
              )
              (output): BertSelfOutput(
                (dense): Linear(in_features=768, out_features=768, bias=True)
                (LayerNorm): LayerNorm(torch.Size([768]), eps=1e-12, elementwise_affine=True)
                (dropout): Dropout(p=0.1)
              )
            )
            (intermediate): BertIntermediate(
              (dense): Linear(in_features=768, out_features=3072, bias=True)
            )
            (output): BertOutput(
              (dense): Linear(in_features=3072, out_features=768, bias=True)
              (LayerNorm): LayerNorm(torch.Size([768]), eps=1e-12, elementwise_affine=True)
              (dropout): Dropout(p=0.1)
            )
          )
          (11): BertLayer(
            (attention): BertAttention(
              (self): BertSelfAttention(
                (query): Linear(in_features=768, out_features=768, bias=True)
                (key): Linear(in_features=768, out_features=768, bias=True)
                (value): Linear(in_features=768, out_features=768, bias=True)
                (dropout): Dropout(p=0.1)
              )
              (output): BertSelfOutput(
                (dense): Linear(in_features=768, out_features=768, bias=True)
                (LayerNorm): LayerNorm(torch.Size([768]), eps=1e-12, elementwise_affine=True)
                (dropout): Dropout(p=0.1)
              )
            )
            (intermediate): BertIntermediate(
              (dense): Linear(in_features=768, out_features=3072, bias=True)
            )
            (output): BertOutput(
              (dense): Linear(in_features=3072, out_features=768, bias=True)
              (LayerNorm): LayerNorm(torch.Size([768]), eps=1e-12, elementwise_affine=True)
              (dropout): Dropout(p=0.1)
            )
          )
        )
      )
      (pooler): BertPooler(
        (dense): Linear(in_features=768, out_features=768, bias=True)
        (activation): Tanh()
      )
    )
  )
  (ext_layer): ExtTransformerEncoder(
    (pos_emb): PositionalEncoding(
      (dropout): Dropout(p=0.1)
    )
    (transformer_inter): ModuleList(
      (0): TransformerEncoderLayer(
        (self_attn): MultiHeadedAttention(
          (linear_keys): Linear(in_features=768, out_features=768, bias=True)
          (linear_values): Linear(in_features=768, out_features=768, bias=True)
          (linear_query): Linear(in_features=768, out_features=768, bias=True)
          (softmax): Softmax()
          (dropout): Dropout(p=0.1)
          (final_linear): Linear(in_features=768, out_features=768, bias=True)
        )
        (feed_forward): PositionwiseFeedForward(
          (w_1): Linear(in_features=768, out_features=2048, bias=True)
          (w_2): Linear(in_features=2048, out_features=768, bias=True)
          (layer_norm): LayerNorm(torch.Size([768]), eps=1e-06, elementwise_affine=True)
          (dropout_1): Dropout(p=0.1)
          (dropout_2): Dropout(p=0.1)
        )
        (layer_norm): LayerNorm(torch.Size([768]), eps=1e-06, elementwise_affine=True)
        (dropout): Dropout(p=0.1)
      )
      (1): TransformerEncoderLayer(
        (self_attn): MultiHeadedAttention(
          (linear_keys): Linear(in_features=768, out_features=768, bias=True)
          (linear_values): Linear(in_features=768, out_features=768, bias=True)
          (linear_query): Linear(in_features=768, out_features=768, bias=True)
          (softmax): Softmax()
          (dropout): Dropout(p=0.1)
          (final_linear): Linear(in_features=768, out_features=768, bias=True)
        )
        (feed_forward): PositionwiseFeedForward(
          (w_1): Linear(in_features=768, out_features=2048, bias=True)
          (w_2): Linear(in_features=2048, out_features=768, bias=True)
          (layer_norm): LayerNorm(torch.Size([768]), eps=1e-06, elementwise_affine=True)
          (dropout_1): Dropout(p=0.1)
          (dropout_2): Dropout(p=0.1)
        )
        (layer_norm): LayerNorm(torch.Size([768]), eps=1e-06, elementwise_affine=True)
        (dropout): Dropout(p=0.1)
      )
    )
    (dropout): Dropout(p=0.1)
    (layer_norm): LayerNorm(torch.Size([768]), eps=1e-06, elementwise_affine=True)
    (wo): Linear(in_features=768, out_features=1, bias=True)
    (sigmoid): Sigmoid()
  )
)
[2021-03-14 21:03:51,046 INFO] * number of parameters: 120512513
[2021-03-14 21:03:51,046 INFO] Start training...
[2021-03-14 21:04:18,389 INFO] Device ID 0
[2021-03-14 21:04:18,389 INFO] Device cuda
[2021-03-14 21:04:18,426 INFO] Loading checkpoint from ../baseline_models/model_step_18000.pt
[2021-03-14 21:04:19,175 INFO] loading configuration file https://s3.amazonaws.com/models.huggingface.co/bert/bert-base-uncased-config.json from cache at ../temp/4dad0251492946e18ac39290fcfe91b89d370fee250efe9521476438fe8ca185.7156163d5fdc189c3016baca0775ffce230789d7fa2a42ef516483e4ca884517
[2021-03-14 21:04:19,175 INFO] Model config {
  "architectures": [
    "BertForMaskedLM"
  ],
  "attention_probs_dropout_prob": 0.1,
  "finetuning_task": null,
  "hidden_act": "gelu",
  "hidden_dropout_prob": 0.1,
  "hidden_size": 768,
  "initializer_range": 0.02,
  "intermediate_size": 3072,
  "layer_norm_eps": 1e-12,
  "max_position_embeddings": 512,
  "model_type": "bert",
  "num_attention_heads": 12,
  "num_hidden_layers": 12,
  "num_labels": 2,
  "output_attentions": false,
  "output_hidden_states": false,
  "pad_token_id": 0,
  "pruned_heads": {},
  "torchscript": false,
  "type_vocab_size": 2,
  "vocab_size": 30522
}

[2021-03-14 21:04:19,200 INFO] loading weights file https://s3.amazonaws.com/models.huggingface.co/bert/bert-base-uncased-pytorch_model.bin from cache at ../temp/aa1ef1aede4482d0dbcd4d52baad8ae300e60902e88fcb0bebdec09afd232066.36ca03ab34a1a5d5fa7bc3d03d55c4fa650fed07220e2eeebc06ce58d0e9a157
[2021-03-14 21:04:24,068 INFO] ExtSummarizer(
  (bert): Bert(
    (model): BertModel(
      (embeddings): BertEmbeddings(
        (word_embeddings): Embedding(30522, 768, padding_idx=0)
        (position_embeddings): Embedding(512, 768)
        (token_type_embeddings): Embedding(2, 768)
        (LayerNorm): LayerNorm(torch.Size([768]), eps=1e-12, elementwise_affine=True)
        (dropout): Dropout(p=0.1)
      )
      (encoder): BertEncoder(
        (layer): ModuleList(
          (0): BertLayer(
            (attention): BertAttention(
              (self): BertSelfAttention(
                (query): Linear(in_features=768, out_features=768, bias=True)
                (key): Linear(in_features=768, out_features=768, bias=True)
                (value): Linear(in_features=768, out_features=768, bias=True)
                (dropout): Dropout(p=0.1)
              )
              (output): BertSelfOutput(
                (dense): Linear(in_features=768, out_features=768, bias=True)
                (LayerNorm): LayerNorm(torch.Size([768]), eps=1e-12, elementwise_affine=True)
                (dropout): Dropout(p=0.1)
              )
            )
            (intermediate): BertIntermediate(
              (dense): Linear(in_features=768, out_features=3072, bias=True)
            )
            (output): BertOutput(
              (dense): Linear(in_features=3072, out_features=768, bias=True)
              (LayerNorm): LayerNorm(torch.Size([768]), eps=1e-12, elementwise_affine=True)
              (dropout): Dropout(p=0.1)
            )
          )
          (1): BertLayer(
            (attention): BertAttention(
              (self): BertSelfAttention(
                (query): Linear(in_features=768, out_features=768, bias=True)
                (key): Linear(in_features=768, out_features=768, bias=True)
                (value): Linear(in_features=768, out_features=768, bias=True)
                (dropout): Dropout(p=0.1)
              )
              (output): BertSelfOutput(
                (dense): Linear(in_features=768, out_features=768, bias=True)
                (LayerNorm): LayerNorm(torch.Size([768]), eps=1e-12, elementwise_affine=True)
                (dropout): Dropout(p=0.1)
              )
            )
            (intermediate): BertIntermediate(
              (dense): Linear(in_features=768, out_features=3072, bias=True)
            )
            (output): BertOutput(
              (dense): Linear(in_features=3072, out_features=768, bias=True)
              (LayerNorm): LayerNorm(torch.Size([768]), eps=1e-12, elementwise_affine=True)
              (dropout): Dropout(p=0.1)
            )
          )
          (2): BertLayer(
            (attention): BertAttention(
              (self): BertSelfAttention(
                (query): Linear(in_features=768, out_features=768, bias=True)
                (key): Linear(in_features=768, out_features=768, bias=True)
                (value): Linear(in_features=768, out_features=768, bias=True)
                (dropout): Dropout(p=0.1)
              )
              (output): BertSelfOutput(
                (dense): Linear(in_features=768, out_features=768, bias=True)
                (LayerNorm): LayerNorm(torch.Size([768]), eps=1e-12, elementwise_affine=True)
                (dropout): Dropout(p=0.1)
              )
            )
            (intermediate): BertIntermediate(
              (dense): Linear(in_features=768, out_features=3072, bias=True)
            )
            (output): BertOutput(
              (dense): Linear(in_features=3072, out_features=768, bias=True)
              (LayerNorm): LayerNorm(torch.Size([768]), eps=1e-12, elementwise_affine=True)
              (dropout): Dropout(p=0.1)
            )
          )
          (3): BertLayer(
            (attention): BertAttention(
              (self): BertSelfAttention(
                (query): Linear(in_features=768, out_features=768, bias=True)
                (key): Linear(in_features=768, out_features=768, bias=True)
                (value): Linear(in_features=768, out_features=768, bias=True)
                (dropout): Dropout(p=0.1)
              )
              (output): BertSelfOutput(
                (dense): Linear(in_features=768, out_features=768, bias=True)
                (LayerNorm): LayerNorm(torch.Size([768]), eps=1e-12, elementwise_affine=True)
                (dropout): Dropout(p=0.1)
              )
            )
            (intermediate): BertIntermediate(
              (dense): Linear(in_features=768, out_features=3072, bias=True)
            )
            (output): BertOutput(
              (dense): Linear(in_features=3072, out_features=768, bias=True)
              (LayerNorm): LayerNorm(torch.Size([768]), eps=1e-12, elementwise_affine=True)
              (dropout): Dropout(p=0.1)
            )
          )
          (4): BertLayer(
            (attention): BertAttention(
              (self): BertSelfAttention(
                (query): Linear(in_features=768, out_features=768, bias=True)
                (key): Linear(in_features=768, out_features=768, bias=True)
                (value): Linear(in_features=768, out_features=768, bias=True)
                (dropout): Dropout(p=0.1)
              )
              (output): BertSelfOutput(
                (dense): Linear(in_features=768, out_features=768, bias=True)
                (LayerNorm): LayerNorm(torch.Size([768]), eps=1e-12, elementwise_affine=True)
                (dropout): Dropout(p=0.1)
              )
            )
            (intermediate): BertIntermediate(
              (dense): Linear(in_features=768, out_features=3072, bias=True)
            )
            (output): BertOutput(
              (dense): Linear(in_features=3072, out_features=768, bias=True)
              (LayerNorm): LayerNorm(torch.Size([768]), eps=1e-12, elementwise_affine=True)
              (dropout): Dropout(p=0.1)
            )
          )
          (5): BertLayer(
            (attention): BertAttention(
              (self): BertSelfAttention(
                (query): Linear(in_features=768, out_features=768, bias=True)
                (key): Linear(in_features=768, out_features=768, bias=True)
                (value): Linear(in_features=768, out_features=768, bias=True)
                (dropout): Dropout(p=0.1)
              )
              (output): BertSelfOutput(
                (dense): Linear(in_features=768, out_features=768, bias=True)
                (LayerNorm): LayerNorm(torch.Size([768]), eps=1e-12, elementwise_affine=True)
                (dropout): Dropout(p=0.1)
              )
            )
            (intermediate): BertIntermediate(
              (dense): Linear(in_features=768, out_features=3072, bias=True)
            )
            (output): BertOutput(
              (dense): Linear(in_features=3072, out_features=768, bias=True)
              (LayerNorm): LayerNorm(torch.Size([768]), eps=1e-12, elementwise_affine=True)
              (dropout): Dropout(p=0.1)
            )
          )
          (6): BertLayer(
            (attention): BertAttention(
              (self): BertSelfAttention(
                (query): Linear(in_features=768, out_features=768, bias=True)
                (key): Linear(in_features=768, out_features=768, bias=True)
                (value): Linear(in_features=768, out_features=768, bias=True)
                (dropout): Dropout(p=0.1)
              )
              (output): BertSelfOutput(
                (dense): Linear(in_features=768, out_features=768, bias=True)
                (LayerNorm): LayerNorm(torch.Size([768]), eps=1e-12, elementwise_affine=True)
                (dropout): Dropout(p=0.1)
              )
            )
            (intermediate): BertIntermediate(
              (dense): Linear(in_features=768, out_features=3072, bias=True)
            )
            (output): BertOutput(
              (dense): Linear(in_features=3072, out_features=768, bias=True)
              (LayerNorm): LayerNorm(torch.Size([768]), eps=1e-12, elementwise_affine=True)
              (dropout): Dropout(p=0.1)
            )
          )
          (7): BertLayer(
            (attention): BertAttention(
              (self): BertSelfAttention(
                (query): Linear(in_features=768, out_features=768, bias=True)
                (key): Linear(in_features=768, out_features=768, bias=True)
                (value): Linear(in_features=768, out_features=768, bias=True)
                (dropout): Dropout(p=0.1)
              )
              (output): BertSelfOutput(
                (dense): Linear(in_features=768, out_features=768, bias=True)
                (LayerNorm): LayerNorm(torch.Size([768]), eps=1e-12, elementwise_affine=True)
                (dropout): Dropout(p=0.1)
              )
            )
            (intermediate): BertIntermediate(
              (dense): Linear(in_features=768, out_features=3072, bias=True)
            )
            (output): BertOutput(
              (dense): Linear(in_features=3072, out_features=768, bias=True)
              (LayerNorm): LayerNorm(torch.Size([768]), eps=1e-12, elementwise_affine=True)
              (dropout): Dropout(p=0.1)
            )
          )
          (8): BertLayer(
            (attention): BertAttention(
              (self): BertSelfAttention(
                (query): Linear(in_features=768, out_features=768, bias=True)
                (key): Linear(in_features=768, out_features=768, bias=True)
                (value): Linear(in_features=768, out_features=768, bias=True)
                (dropout): Dropout(p=0.1)
              )
              (output): BertSelfOutput(
                (dense): Linear(in_features=768, out_features=768, bias=True)
                (LayerNorm): LayerNorm(torch.Size([768]), eps=1e-12, elementwise_affine=True)
                (dropout): Dropout(p=0.1)
              )
            )
            (intermediate): BertIntermediate(
              (dense): Linear(in_features=768, out_features=3072, bias=True)
            )
            (output): BertOutput(
              (dense): Linear(in_features=3072, out_features=768, bias=True)
              (LayerNorm): LayerNorm(torch.Size([768]), eps=1e-12, elementwise_affine=True)
              (dropout): Dropout(p=0.1)
            )
          )
          (9): BertLayer(
            (attention): BertAttention(
              (self): BertSelfAttention(
                (query): Linear(in_features=768, out_features=768, bias=True)
                (key): Linear(in_features=768, out_features=768, bias=True)
                (value): Linear(in_features=768, out_features=768, bias=True)
                (dropout): Dropout(p=0.1)
              )
              (output): BertSelfOutput(
                (dense): Linear(in_features=768, out_features=768, bias=True)
                (LayerNorm): LayerNorm(torch.Size([768]), eps=1e-12, elementwise_affine=True)
                (dropout): Dropout(p=0.1)
              )
            )
            (intermediate): BertIntermediate(
              (dense): Linear(in_features=768, out_features=3072, bias=True)
            )
            (output): BertOutput(
              (dense): Linear(in_features=3072, out_features=768, bias=True)
              (LayerNorm): LayerNorm(torch.Size([768]), eps=1e-12, elementwise_affine=True)
              (dropout): Dropout(p=0.1)
            )
          )
          (10): BertLayer(
            (attention): BertAttention(
              (self): BertSelfAttention(
                (query): Linear(in_features=768, out_features=768, bias=True)
                (key): Linear(in_features=768, out_features=768, bias=True)
                (value): Linear(in_features=768, out_features=768, bias=True)
                (dropout): Dropout(p=0.1)
              )
              (output): BertSelfOutput(
                (dense): Linear(in_features=768, out_features=768, bias=True)
                (LayerNorm): LayerNorm(torch.Size([768]), eps=1e-12, elementwise_affine=True)
                (dropout): Dropout(p=0.1)
              )
            )
            (intermediate): BertIntermediate(
              (dense): Linear(in_features=768, out_features=3072, bias=True)
            )
            (output): BertOutput(
              (dense): Linear(in_features=3072, out_features=768, bias=True)
              (LayerNorm): LayerNorm(torch.Size([768]), eps=1e-12, elementwise_affine=True)
              (dropout): Dropout(p=0.1)
            )
          )
          (11): BertLayer(
            (attention): BertAttention(
              (self): BertSelfAttention(
                (query): Linear(in_features=768, out_features=768, bias=True)
                (key): Linear(in_features=768, out_features=768, bias=True)
                (value): Linear(in_features=768, out_features=768, bias=True)
                (dropout): Dropout(p=0.1)
              )
              (output): BertSelfOutput(
                (dense): Linear(in_features=768, out_features=768, bias=True)
                (LayerNorm): LayerNorm(torch.Size([768]), eps=1e-12, elementwise_affine=True)
                (dropout): Dropout(p=0.1)
              )
            )
            (intermediate): BertIntermediate(
              (dense): Linear(in_features=768, out_features=3072, bias=True)
            )
            (output): BertOutput(
              (dense): Linear(in_features=3072, out_features=768, bias=True)
              (LayerNorm): LayerNorm(torch.Size([768]), eps=1e-12, elementwise_affine=True)
              (dropout): Dropout(p=0.1)
            )
          )
        )
      )
      (pooler): BertPooler(
        (dense): Linear(in_features=768, out_features=768, bias=True)
        (activation): Tanh()
      )
    )
  )
  (ext_layer): ExtTransformerEncoder(
    (pos_emb): PositionalEncoding(
      (dropout): Dropout(p=0.1)
    )
    (transformer_inter): ModuleList(
      (0): TransformerEncoderLayer(
        (self_attn): MultiHeadedAttention(
          (linear_keys): Linear(in_features=768, out_features=768, bias=True)
          (linear_values): Linear(in_features=768, out_features=768, bias=True)
          (linear_query): Linear(in_features=768, out_features=768, bias=True)
          (softmax): Softmax()
          (dropout): Dropout(p=0.1)
          (final_linear): Linear(in_features=768, out_features=768, bias=True)
        )
        (feed_forward): PositionwiseFeedForward(
          (w_1): Linear(in_features=768, out_features=2048, bias=True)
          (w_2): Linear(in_features=2048, out_features=768, bias=True)
          (layer_norm): LayerNorm(torch.Size([768]), eps=1e-06, elementwise_affine=True)
          (dropout_1): Dropout(p=0.1)
          (dropout_2): Dropout(p=0.1)
        )
        (layer_norm): LayerNorm(torch.Size([768]), eps=1e-06, elementwise_affine=True)
        (dropout): Dropout(p=0.1)
      )
      (1): TransformerEncoderLayer(
        (self_attn): MultiHeadedAttention(
          (linear_keys): Linear(in_features=768, out_features=768, bias=True)
          (linear_values): Linear(in_features=768, out_features=768, bias=True)
          (linear_query): Linear(in_features=768, out_features=768, bias=True)
          (softmax): Softmax()
          (dropout): Dropout(p=0.1)
          (final_linear): Linear(in_features=768, out_features=768, bias=True)
        )
        (feed_forward): PositionwiseFeedForward(
          (w_1): Linear(in_features=768, out_features=2048, bias=True)
          (w_2): Linear(in_features=2048, out_features=768, bias=True)
          (layer_norm): LayerNorm(torch.Size([768]), eps=1e-06, elementwise_affine=True)
          (dropout_1): Dropout(p=0.1)
          (dropout_2): Dropout(p=0.1)
        )
        (layer_norm): LayerNorm(torch.Size([768]), eps=1e-06, elementwise_affine=True)
        (dropout): Dropout(p=0.1)
      )
    )
    (dropout): Dropout(p=0.1)
    (layer_norm): LayerNorm(torch.Size([768]), eps=1e-06, elementwise_affine=True)
    (wo): Linear(in_features=768, out_features=1, bias=True)
    (sigmoid): Sigmoid()
  )
)
[2021-03-14 21:04:24,074 INFO] * number of parameters: 120512513
[2021-03-14 21:04:24,074 INFO] Start training...
[2021-03-14 21:07:24,905 INFO] Device ID 0
[2021-03-14 21:07:24,905 INFO] Device cuda
[2021-03-14 21:07:24,942 INFO] Loading checkpoint from ../baseline_models/model_step_18000.pt
[2021-03-14 21:07:25,642 INFO] loading configuration file https://s3.amazonaws.com/models.huggingface.co/bert/bert-base-uncased-config.json from cache at ../temp/4dad0251492946e18ac39290fcfe91b89d370fee250efe9521476438fe8ca185.7156163d5fdc189c3016baca0775ffce230789d7fa2a42ef516483e4ca884517
[2021-03-14 21:07:25,642 INFO] Model config {
  "architectures": [
    "BertForMaskedLM"
  ],
  "attention_probs_dropout_prob": 0.1,
  "finetuning_task": null,
  "hidden_act": "gelu",
  "hidden_dropout_prob": 0.1,
  "hidden_size": 768,
  "initializer_range": 0.02,
  "intermediate_size": 3072,
  "layer_norm_eps": 1e-12,
  "max_position_embeddings": 512,
  "model_type": "bert",
  "num_attention_heads": 12,
  "num_hidden_layers": 12,
  "num_labels": 2,
  "output_attentions": false,
  "output_hidden_states": false,
  "pad_token_id": 0,
  "pruned_heads": {},
  "torchscript": false,
  "type_vocab_size": 2,
  "vocab_size": 30522
}

[2021-03-14 21:07:25,678 INFO] loading weights file https://s3.amazonaws.com/models.huggingface.co/bert/bert-base-uncased-pytorch_model.bin from cache at ../temp/aa1ef1aede4482d0dbcd4d52baad8ae300e60902e88fcb0bebdec09afd232066.36ca03ab34a1a5d5fa7bc3d03d55c4fa650fed07220e2eeebc06ce58d0e9a157
[2021-03-14 21:07:30,482 INFO] ExtSummarizer(
  (bert): Bert(
    (model): BertModel(
      (embeddings): BertEmbeddings(
        (word_embeddings): Embedding(30522, 768, padding_idx=0)
        (position_embeddings): Embedding(512, 768)
        (token_type_embeddings): Embedding(2, 768)
        (LayerNorm): LayerNorm(torch.Size([768]), eps=1e-12, elementwise_affine=True)
        (dropout): Dropout(p=0.1)
      )
      (encoder): BertEncoder(
        (layer): ModuleList(
          (0): BertLayer(
            (attention): BertAttention(
              (self): BertSelfAttention(
                (query): Linear(in_features=768, out_features=768, bias=True)
                (key): Linear(in_features=768, out_features=768, bias=True)
                (value): Linear(in_features=768, out_features=768, bias=True)
                (dropout): Dropout(p=0.1)
              )
              (output): BertSelfOutput(
                (dense): Linear(in_features=768, out_features=768, bias=True)
                (LayerNorm): LayerNorm(torch.Size([768]), eps=1e-12, elementwise_affine=True)
                (dropout): Dropout(p=0.1)
              )
            )
            (intermediate): BertIntermediate(
              (dense): Linear(in_features=768, out_features=3072, bias=True)
            )
            (output): BertOutput(
              (dense): Linear(in_features=3072, out_features=768, bias=True)
              (LayerNorm): LayerNorm(torch.Size([768]), eps=1e-12, elementwise_affine=True)
              (dropout): Dropout(p=0.1)
            )
          )
          (1): BertLayer(
            (attention): BertAttention(
              (self): BertSelfAttention(
                (query): Linear(in_features=768, out_features=768, bias=True)
                (key): Linear(in_features=768, out_features=768, bias=True)
                (value): Linear(in_features=768, out_features=768, bias=True)
                (dropout): Dropout(p=0.1)
              )
              (output): BertSelfOutput(
                (dense): Linear(in_features=768, out_features=768, bias=True)
                (LayerNorm): LayerNorm(torch.Size([768]), eps=1e-12, elementwise_affine=True)
                (dropout): Dropout(p=0.1)
              )
            )
            (intermediate): BertIntermediate(
              (dense): Linear(in_features=768, out_features=3072, bias=True)
            )
            (output): BertOutput(
              (dense): Linear(in_features=3072, out_features=768, bias=True)
              (LayerNorm): LayerNorm(torch.Size([768]), eps=1e-12, elementwise_affine=True)
              (dropout): Dropout(p=0.1)
            )
          )
          (2): BertLayer(
            (attention): BertAttention(
              (self): BertSelfAttention(
                (query): Linear(in_features=768, out_features=768, bias=True)
                (key): Linear(in_features=768, out_features=768, bias=True)
                (value): Linear(in_features=768, out_features=768, bias=True)
                (dropout): Dropout(p=0.1)
              )
              (output): BertSelfOutput(
                (dense): Linear(in_features=768, out_features=768, bias=True)
                (LayerNorm): LayerNorm(torch.Size([768]), eps=1e-12, elementwise_affine=True)
                (dropout): Dropout(p=0.1)
              )
            )
            (intermediate): BertIntermediate(
              (dense): Linear(in_features=768, out_features=3072, bias=True)
            )
            (output): BertOutput(
              (dense): Linear(in_features=3072, out_features=768, bias=True)
              (LayerNorm): LayerNorm(torch.Size([768]), eps=1e-12, elementwise_affine=True)
              (dropout): Dropout(p=0.1)
            )
          )
          (3): BertLayer(
            (attention): BertAttention(
              (self): BertSelfAttention(
                (query): Linear(in_features=768, out_features=768, bias=True)
                (key): Linear(in_features=768, out_features=768, bias=True)
                (value): Linear(in_features=768, out_features=768, bias=True)
                (dropout): Dropout(p=0.1)
              )
              (output): BertSelfOutput(
                (dense): Linear(in_features=768, out_features=768, bias=True)
                (LayerNorm): LayerNorm(torch.Size([768]), eps=1e-12, elementwise_affine=True)
                (dropout): Dropout(p=0.1)
              )
            )
            (intermediate): BertIntermediate(
              (dense): Linear(in_features=768, out_features=3072, bias=True)
            )
            (output): BertOutput(
              (dense): Linear(in_features=3072, out_features=768, bias=True)
              (LayerNorm): LayerNorm(torch.Size([768]), eps=1e-12, elementwise_affine=True)
              (dropout): Dropout(p=0.1)
            )
          )
          (4): BertLayer(
            (attention): BertAttention(
              (self): BertSelfAttention(
                (query): Linear(in_features=768, out_features=768, bias=True)
                (key): Linear(in_features=768, out_features=768, bias=True)
                (value): Linear(in_features=768, out_features=768, bias=True)
                (dropout): Dropout(p=0.1)
              )
              (output): BertSelfOutput(
                (dense): Linear(in_features=768, out_features=768, bias=True)
                (LayerNorm): LayerNorm(torch.Size([768]), eps=1e-12, elementwise_affine=True)
                (dropout): Dropout(p=0.1)
              )
            )
            (intermediate): BertIntermediate(
              (dense): Linear(in_features=768, out_features=3072, bias=True)
            )
            (output): BertOutput(
              (dense): Linear(in_features=3072, out_features=768, bias=True)
              (LayerNorm): LayerNorm(torch.Size([768]), eps=1e-12, elementwise_affine=True)
              (dropout): Dropout(p=0.1)
            )
          )
          (5): BertLayer(
            (attention): BertAttention(
              (self): BertSelfAttention(
                (query): Linear(in_features=768, out_features=768, bias=True)
                (key): Linear(in_features=768, out_features=768, bias=True)
                (value): Linear(in_features=768, out_features=768, bias=True)
                (dropout): Dropout(p=0.1)
              )
              (output): BertSelfOutput(
                (dense): Linear(in_features=768, out_features=768, bias=True)
                (LayerNorm): LayerNorm(torch.Size([768]), eps=1e-12, elementwise_affine=True)
                (dropout): Dropout(p=0.1)
              )
            )
            (intermediate): BertIntermediate(
              (dense): Linear(in_features=768, out_features=3072, bias=True)
            )
            (output): BertOutput(
              (dense): Linear(in_features=3072, out_features=768, bias=True)
              (LayerNorm): LayerNorm(torch.Size([768]), eps=1e-12, elementwise_affine=True)
              (dropout): Dropout(p=0.1)
            )
          )
          (6): BertLayer(
            (attention): BertAttention(
              (self): BertSelfAttention(
                (query): Linear(in_features=768, out_features=768, bias=True)
                (key): Linear(in_features=768, out_features=768, bias=True)
                (value): Linear(in_features=768, out_features=768, bias=True)
                (dropout): Dropout(p=0.1)
              )
              (output): BertSelfOutput(
                (dense): Linear(in_features=768, out_features=768, bias=True)
                (LayerNorm): LayerNorm(torch.Size([768]), eps=1e-12, elementwise_affine=True)
                (dropout): Dropout(p=0.1)
              )
            )
            (intermediate): BertIntermediate(
              (dense): Linear(in_features=768, out_features=3072, bias=True)
            )
            (output): BertOutput(
              (dense): Linear(in_features=3072, out_features=768, bias=True)
              (LayerNorm): LayerNorm(torch.Size([768]), eps=1e-12, elementwise_affine=True)
              (dropout): Dropout(p=0.1)
            )
          )
          (7): BertLayer(
            (attention): BertAttention(
              (self): BertSelfAttention(
                (query): Linear(in_features=768, out_features=768, bias=True)
                (key): Linear(in_features=768, out_features=768, bias=True)
                (value): Linear(in_features=768, out_features=768, bias=True)
                (dropout): Dropout(p=0.1)
              )
              (output): BertSelfOutput(
                (dense): Linear(in_features=768, out_features=768, bias=True)
                (LayerNorm): LayerNorm(torch.Size([768]), eps=1e-12, elementwise_affine=True)
                (dropout): Dropout(p=0.1)
              )
            )
            (intermediate): BertIntermediate(
              (dense): Linear(in_features=768, out_features=3072, bias=True)
            )
            (output): BertOutput(
              (dense): Linear(in_features=3072, out_features=768, bias=True)
              (LayerNorm): LayerNorm(torch.Size([768]), eps=1e-12, elementwise_affine=True)
              (dropout): Dropout(p=0.1)
            )
          )
          (8): BertLayer(
            (attention): BertAttention(
              (self): BertSelfAttention(
                (query): Linear(in_features=768, out_features=768, bias=True)
                (key): Linear(in_features=768, out_features=768, bias=True)
                (value): Linear(in_features=768, out_features=768, bias=True)
                (dropout): Dropout(p=0.1)
              )
              (output): BertSelfOutput(
                (dense): Linear(in_features=768, out_features=768, bias=True)
                (LayerNorm): LayerNorm(torch.Size([768]), eps=1e-12, elementwise_affine=True)
                (dropout): Dropout(p=0.1)
              )
            )
            (intermediate): BertIntermediate(
              (dense): Linear(in_features=768, out_features=3072, bias=True)
            )
            (output): BertOutput(
              (dense): Linear(in_features=3072, out_features=768, bias=True)
              (LayerNorm): LayerNorm(torch.Size([768]), eps=1e-12, elementwise_affine=True)
              (dropout): Dropout(p=0.1)
            )
          )
          (9): BertLayer(
            (attention): BertAttention(
              (self): BertSelfAttention(
                (query): Linear(in_features=768, out_features=768, bias=True)
                (key): Linear(in_features=768, out_features=768, bias=True)
                (value): Linear(in_features=768, out_features=768, bias=True)
                (dropout): Dropout(p=0.1)
              )
              (output): BertSelfOutput(
                (dense): Linear(in_features=768, out_features=768, bias=True)
                (LayerNorm): LayerNorm(torch.Size([768]), eps=1e-12, elementwise_affine=True)
                (dropout): Dropout(p=0.1)
              )
            )
            (intermediate): BertIntermediate(
              (dense): Linear(in_features=768, out_features=3072, bias=True)
            )
            (output): BertOutput(
              (dense): Linear(in_features=3072, out_features=768, bias=True)
              (LayerNorm): LayerNorm(torch.Size([768]), eps=1e-12, elementwise_affine=True)
              (dropout): Dropout(p=0.1)
            )
          )
          (10): BertLayer(
            (attention): BertAttention(
              (self): BertSelfAttention(
                (query): Linear(in_features=768, out_features=768, bias=True)
                (key): Linear(in_features=768, out_features=768, bias=True)
                (value): Linear(in_features=768, out_features=768, bias=True)
                (dropout): Dropout(p=0.1)
              )
              (output): BertSelfOutput(
                (dense): Linear(in_features=768, out_features=768, bias=True)
                (LayerNorm): LayerNorm(torch.Size([768]), eps=1e-12, elementwise_affine=True)
                (dropout): Dropout(p=0.1)
              )
            )
            (intermediate): BertIntermediate(
              (dense): Linear(in_features=768, out_features=3072, bias=True)
            )
            (output): BertOutput(
              (dense): Linear(in_features=3072, out_features=768, bias=True)
              (LayerNorm): LayerNorm(torch.Size([768]), eps=1e-12, elementwise_affine=True)
              (dropout): Dropout(p=0.1)
            )
          )
          (11): BertLayer(
            (attention): BertAttention(
              (self): BertSelfAttention(
                (query): Linear(in_features=768, out_features=768, bias=True)
                (key): Linear(in_features=768, out_features=768, bias=True)
                (value): Linear(in_features=768, out_features=768, bias=True)
                (dropout): Dropout(p=0.1)
              )
              (output): BertSelfOutput(
                (dense): Linear(in_features=768, out_features=768, bias=True)
                (LayerNorm): LayerNorm(torch.Size([768]), eps=1e-12, elementwise_affine=True)
                (dropout): Dropout(p=0.1)
              )
            )
            (intermediate): BertIntermediate(
              (dense): Linear(in_features=768, out_features=3072, bias=True)
            )
            (output): BertOutput(
              (dense): Linear(in_features=3072, out_features=768, bias=True)
              (LayerNorm): LayerNorm(torch.Size([768]), eps=1e-12, elementwise_affine=True)
              (dropout): Dropout(p=0.1)
            )
          )
        )
      )
      (pooler): BertPooler(
        (dense): Linear(in_features=768, out_features=768, bias=True)
        (activation): Tanh()
      )
    )
  )
  (ext_layer): ExtTransformerEncoder(
    (pos_emb): PositionalEncoding(
      (dropout): Dropout(p=0.1)
    )
    (transformer_inter): ModuleList(
      (0): TransformerEncoderLayer(
        (self_attn): MultiHeadedAttention(
          (linear_keys): Linear(in_features=768, out_features=768, bias=True)
          (linear_values): Linear(in_features=768, out_features=768, bias=True)
          (linear_query): Linear(in_features=768, out_features=768, bias=True)
          (softmax): Softmax()
          (dropout): Dropout(p=0.1)
          (final_linear): Linear(in_features=768, out_features=768, bias=True)
        )
        (feed_forward): PositionwiseFeedForward(
          (w_1): Linear(in_features=768, out_features=2048, bias=True)
          (w_2): Linear(in_features=2048, out_features=768, bias=True)
          (layer_norm): LayerNorm(torch.Size([768]), eps=1e-06, elementwise_affine=True)
          (dropout_1): Dropout(p=0.1)
          (dropout_2): Dropout(p=0.1)
        )
        (layer_norm): LayerNorm(torch.Size([768]), eps=1e-06, elementwise_affine=True)
        (dropout): Dropout(p=0.1)
      )
      (1): TransformerEncoderLayer(
        (self_attn): MultiHeadedAttention(
          (linear_keys): Linear(in_features=768, out_features=768, bias=True)
          (linear_values): Linear(in_features=768, out_features=768, bias=True)
          (linear_query): Linear(in_features=768, out_features=768, bias=True)
          (softmax): Softmax()
          (dropout): Dropout(p=0.1)
          (final_linear): Linear(in_features=768, out_features=768, bias=True)
        )
        (feed_forward): PositionwiseFeedForward(
          (w_1): Linear(in_features=768, out_features=2048, bias=True)
          (w_2): Linear(in_features=2048, out_features=768, bias=True)
          (layer_norm): LayerNorm(torch.Size([768]), eps=1e-06, elementwise_affine=True)
          (dropout_1): Dropout(p=0.1)
          (dropout_2): Dropout(p=0.1)
        )
        (layer_norm): LayerNorm(torch.Size([768]), eps=1e-06, elementwise_affine=True)
        (dropout): Dropout(p=0.1)
      )
    )
    (dropout): Dropout(p=0.1)
    (layer_norm): LayerNorm(torch.Size([768]), eps=1e-06, elementwise_affine=True)
    (wo): Linear(in_features=768, out_features=1, bias=True)
    (sigmoid): Sigmoid()
  )
)
[2021-03-14 21:07:30,488 INFO] * number of parameters: 120512513
[2021-03-14 21:07:30,488 INFO] Start training...
[2021-03-14 21:07:30,496 INFO] Loading train dataset from ../clean4_data2/train.0.bert.pt, number of examples: 128
[2021-03-14 21:08:00,205 INFO] Loading train dataset from ../clean4_data2/train.0.bert.pt, number of examples: 128
[2021-03-14 21:08:28,889 INFO] Loading train dataset from ../clean4_data2/train.0.bert.pt, number of examples: 128
[2021-03-14 21:08:57,825 INFO] Loading train dataset from ../clean4_data2/train.0.bert.pt, number of examples: 128
[2021-03-14 21:09:22,250 INFO] Step 18050/50000; xent: 2.15; lr: 0.0000149;   9 docs/s;    112 sec
[2021-03-14 21:09:26,898 INFO] Loading train dataset from ../clean4_data2/train.0.bert.pt, number of examples: 128
[2021-03-14 21:09:56,138 INFO] Loading train dataset from ../clean4_data2/train.0.bert.pt, number of examples: 128
[2021-03-14 21:10:25,421 INFO] Loading train dataset from ../clean4_data2/train.0.bert.pt, number of examples: 128
[2021-03-14 21:10:54,769 INFO] Loading train dataset from ../clean4_data2/train.0.bert.pt, number of examples: 128
[2021-03-14 21:11:14,794 INFO] Step 18100/50000; xent: 0.60; lr: 0.0000149;   9 docs/s;    224 sec
[2021-03-14 21:11:24,167 INFO] Loading train dataset from ../clean4_data2/train.0.bert.pt, number of examples: 128
[2021-03-14 21:11:53,626 INFO] Loading train dataset from ../clean4_data2/train.0.bert.pt, number of examples: 128
[2021-03-14 21:12:23,012 INFO] Loading train dataset from ../clean4_data2/train.0.bert.pt, number of examples: 128
[2021-03-14 21:12:52,432 INFO] Loading train dataset from ../clean4_data2/train.0.bert.pt, number of examples: 128
[2021-03-14 21:13:07,951 INFO] Step 18150/50000; xent: 0.12; lr: 0.0000148;   9 docs/s;    337 sec
[2021-03-14 21:13:21,891 INFO] Loading train dataset from ../clean4_data2/train.0.bert.pt, number of examples: 128
[2021-03-14 21:13:51,293 INFO] Loading train dataset from ../clean4_data2/train.0.bert.pt, number of examples: 128
[2021-03-14 21:14:20,693 INFO] Loading train dataset from ../clean4_data2/train.0.bert.pt, number of examples: 128
[2021-03-14 21:14:50,065 INFO] Loading train dataset from ../clean4_data2/train.0.bert.pt, number of examples: 128
[2021-03-14 21:15:00,757 INFO] Step 18200/50000; xent: 0.05; lr: 0.0000148;   9 docs/s;    450 sec
[2021-03-14 21:15:19,427 INFO] Loading train dataset from ../clean4_data2/train.0.bert.pt, number of examples: 128
[2021-03-14 21:15:48,823 INFO] Loading train dataset from ../clean4_data2/train.0.bert.pt, number of examples: 128
[2021-03-14 21:16:18,171 INFO] Loading train dataset from ../clean4_data2/train.0.bert.pt, number of examples: 128
[2021-03-14 21:16:47,542 INFO] Loading train dataset from ../clean4_data2/train.0.bert.pt, number of examples: 128
[2021-03-14 21:16:53,608 INFO] Step 18250/50000; xent: 0.12; lr: 0.0000148;   9 docs/s;    563 sec
[2021-03-14 21:17:16,923 INFO] Loading train dataset from ../clean4_data2/train.0.bert.pt, number of examples: 128
[2021-03-14 21:17:46,250 INFO] Loading train dataset from ../clean4_data2/train.0.bert.pt, number of examples: 128
[2021-03-14 21:18:15,584 INFO] Loading train dataset from ../clean4_data2/train.0.bert.pt, number of examples: 128
[2021-03-14 21:18:44,909 INFO] Loading train dataset from ../clean4_data2/train.0.bert.pt, number of examples: 128
[2021-03-14 21:18:47,206 INFO] Step 18300/50000; xent: 0.07; lr: 0.0000148;   9 docs/s;    677 sec
[2021-03-14 21:18:47,208 INFO] Saving checkpoint ../clean4_models/model_step_18300.pt
[2021-03-14 21:19:15,534 INFO] Loading train dataset from ../clean4_data2/train.0.bert.pt, number of examples: 128
[2021-03-14 21:19:44,852 INFO] Loading train dataset from ../clean4_data2/train.0.bert.pt, number of examples: 128
[2021-03-14 21:20:14,218 INFO] Loading train dataset from ../clean4_data2/train.0.bert.pt, number of examples: 128
[2021-03-14 21:20:41,233 INFO] Step 18350/50000; xent: 0.02; lr: 0.0000148;   9 docs/s;    791 sec
[2021-03-14 21:20:43,585 INFO] Loading train dataset from ../clean4_data2/train.0.bert.pt, number of examples: 128
[2021-03-14 21:21:12,926 INFO] Loading train dataset from ../clean4_data2/train.0.bert.pt, number of examples: 128
[2021-03-14 21:21:42,325 INFO] Loading train dataset from ../clean4_data2/train.0.bert.pt, number of examples: 128
[2021-03-14 21:22:11,645 INFO] Loading train dataset from ../clean4_data2/train.0.bert.pt, number of examples: 128
[2021-03-14 21:22:34,007 INFO] Step 18400/50000; xent: 0.01; lr: 0.0000147;   9 docs/s;    904 sec
[2021-03-14 21:22:40,999 INFO] Loading train dataset from ../clean4_data2/train.0.bert.pt, number of examples: 128
[2021-03-14 21:23:10,371 INFO] Loading train dataset from ../clean4_data2/train.0.bert.pt, number of examples: 128
[2021-03-14 21:23:39,804 INFO] Loading train dataset from ../clean4_data2/train.0.bert.pt, number of examples: 128
[2021-03-14 21:24:09,165 INFO] Loading train dataset from ../clean4_data2/train.0.bert.pt, number of examples: 128
[2021-03-14 21:24:27,749 INFO] Step 18450/50000; xent: 0.01; lr: 0.0000147;   9 docs/s;   1017 sec
[2021-03-14 21:24:38,524 INFO] Loading train dataset from ../clean4_data2/train.0.bert.pt, number of examples: 128
[2021-03-14 21:25:07,921 INFO] Loading train dataset from ../clean4_data2/train.0.bert.pt, number of examples: 128
[2021-03-14 21:25:37,276 INFO] Loading train dataset from ../clean4_data2/train.0.bert.pt, number of examples: 128
[2021-03-14 21:26:06,595 INFO] Loading train dataset from ../clean4_data2/train.0.bert.pt, number of examples: 128
[2021-03-14 21:26:20,509 INFO] Step 18500/50000; xent: 0.00; lr: 0.0000147;   9 docs/s;   1130 sec
[2021-03-14 21:26:35,951 INFO] Loading train dataset from ../clean4_data2/train.0.bert.pt, number of examples: 128
[2021-03-14 21:27:05,329 INFO] Loading train dataset from ../clean4_data2/train.0.bert.pt, number of examples: 128
[2021-03-14 21:27:34,675 INFO] Loading train dataset from ../clean4_data2/train.0.bert.pt, number of examples: 128
[2021-03-14 21:28:04,084 INFO] Loading train dataset from ../clean4_data2/train.0.bert.pt, number of examples: 128
[2021-03-14 21:28:13,350 INFO] Step 18550/50000; xent: 0.00; lr: 0.0000147;   9 docs/s;   1243 sec
[2021-03-14 21:28:33,510 INFO] Loading train dataset from ../clean4_data2/train.0.bert.pt, number of examples: 128
[2021-03-14 21:29:02,910 INFO] Loading train dataset from ../clean4_data2/train.0.bert.pt, number of examples: 128
[2021-03-14 21:29:32,281 INFO] Loading train dataset from ../clean4_data2/train.0.bert.pt, number of examples: 128
[2021-03-14 21:30:01,698 INFO] Loading train dataset from ../clean4_data2/train.0.bert.pt, number of examples: 128
[2021-03-14 21:30:06,465 INFO] Step 18600/50000; xent: 0.00; lr: 0.0000147;   9 docs/s;   1356 sec
[2021-03-14 21:30:06,467 INFO] Saving checkpoint ../clean4_models/model_step_18600.pt
[2021-03-14 21:30:32,331 INFO] Loading train dataset from ../clean4_data2/train.0.bert.pt, number of examples: 128
[2021-03-14 21:31:01,772 INFO] Loading train dataset from ../clean4_data2/train.0.bert.pt, number of examples: 128
[2021-03-14 21:31:31,129 INFO] Loading train dataset from ../clean4_data2/train.0.bert.pt, number of examples: 128
[2021-03-14 21:32:00,442 INFO] Step 18650/50000; xent: 0.04; lr: 0.0000146;   9 docs/s;   1470 sec
[2021-03-14 21:32:00,481 INFO] Loading train dataset from ../clean4_data2/train.0.bert.pt, number of examples: 128
[2021-03-14 21:32:29,794 INFO] Loading train dataset from ../clean4_data2/train.0.bert.pt, number of examples: 128
[2021-03-14 21:32:59,187 INFO] Loading train dataset from ../clean4_data2/train.0.bert.pt, number of examples: 128
[2021-03-14 21:33:28,577 INFO] Loading train dataset from ../clean4_data2/train.0.bert.pt, number of examples: 128
[2021-03-14 21:33:53,249 INFO] Step 18700/50000; xent: 0.05; lr: 0.0000146;   9 docs/s;   1583 sec
[2021-03-14 21:33:57,943 INFO] Loading train dataset from ../clean4_data2/train.0.bert.pt, number of examples: 128
[2021-03-14 21:34:27,290 INFO] Loading train dataset from ../clean4_data2/train.0.bert.pt, number of examples: 128
[2021-03-14 21:34:56,670 INFO] Loading train dataset from ../clean4_data2/train.0.bert.pt, number of examples: 128
[2021-03-14 21:35:26,026 INFO] Loading train dataset from ../clean4_data2/train.0.bert.pt, number of examples: 128
[2021-03-14 21:35:46,084 INFO] Step 18750/50000; xent: 0.02; lr: 0.0000146;   9 docs/s;   1696 sec
[2021-03-14 21:35:55,391 INFO] Loading train dataset from ../clean4_data2/train.0.bert.pt, number of examples: 128
[2021-03-14 21:36:24,741 INFO] Loading train dataset from ../clean4_data2/train.0.bert.pt, number of examples: 128
[2021-03-14 21:36:54,102 INFO] Loading train dataset from ../clean4_data2/train.0.bert.pt, number of examples: 128
[2021-03-14 21:37:23,490 INFO] Loading train dataset from ../clean4_data2/train.0.bert.pt, number of examples: 128
[2021-03-14 21:37:38,941 INFO] Step 18800/50000; xent: 0.03; lr: 0.0000146;   9 docs/s;   1808 sec
[2021-03-14 21:37:52,798 INFO] Loading train dataset from ../clean4_data2/train.0.bert.pt, number of examples: 128
[2021-03-14 21:38:22,160 INFO] Loading train dataset from ../clean4_data2/train.0.bert.pt, number of examples: 128
[2021-03-14 21:38:51,501 INFO] Loading train dataset from ../clean4_data2/train.0.bert.pt, number of examples: 128
[2021-03-14 21:39:20,856 INFO] Loading train dataset from ../clean4_data2/train.0.bert.pt, number of examples: 128
[2021-03-14 21:39:31,562 INFO] Step 18850/50000; xent: 0.02; lr: 0.0000146;   9 docs/s;   1921 sec
[2021-03-14 21:39:50,257 INFO] Loading train dataset from ../clean4_data2/train.0.bert.pt, number of examples: 128
[2021-03-14 21:40:19,610 INFO] Loading train dataset from ../clean4_data2/train.0.bert.pt, number of examples: 128
[2021-03-14 21:40:48,986 INFO] Loading train dataset from ../clean4_data2/train.0.bert.pt, number of examples: 128
[2021-03-14 21:41:18,353 INFO] Loading train dataset from ../clean4_data2/train.0.bert.pt, number of examples: 128
[2021-03-14 21:41:24,423 INFO] Step 18900/50000; xent: 0.00; lr: 0.0000145;   9 docs/s;   2034 sec
[2021-03-14 21:41:24,425 INFO] Saving checkpoint ../clean4_models/model_step_18900.pt
[2021-03-14 21:41:48,991 INFO] Loading train dataset from ../clean4_data2/train.0.bert.pt, number of examples: 128
