[2021-03-15 04:19:06,609 INFO] Device ID 0
[2021-03-15 04:19:06,609 INFO] Device cuda
[2021-03-15 04:19:06,931 INFO] Loading checkpoint from ../baseline_models/model_step_18000.pt
[2021-03-15 04:19:58,020 INFO] loading configuration file https://s3.amazonaws.com/models.huggingface.co/bert/bert-base-uncased-config.json from cache at ../temp/4dad0251492946e18ac39290fcfe91b89d370fee250efe9521476438fe8ca185.7156163d5fdc189c3016baca0775ffce230789d7fa2a42ef516483e4ca884517
[2021-03-15 04:19:58,038 INFO] Model config {
  "architectures": [
    "BertForMaskedLM"
  ],
  "attention_probs_dropout_prob": 0.1,
  "finetuning_task": null,
  "hidden_act": "gelu",
  "hidden_dropout_prob": 0.1,
  "hidden_size": 768,
  "initializer_range": 0.02,
  "intermediate_size": 3072,
  "layer_norm_eps": 1e-12,
  "max_position_embeddings": 512,
  "model_type": "bert",
  "num_attention_heads": 12,
  "num_hidden_layers": 12,
  "num_labels": 2,
  "output_attentions": false,
  "output_hidden_states": false,
  "pad_token_id": 0,
  "pruned_heads": {},
  "torchscript": false,
  "type_vocab_size": 2,
  "vocab_size": 30522
}

[2021-03-15 04:19:58,071 INFO] loading weights file https://s3.amazonaws.com/models.huggingface.co/bert/bert-base-uncased-pytorch_model.bin from cache at ../temp/aa1ef1aede4482d0dbcd4d52baad8ae300e60902e88fcb0bebdec09afd232066.36ca03ab34a1a5d5fa7bc3d03d55c4fa650fed07220e2eeebc06ce58d0e9a157
[2021-03-15 04:20:26,448 INFO] ExtSummarizer(
  (bert): Bert(
    (model): BertModel(
      (embeddings): BertEmbeddings(
        (word_embeddings): Embedding(30522, 768, padding_idx=0)
        (position_embeddings): Embedding(512, 768)
        (token_type_embeddings): Embedding(2, 768)
        (LayerNorm): LayerNorm(torch.Size([768]), eps=1e-12, elementwise_affine=True)
        (dropout): Dropout(p=0.1)
      )
      (encoder): BertEncoder(
        (layer): ModuleList(
          (0): BertLayer(
            (attention): BertAttention(
              (self): BertSelfAttention(
                (query): Linear(in_features=768, out_features=768, bias=True)
                (key): Linear(in_features=768, out_features=768, bias=True)
                (value): Linear(in_features=768, out_features=768, bias=True)
                (dropout): Dropout(p=0.1)
              )
              (output): BertSelfOutput(
                (dense): Linear(in_features=768, out_features=768, bias=True)
                (LayerNorm): LayerNorm(torch.Size([768]), eps=1e-12, elementwise_affine=True)
                (dropout): Dropout(p=0.1)
              )
            )
            (intermediate): BertIntermediate(
              (dense): Linear(in_features=768, out_features=3072, bias=True)
            )
            (output): BertOutput(
              (dense): Linear(in_features=3072, out_features=768, bias=True)
              (LayerNorm): LayerNorm(torch.Size([768]), eps=1e-12, elementwise_affine=True)
              (dropout): Dropout(p=0.1)
            )
          )
          (1): BertLayer(
            (attention): BertAttention(
              (self): BertSelfAttention(
                (query): Linear(in_features=768, out_features=768, bias=True)
                (key): Linear(in_features=768, out_features=768, bias=True)
                (value): Linear(in_features=768, out_features=768, bias=True)
                (dropout): Dropout(p=0.1)
              )
              (output): BertSelfOutput(
                (dense): Linear(in_features=768, out_features=768, bias=True)
                (LayerNorm): LayerNorm(torch.Size([768]), eps=1e-12, elementwise_affine=True)
                (dropout): Dropout(p=0.1)
              )
            )
            (intermediate): BertIntermediate(
              (dense): Linear(in_features=768, out_features=3072, bias=True)
            )
            (output): BertOutput(
              (dense): Linear(in_features=3072, out_features=768, bias=True)
              (LayerNorm): LayerNorm(torch.Size([768]), eps=1e-12, elementwise_affine=True)
              (dropout): Dropout(p=0.1)
            )
          )
          (2): BertLayer(
            (attention): BertAttention(
              (self): BertSelfAttention(
                (query): Linear(in_features=768, out_features=768, bias=True)
                (key): Linear(in_features=768, out_features=768, bias=True)
                (value): Linear(in_features=768, out_features=768, bias=True)
                (dropout): Dropout(p=0.1)
              )
              (output): BertSelfOutput(
                (dense): Linear(in_features=768, out_features=768, bias=True)
                (LayerNorm): LayerNorm(torch.Size([768]), eps=1e-12, elementwise_affine=True)
                (dropout): Dropout(p=0.1)
              )
            )
            (intermediate): BertIntermediate(
              (dense): Linear(in_features=768, out_features=3072, bias=True)
            )
            (output): BertOutput(
              (dense): Linear(in_features=3072, out_features=768, bias=True)
              (LayerNorm): LayerNorm(torch.Size([768]), eps=1e-12, elementwise_affine=True)
              (dropout): Dropout(p=0.1)
            )
          )
          (3): BertLayer(
            (attention): BertAttention(
              (self): BertSelfAttention(
                (query): Linear(in_features=768, out_features=768, bias=True)
                (key): Linear(in_features=768, out_features=768, bias=True)
                (value): Linear(in_features=768, out_features=768, bias=True)
                (dropout): Dropout(p=0.1)
              )
              (output): BertSelfOutput(
                (dense): Linear(in_features=768, out_features=768, bias=True)
                (LayerNorm): LayerNorm(torch.Size([768]), eps=1e-12, elementwise_affine=True)
                (dropout): Dropout(p=0.1)
              )
            )
            (intermediate): BertIntermediate(
              (dense): Linear(in_features=768, out_features=3072, bias=True)
            )
            (output): BertOutput(
              (dense): Linear(in_features=3072, out_features=768, bias=True)
              (LayerNorm): LayerNorm(torch.Size([768]), eps=1e-12, elementwise_affine=True)
              (dropout): Dropout(p=0.1)
            )
          )
          (4): BertLayer(
            (attention): BertAttention(
              (self): BertSelfAttention(
                (query): Linear(in_features=768, out_features=768, bias=True)
                (key): Linear(in_features=768, out_features=768, bias=True)
                (value): Linear(in_features=768, out_features=768, bias=True)
                (dropout): Dropout(p=0.1)
              )
              (output): BertSelfOutput(
                (dense): Linear(in_features=768, out_features=768, bias=True)
                (LayerNorm): LayerNorm(torch.Size([768]), eps=1e-12, elementwise_affine=True)
                (dropout): Dropout(p=0.1)
              )
            )
            (intermediate): BertIntermediate(
              (dense): Linear(in_features=768, out_features=3072, bias=True)
            )
            (output): BertOutput(
              (dense): Linear(in_features=3072, out_features=768, bias=True)
              (LayerNorm): LayerNorm(torch.Size([768]), eps=1e-12, elementwise_affine=True)
              (dropout): Dropout(p=0.1)
            )
          )
          (5): BertLayer(
            (attention): BertAttention(
              (self): BertSelfAttention(
                (query): Linear(in_features=768, out_features=768, bias=True)
                (key): Linear(in_features=768, out_features=768, bias=True)
                (value): Linear(in_features=768, out_features=768, bias=True)
                (dropout): Dropout(p=0.1)
              )
              (output): BertSelfOutput(
                (dense): Linear(in_features=768, out_features=768, bias=True)
                (LayerNorm): LayerNorm(torch.Size([768]), eps=1e-12, elementwise_affine=True)
                (dropout): Dropout(p=0.1)
              )
            )
            (intermediate): BertIntermediate(
              (dense): Linear(in_features=768, out_features=3072, bias=True)
            )
            (output): BertOutput(
              (dense): Linear(in_features=3072, out_features=768, bias=True)
              (LayerNorm): LayerNorm(torch.Size([768]), eps=1e-12, elementwise_affine=True)
              (dropout): Dropout(p=0.1)
            )
          )
          (6): BertLayer(
            (attention): BertAttention(
              (self): BertSelfAttention(
                (query): Linear(in_features=768, out_features=768, bias=True)
                (key): Linear(in_features=768, out_features=768, bias=True)
                (value): Linear(in_features=768, out_features=768, bias=True)
                (dropout): Dropout(p=0.1)
              )
              (output): BertSelfOutput(
                (dense): Linear(in_features=768, out_features=768, bias=True)
                (LayerNorm): LayerNorm(torch.Size([768]), eps=1e-12, elementwise_affine=True)
                (dropout): Dropout(p=0.1)
              )
            )
            (intermediate): BertIntermediate(
              (dense): Linear(in_features=768, out_features=3072, bias=True)
            )
            (output): BertOutput(
              (dense): Linear(in_features=3072, out_features=768, bias=True)
              (LayerNorm): LayerNorm(torch.Size([768]), eps=1e-12, elementwise_affine=True)
              (dropout): Dropout(p=0.1)
            )
          )
          (7): BertLayer(
            (attention): BertAttention(
              (self): BertSelfAttention(
                (query): Linear(in_features=768, out_features=768, bias=True)
                (key): Linear(in_features=768, out_features=768, bias=True)
                (value): Linear(in_features=768, out_features=768, bias=True)
                (dropout): Dropout(p=0.1)
              )
              (output): BertSelfOutput(
                (dense): Linear(in_features=768, out_features=768, bias=True)
                (LayerNorm): LayerNorm(torch.Size([768]), eps=1e-12, elementwise_affine=True)
                (dropout): Dropout(p=0.1)
              )
            )
            (intermediate): BertIntermediate(
              (dense): Linear(in_features=768, out_features=3072, bias=True)
            )
            (output): BertOutput(
              (dense): Linear(in_features=3072, out_features=768, bias=True)
              (LayerNorm): LayerNorm(torch.Size([768]), eps=1e-12, elementwise_affine=True)
              (dropout): Dropout(p=0.1)
            )
          )
          (8): BertLayer(
            (attention): BertAttention(
              (self): BertSelfAttention(
                (query): Linear(in_features=768, out_features=768, bias=True)
                (key): Linear(in_features=768, out_features=768, bias=True)
                (value): Linear(in_features=768, out_features=768, bias=True)
                (dropout): Dropout(p=0.1)
              )
              (output): BertSelfOutput(
                (dense): Linear(in_features=768, out_features=768, bias=True)
                (LayerNorm): LayerNorm(torch.Size([768]), eps=1e-12, elementwise_affine=True)
                (dropout): Dropout(p=0.1)
              )
            )
            (intermediate): BertIntermediate(
              (dense): Linear(in_features=768, out_features=3072, bias=True)
            )
            (output): BertOutput(
              (dense): Linear(in_features=3072, out_features=768, bias=True)
              (LayerNorm): LayerNorm(torch.Size([768]), eps=1e-12, elementwise_affine=True)
              (dropout): Dropout(p=0.1)
            )
          )
          (9): BertLayer(
            (attention): BertAttention(
              (self): BertSelfAttention(
                (query): Linear(in_features=768, out_features=768, bias=True)
                (key): Linear(in_features=768, out_features=768, bias=True)
                (value): Linear(in_features=768, out_features=768, bias=True)
                (dropout): Dropout(p=0.1)
              )
              (output): BertSelfOutput(
                (dense): Linear(in_features=768, out_features=768, bias=True)
                (LayerNorm): LayerNorm(torch.Size([768]), eps=1e-12, elementwise_affine=True)
                (dropout): Dropout(p=0.1)
              )
            )
            (intermediate): BertIntermediate(
              (dense): Linear(in_features=768, out_features=3072, bias=True)
            )
            (output): BertOutput(
              (dense): Linear(in_features=3072, out_features=768, bias=True)
              (LayerNorm): LayerNorm(torch.Size([768]), eps=1e-12, elementwise_affine=True)
              (dropout): Dropout(p=0.1)
            )
          )
          (10): BertLayer(
            (attention): BertAttention(
              (self): BertSelfAttention(
                (query): Linear(in_features=768, out_features=768, bias=True)
                (key): Linear(in_features=768, out_features=768, bias=True)
                (value): Linear(in_features=768, out_features=768, bias=True)
                (dropout): Dropout(p=0.1)
              )
              (output): BertSelfOutput(
                (dense): Linear(in_features=768, out_features=768, bias=True)
                (LayerNorm): LayerNorm(torch.Size([768]), eps=1e-12, elementwise_affine=True)
                (dropout): Dropout(p=0.1)
              )
            )
            (intermediate): BertIntermediate(
              (dense): Linear(in_features=768, out_features=3072, bias=True)
            )
            (output): BertOutput(
              (dense): Linear(in_features=3072, out_features=768, bias=True)
              (LayerNorm): LayerNorm(torch.Size([768]), eps=1e-12, elementwise_affine=True)
              (dropout): Dropout(p=0.1)
            )
          )
          (11): BertLayer(
            (attention): BertAttention(
              (self): BertSelfAttention(
                (query): Linear(in_features=768, out_features=768, bias=True)
                (key): Linear(in_features=768, out_features=768, bias=True)
                (value): Linear(in_features=768, out_features=768, bias=True)
                (dropout): Dropout(p=0.1)
              )
              (output): BertSelfOutput(
                (dense): Linear(in_features=768, out_features=768, bias=True)
                (LayerNorm): LayerNorm(torch.Size([768]), eps=1e-12, elementwise_affine=True)
                (dropout): Dropout(p=0.1)
              )
            )
            (intermediate): BertIntermediate(
              (dense): Linear(in_features=768, out_features=3072, bias=True)
            )
            (output): BertOutput(
              (dense): Linear(in_features=3072, out_features=768, bias=True)
              (LayerNorm): LayerNorm(torch.Size([768]), eps=1e-12, elementwise_affine=True)
              (dropout): Dropout(p=0.1)
            )
          )
        )
      )
      (pooler): BertPooler(
        (dense): Linear(in_features=768, out_features=768, bias=True)
        (activation): Tanh()
      )
    )
  )
  (ext_layer): ExtTransformerEncoder(
    (pos_emb): PositionalEncoding(
      (dropout): Dropout(p=0.1)
    )
    (transformer_inter): ModuleList(
      (0): TransformerEncoderLayer(
        (self_attn): MultiHeadedAttention(
          (linear_keys): Linear(in_features=768, out_features=768, bias=True)
          (linear_values): Linear(in_features=768, out_features=768, bias=True)
          (linear_query): Linear(in_features=768, out_features=768, bias=True)
          (softmax): Softmax()
          (dropout): Dropout(p=0.1)
          (final_linear): Linear(in_features=768, out_features=768, bias=True)
        )
        (feed_forward): PositionwiseFeedForward(
          (w_1): Linear(in_features=768, out_features=2048, bias=True)
          (w_2): Linear(in_features=2048, out_features=768, bias=True)
          (layer_norm): LayerNorm(torch.Size([768]), eps=1e-06, elementwise_affine=True)
          (dropout_1): Dropout(p=0.1)
          (dropout_2): Dropout(p=0.1)
        )
        (layer_norm): LayerNorm(torch.Size([768]), eps=1e-06, elementwise_affine=True)
        (dropout): Dropout(p=0.1)
      )
      (1): TransformerEncoderLayer(
        (self_attn): MultiHeadedAttention(
          (linear_keys): Linear(in_features=768, out_features=768, bias=True)
          (linear_values): Linear(in_features=768, out_features=768, bias=True)
          (linear_query): Linear(in_features=768, out_features=768, bias=True)
          (softmax): Softmax()
          (dropout): Dropout(p=0.1)
          (final_linear): Linear(in_features=768, out_features=768, bias=True)
        )
        (feed_forward): PositionwiseFeedForward(
          (w_1): Linear(in_features=768, out_features=2048, bias=True)
          (w_2): Linear(in_features=2048, out_features=768, bias=True)
          (layer_norm): LayerNorm(torch.Size([768]), eps=1e-06, elementwise_affine=True)
          (dropout_1): Dropout(p=0.1)
          (dropout_2): Dropout(p=0.1)
        )
        (layer_norm): LayerNorm(torch.Size([768]), eps=1e-06, elementwise_affine=True)
        (dropout): Dropout(p=0.1)
      )
    )
    (dropout): Dropout(p=0.1)
    (layer_norm): LayerNorm(torch.Size([768]), eps=1e-06, elementwise_affine=True)
    (wo): Linear(in_features=768, out_features=1, bias=True)
    (sigmoid): Sigmoid()
  )
)
[2021-03-15 04:20:26,454 INFO] * number of parameters: 120512513
[2021-03-15 04:20:26,454 INFO] Start training...
[2021-03-15 04:20:26,462 INFO] Loading train dataset from ../trial_clean_aug0/clean_aug0_data2/train.0.bert.pt, number of examples: 168
[2021-03-15 04:21:03,465 INFO] Loading train dataset from ../trial_clean_aug0/clean_aug0_data2/train.0.bert.pt, number of examples: 168
[2021-03-15 04:21:41,071 INFO] Loading train dataset from ../trial_clean_aug0/clean_aug0_data2/train.0.bert.pt, number of examples: 168
[2021-03-15 04:22:16,576 INFO] Loading train dataset from ../trial_clean_aug0/clean_aug0_data2/train.0.bert.pt, number of examples: 168
[2021-03-15 04:22:26,474 INFO] Step 18050/50000; xent: 2.26; lr: 0.0000149;   9 docs/s;    120 sec
[2021-03-15 04:22:55,020 INFO] Loading train dataset from ../trial_clean_aug0/clean_aug0_data2/train.0.bert.pt, number of examples: 168
[2021-03-15 04:23:31,299 INFO] Loading train dataset from ../trial_clean_aug0/clean_aug0_data2/train.0.bert.pt, number of examples: 168
[2021-03-15 04:24:10,030 INFO] Loading train dataset from ../trial_clean_aug0/clean_aug0_data2/train.0.bert.pt, number of examples: 168
[2021-03-15 04:24:27,091 INFO] Step 18100/50000; xent: 1.11; lr: 0.0000149;   9 docs/s;    241 sec
[2021-03-15 04:24:46,639 INFO] Loading train dataset from ../trial_clean_aug0/clean_aug0_data2/train.0.bert.pt, number of examples: 168
[2021-03-15 04:25:25,588 INFO] Loading train dataset from ../trial_clean_aug0/clean_aug0_data2/train.0.bert.pt, number of examples: 168
[2021-03-15 04:26:02,314 INFO] Loading train dataset from ../trial_clean_aug0/clean_aug0_data2/train.0.bert.pt, number of examples: 168
[2021-03-15 04:26:29,281 INFO] Step 18150/50000; xent: 0.31; lr: 0.0000148;   9 docs/s;    363 sec
[2021-03-15 04:26:41,352 INFO] Loading train dataset from ../trial_clean_aug0/clean_aug0_data2/train.0.bert.pt, number of examples: 168
[2021-03-15 04:27:18,157 INFO] Loading train dataset from ../trial_clean_aug0/clean_aug0_data2/train.0.bert.pt, number of examples: 168
[2021-03-15 04:27:57,345 INFO] Loading train dataset from ../trial_clean_aug0/clean_aug0_data2/train.0.bert.pt, number of examples: 168
[2021-03-15 04:28:31,628 INFO] Step 18200/50000; xent: 0.10; lr: 0.0000148;   9 docs/s;    485 sec
[2021-03-15 04:28:34,078 INFO] Loading train dataset from ../trial_clean_aug0/clean_aug0_data2/train.0.bert.pt, number of examples: 168
[2021-03-15 04:29:13,514 INFO] Loading train dataset from ../trial_clean_aug0/clean_aug0_data2/train.0.bert.pt, number of examples: 168
[2021-03-15 04:29:50,408 INFO] Loading train dataset from ../trial_clean_aug0/clean_aug0_data2/train.0.bert.pt, number of examples: 168
[2021-03-15 04:30:29,731 INFO] Loading train dataset from ../trial_clean_aug0/clean_aug0_data2/train.0.bert.pt, number of examples: 168
[2021-03-15 04:30:35,021 INFO] Step 18250/50000; xent: 0.08; lr: 0.0000148;   9 docs/s;    609 sec
[2021-03-15 04:31:06,635 INFO] Loading train dataset from ../trial_clean_aug0/clean_aug0_data2/train.0.bert.pt, number of examples: 168
[2021-03-15 04:31:45,867 INFO] Loading train dataset from ../trial_clean_aug0/clean_aug0_data2/train.0.bert.pt, number of examples: 168
[2021-03-15 04:32:22,783 INFO] Loading train dataset from ../trial_clean_aug0/clean_aug0_data2/train.0.bert.pt, number of examples: 168
[2021-03-15 04:32:37,455 INFO] Step 18300/50000; xent: 0.09; lr: 0.0000148;   9 docs/s;    731 sec
[2021-03-15 04:32:37,457 INFO] Saving checkpoint ../trial_clean_aug0/clean_aug0_models/model_step_18300.pt
[2021-03-15 04:33:03,452 INFO] Loading train dataset from ../trial_clean_aug0/clean_aug0_data2/train.0.bert.pt, number of examples: 168
[2021-03-15 04:33:40,309 INFO] Loading train dataset from ../trial_clean_aug0/clean_aug0_data2/train.0.bert.pt, number of examples: 168
[2021-03-15 04:34:19,546 INFO] Loading train dataset from ../trial_clean_aug0/clean_aug0_data2/train.0.bert.pt, number of examples: 168
[2021-03-15 04:34:41,653 INFO] Step 18350/50000; xent: 0.05; lr: 0.0000148;   9 docs/s;    855 sec
[2021-03-15 04:34:56,467 INFO] Loading train dataset from ../trial_clean_aug0/clean_aug0_data2/train.0.bert.pt, number of examples: 168
[2021-03-15 04:35:35,723 INFO] Loading train dataset from ../trial_clean_aug0/clean_aug0_data2/train.0.bert.pt, number of examples: 168
[2021-03-15 04:36:12,387 INFO] Loading train dataset from ../trial_clean_aug0/clean_aug0_data2/train.0.bert.pt, number of examples: 168
[2021-03-15 04:36:44,577 INFO] Step 18400/50000; xent: 0.06; lr: 0.0000147;   9 docs/s;    978 sec
[2021-03-15 04:36:51,856 INFO] Loading train dataset from ../trial_clean_aug0/clean_aug0_data2/train.0.bert.pt, number of examples: 168
[2021-03-15 04:37:28,746 INFO] Loading train dataset from ../trial_clean_aug0/clean_aug0_data2/train.0.bert.pt, number of examples: 168
[2021-03-15 04:38:07,902 INFO] Loading train dataset from ../trial_clean_aug0/clean_aug0_data2/train.0.bert.pt, number of examples: 168
[2021-03-15 04:38:44,641 INFO] Loading train dataset from ../trial_clean_aug0/clean_aug0_data2/train.0.bert.pt, number of examples: 168
[2021-03-15 04:38:47,068 INFO] Step 18450/50000; xent: 0.03; lr: 0.0000147;   9 docs/s;   1101 sec
[2021-03-15 04:39:23,997 INFO] Loading train dataset from ../trial_clean_aug0/clean_aug0_data2/train.0.bert.pt, number of examples: 168
[2021-03-15 04:40:00,799 INFO] Loading train dataset from ../trial_clean_aug0/clean_aug0_data2/train.0.bert.pt, number of examples: 168
[2021-03-15 04:40:39,973 INFO] Loading train dataset from ../trial_clean_aug0/clean_aug0_data2/train.0.bert.pt, number of examples: 168
[2021-03-15 04:40:49,890 INFO] Step 18500/50000; xent: 0.00; lr: 0.0000147;   9 docs/s;   1223 sec
[2021-03-15 04:41:16,871 INFO] Loading train dataset from ../trial_clean_aug0/clean_aug0_data2/train.0.bert.pt, number of examples: 168
[2021-03-15 04:41:56,122 INFO] Loading train dataset from ../trial_clean_aug0/clean_aug0_data2/train.0.bert.pt, number of examples: 168
[2021-03-15 04:42:33,061 INFO] Loading train dataset from ../trial_clean_aug0/clean_aug0_data2/train.0.bert.pt, number of examples: 168
[2021-03-15 04:42:52,906 INFO] Step 18550/50000; xent: 0.01; lr: 0.0000147;   9 docs/s;   1346 sec
[2021-03-15 04:43:12,267 INFO] Loading train dataset from ../trial_clean_aug0/clean_aug0_data2/train.0.bert.pt, number of examples: 168
[2021-03-15 04:43:49,203 INFO] Loading train dataset from ../trial_clean_aug0/clean_aug0_data2/train.0.bert.pt, number of examples: 168
[2021-03-15 04:44:28,423 INFO] Loading train dataset from ../trial_clean_aug0/clean_aug0_data2/train.0.bert.pt, number of examples: 168
[2021-03-15 04:44:55,604 INFO] Step 18600/50000; xent: 0.01; lr: 0.0000147;   9 docs/s;   1469 sec
[2021-03-15 04:44:55,606 INFO] Saving checkpoint ../trial_clean_aug0/clean_aug0_models/model_step_18600.pt
[2021-03-15 04:45:06,742 INFO] Loading train dataset from ../trial_clean_aug0/clean_aug0_data2/train.0.bert.pt, number of examples: 168
